 ====================================================================================================
   THERMO TABLE FOR MOLECULE H2
 ====================================================================================================
   Elemental Composition:
     H 2
   Formation Enthalpy at 298K =          0.00165253 kcal/mol
   Formation Free Gibbs Energy at 298K = -9.29891 kcal/mol
   Molecular Weight =                    2.016 kg/kmol
 -----------------------------------------------------------------------------------------------------
   Temperature       Cp             H             G            S             DH            DG         
       [K]       [cal/mol/K]    [kcal/mol]    [kcal/mol]  [cal/(mol-K)]  [kcal/mol]     [kcal/mol]    
 -----------------------------------------------------------------------------------------------------
     300.0000      6.9011        0.0155        -9.3614       31.2561       0.0138        -0.0625       
     600.0000      7.0078        2.1061        -19.5434      36.0826       2.1045        -10.2445      
     800.0000      7.0853        3.5143        -26.9718      38.1077       3.5127        -17.6729      
     1000.0000     7.2222        4.9443        -34.7582      39.7025       4.9426        -25.4593      
     1200.0000     7.3992        6.4059        -42.8354      41.0344       6.4042        -33.5365      
     1400.0000     7.5981        7.9054        -51.1603      42.1898       7.9037        -41.8614      
     1600.0000     7.8039        9.4456        -59.7029      43.2178       9.4439        -50.4040      
     1800.0000     8.0050        11.0266       -68.4410      44.1487       11.0250       -59.1421      
     2000.0000     8.1926        12.6467       -77.3572      45.0019       12.6450       -68.0583      
     2200.0000     8.3614        14.3024       -86.4375      45.7909       14.3008       -77.1386      
     2400.0000     8.5092        15.9898       -95.6699      46.5249       15.9882       -86.3710      
     2600.0000     8.6369        17.7047       -105.0442     47.2111       17.7031       -95.7453      
 -----------------------------------------------------------------------------------------------------


 ====================================================================================================
   THERMO TABLE FOR MOLECULE CH4
 ====================================================================================================
   Elemental Composition:
     C 1.0000
     H 4.0000
   Formation Enthalpy at 298K =          -17.8876 kcal/mol
   Formation Free Gibbs Energy at 298K = -31.1413 kcal/mol
   Molecular Weight =                    16.0430 kg/kmol
 -----------------------------------------------------------------------------------------------------
   Temperature       Cp             H             G            S             DH            DG         
       [K]       [cal/mol/K]    [kcal/mol]    [kcal/mol]  [cal/(mol-K)]  [kcal/mol]     [kcal/mol]    
 -----------------------------------------------------------------------------------------------------
     300.0000      8.4902        -17.8707      -31.2303      44.5320       0.0170        -0.0890       
     600.0000      12.4724       -14.7329      -45.7066      51.6230       3.1548        -14.5654      
     800.0000      15.0041       -11.9801      -56.4322      55.5651       5.9075        -25.2909      
     1000.0000     17.1472       -8.7575       -67.9092      59.1517       9.1301        -36.7679      
     1200.0000     18.8453       -5.1512       -80.0726      62.4345       12.7364       -48.9314      
     1400.0000     20.1631       -1.2447       -92.8647      65.4429       16.6429       -61.7234      
     1600.0000     21.1795       2.8940        -106.2333     68.2046       20.7816       -75.0921      
     1800.0000     21.9628       7.2116        -120.1319     70.7464       25.0992       -88.9906      
     2000.0000     22.5709       11.6674       -134.5189     73.0932       29.5551       -103.3776     
     2200.0000     23.0508       16.2314       -149.3577     75.2678       34.1190       -118.2164     
     2400.0000     23.4390       20.8817       -164.6159     77.2906       38.7693       -133.4746     
     2600.0000     23.7612       25.6026       -180.2650     79.1799       43.4902       -149.1238     
 -----------------------------------------------------------------------------------------------------


 ====================================================================================================
   THERMO TABLE FOR MOLECULE C2H2
 ====================================================================================================
   Elemental Composition:
     C 2.0000
     H 2.0000
   Formation Enthalpy at 298K =          54.1918 kcal/mol
   Formation Free Gibbs Energy at 298K = 39.8849 kcal/mol
   Molecular Weight =                    26.0380 kg/kmol
 -----------------------------------------------------------------------------------------------------
   Temperature       Cp             H             G            S             DH            DG         
       [K]       [cal/mol/K]    [kcal/mol]    [kcal/mol]  [cal/(mol-K)]  [kcal/mol]     [kcal/mol]    
 -----------------------------------------------------------------------------------------------------
     300.0000      10.6165       54.2130       39.7889       48.0806       0.0212        -0.0961       
     600.0000      13.9479       57.9558       23.9987       56.5953       3.7640        -15.8863      
     800.0000      15.2727       60.8847       12.2454       60.7991       6.6928        -27.6395      
     1000.0000     16.3157       64.0466       -0.2759       64.3226       9.8548        -40.1609      
     1200.0000     17.1976       67.4004       -13.4526      67.3775       13.2086       -53.3375      
     1400.0000     17.9417       70.9165       -27.2039      70.0860       16.7247       -67.0889      
     1600.0000     18.5656       74.5691       -41.4690      72.5238       20.3773       -81.3539      
     1800.0000     19.0855       78.3358       -56.1988      74.7415       24.1440       -96.0838      
     2000.0000     19.5168       82.1974       -71.3533      76.7753       28.0055       -111.2383     
     2200.0000     19.8738       86.1376       -86.8985      78.6528       31.9457       -126.7835     
     2400.0000     20.1701       90.1429       -102.8054     80.3951       35.9510       -142.6904     
     2600.0000     20.4178       94.2024       -119.0487     82.0197       40.0105       -158.9337     
 -----------------------------------------------------------------------------------------------------


 ====================================================================================================
   THERMO TABLE FOR MOLECULE C2H4
 ====================================================================================================
   Elemental Composition:
     C 2.0000
     H 4.0000
   Formation Enthalpy at 298K =          12.5212 kcal/mol
   Formation Free Gibbs Energy at 298K = -3.0834 kcal/mol
   Molecular Weight =                    28.0540 kg/kmol
 -----------------------------------------------------------------------------------------------------
   Temperature       Cp             H             G            S             DH            DG         
       [K]       [cal/mol/K]    [kcal/mol]    [kcal/mol]  [cal/(mol-K)]  [kcal/mol]     [kcal/mol]    
 -----------------------------------------------------------------------------------------------------
     300.0000      10.2416       12.5416       -3.1882       52.4327       0.0204        -0.1048       
     600.0000      16.8844       16.6756       -20.3555      61.7186       4.1544        -17.2722      
     800.0000      20.0445       20.3828       -33.2406      67.0293       7.8616        -30.1572      
     1000.0000     22.4471       24.6430       -47.1295      71.7725       12.1218       -44.0461      
     1200.0000     24.2748       29.3234       -61.9175      76.0341       16.8022       -58.8341      
     1400.0000     25.6768       34.3246       -77.5158      79.8860       21.8034       -74.4324      
     1600.0000     26.7689       39.5736       -93.8487      83.3889       27.0523       -90.7653      
     1800.0000     27.6332       45.0170       -110.8515     86.5936       32.4958       -107.7681     
     2000.0000     28.3196       50.6150       -128.4690     89.5420       38.0938       -125.3857     
     2200.0000     28.8599       56.3352       -146.6535     92.2676       43.8139       -143.5701     
     2400.0000     29.2819       62.1511       -165.3630     94.7976       49.6299       -162.2797     
     2600.0000     29.6105       68.0417       -184.5610     97.1549       55.5205       -181.4776     
 -----------------------------------------------------------------------------------------------------


 ====================================================================================================
   THERMO TABLE FOR MOLECULE C2H6
 ====================================================================================================
   Elemental Composition:
     C 2.0000
     H 6.0000
   Formation Enthalpy at 298K =          -20.0867 kcal/mol
   Formation Free Gibbs Energy at 298K = -36.3805 kcal/mol
   Molecular Weight =                    30.0700 kg/kmol
 -----------------------------------------------------------------------------------------------------
   Temperature       Cp             H             G            S             DH            DG         
       [K]       [cal/mol/K]    [kcal/mol]    [kcal/mol]  [cal/(mol-K)]  [kcal/mol]     [kcal/mol]    
 -----------------------------------------------------------------------------------------------------
     300.0000      12.3744       -20.0621      -36.4899      54.7596       0.0247        -0.1094       
     600.0000      21.3844       -14.9149      -54.6900      66.2918       5.1718        -18.3095      
     800.0000      25.7600       -10.1819      -68.6376      73.0696       9.9048        -32.2571      
     1000.0000     29.1504       -4.6765       -83.8745      79.1980       15.4102       -47.4940      
     1200.0000     31.7839       1.4278        -100.2787     84.7555       21.5146       -63.8982      
     1400.0000     33.8485       7.9992        -117.7436     89.8163       28.0859       -81.3631      
     1600.0000     35.4917       14.9392       -136.1766     94.4474       35.0260       -99.7961      
     1800.0000     36.8203       22.1750       -155.4978     98.7071       42.2617       -119.1173     
     2000.0000     37.9022       29.6509       -175.6380     102.6445      49.7377       -139.2575     
     2200.0000     38.7817       37.3224       -196.5368     106.2996      57.4091       -160.1563     
     2400.0000     39.4951       45.1525       -218.1413     109.7058      65.2393       -181.7608     
     2600.0000     40.0722       53.1113       -240.4044     112.8907      73.1981       -204.0239     
 -----------------------------------------------------------------------------------------------------


 ====================================================================================================
   THERMO TABLE FOR MOLECULE C3H2
 ====================================================================================================
   Elemental Composition:
     C 3.0000
     H 2.0000
   Formation Enthalpy at 298K =          129.5939 kcal/mol
   Formation Free Gibbs Energy at 298K = 110.2808 kcal/mol
   Molecular Weight =                    38.0490 kg/kmol
 -----------------------------------------------------------------------------------------------------
   Temperature       Cp             H             G            S             DH            DG         
       [K]       [cal/mol/K]    [kcal/mol]    [kcal/mol]  [cal/(mol-K)]  [kcal/mol]     [kcal/mol]    
 -----------------------------------------------------------------------------------------------------
     300.0000      14.9620       129.6238      110.1511      64.9091       0.0299        -0.1297       
     600.0000      17.5889       134.5526      88.8369       76.1929       4.9587        -21.4439      
     800.0000      18.7333       138.1889      73.0565       81.4154       8.5949        -37.2243      
     1000.0000     19.6619       142.0317      56.3326       85.6991       12.4377       -53.9482      
     1200.0000     20.4114       146.0417      38.8186       89.3526       16.4478       -71.4622      
     1400.0000     21.0130       150.1864      20.6221       92.5459       20.5924       -89.6587      
     1600.0000     21.4945       154.4389      1.8238        95.3844       24.8450       -108.4570     
     1800.0000     21.8797       158.7777      -17.5128      97.9392       29.1838       -127.7936     
     2000.0000     22.1889       163.1857      -37.3363      100.2610      33.5918       -147.6171     
     2200.0000     22.4387       167.6493      -57.6042      102.3880      38.0554       -167.8850     
     2400.0000     22.6419       172.1581      -78.2805      104.3494      42.5642       -188.5613     
     2600.0000     22.8078       176.7036      -99.3345      106.1685      47.1097       -209.6153     
 -----------------------------------------------------------------------------------------------------


 ====================================================================================================
   THERMO TABLE FOR MOLECULE PC3H4
 ====================================================================================================
   Elemental Composition:
     C 3.0000
     H 4.0000
   Formation Enthalpy at 298K =          44.3047 kcal/mol
   Formation Free Gibbs Energy at 298K = 26.6513 kcal/mol
   Molecular Weight =                    40.0650 kg/kmol
 -----------------------------------------------------------------------------------------------------
   Temperature       Cp             H             G            S             DH            DG         
       [K]       [cal/mol/K]    [kcal/mol]    [kcal/mol]  [cal/(mol-K)]  [kcal/mol]     [kcal/mol]    
 -----------------------------------------------------------------------------------------------------
     300.0000      14.6020       44.3339       26.5327       59.3371       0.0291        -0.1186       
     600.0000      21.8872       49.8927       6.7590        71.8896       5.5880        -19.8924      
     800.0000      25.2221       54.6189       -8.3129       78.6648       10.3142       -34.9643      
     1000.0000     27.7828       59.9304       -24.6499      84.5803       15.6257       -51.3012      
     1200.0000     29.7565       65.6930       -42.1007      89.8281       21.3883       -68.7520      
     1400.0000     31.2680       71.8022       -60.5451      94.5338       27.4975       -87.1964      
     1600.0000     32.4240       78.1765       -79.8841      98.7879       33.8718       -106.5354     
     1800.0000     33.3138       84.7541       -100.0348     102.6605      40.4494       -126.6861     
     2000.0000     34.0096       91.4892       -120.9267     106.2079      47.1845       -147.5780     
     2200.0000     34.5665       98.3487       -142.4994     109.4764      54.0440       -169.1507     
     2400.0000     35.0221       105.3090      -164.7012     112.5043      61.0043       -191.3525     
     2600.0000     35.3970       112.3522      -187.4872     115.3228      68.0475       -214.1385     
 -----------------------------------------------------------------------------------------------------


 ====================================================================================================
   THERMO TABLE FOR MOLECULE AC3H4
 ====================================================================================================
   Elemental Composition:
     C 3.0000
     H 4.0000
   Formation Enthalpy at 298K =          47.5984 kcal/mol
   Formation Free Gibbs Energy at 298K = 30.3440 kcal/mol
   Molecular Weight =                    40.0650 kg/kmol
 -----------------------------------------------------------------------------------------------------
   Temperature       Cp             H             G            S             DH            DG         
       [K]       [cal/mol/K]    [kcal/mol]    [kcal/mol]  [cal/(mol-K)]  [kcal/mol]     [kcal/mol]    
 -----------------------------------------------------------------------------------------------------
     300.0000      14.0679       47.6265       30.2281       57.9946       0.0281        -0.1159       
     600.0000      21.8237       53.0921       10.9046       70.3125       5.4937        -19.4394      
     800.0000      25.4123       57.8333       -3.8528       77.1076       10.2349       -34.1968      
     1000.0000     28.0766       63.1955       -19.8838      83.0792       15.5971       -50.2277      
     1200.0000     30.0577       69.0185       -37.0400      88.3821       21.4201       -67.3840      
     1400.0000     31.5507       75.1861       -55.1998      93.1328       27.5877       -85.5438      
     1600.0000     32.7053       81.6164       -74.2625      97.4243       34.0180       -104.6065     
     1800.0000     33.6253       88.2527       -94.1440      101.3315      40.6543       -124.4879     
     2000.0000     34.3703       95.0549       -114.7735     104.9142      47.4565       -145.1175     
     2200.0000     34.9740       101.9914      -136.0911     108.2193      54.3930       -166.4351     
     2400.0000     35.4622       109.0368      -158.0452     111.2842      61.4384       -188.3892     
     2600.0000     35.8543       116.1699      -180.5908     114.1387      68.5715       -210.9348     
 -----------------------------------------------------------------------------------------------------


 ====================================================================================================
   THERMO TABLE FOR MOLECULE C3H6
 ====================================================================================================
   Elemental Composition:
     C 3.0000
     H 6.0000
   Formation Enthalpy at 298K =          4.8511 kcal/mol
   Formation Free Gibbs Energy at 298K = -13.4682 kcal/mol
   Molecular Weight =                    42.0810 kg/kmol
 -----------------------------------------------------------------------------------------------------
   Temperature       Cp             H             G            S             DH            DG         
       [K]       [cal/mol/K]    [kcal/mol]    [kcal/mol]  [cal/(mol-K)]  [kcal/mol]     [kcal/mol]    
 -----------------------------------------------------------------------------------------------------
     300.0000      15.3150       4.8817        -13.5912      61.5763       0.0305        -0.1231       
     600.0000      25.8461       11.1665       -34.2392      75.6760       6.3153        -20.7710      
     800.0000      30.7395       16.8486       -50.2038      83.8155       11.9975       -36.7356      
     1000.0000     34.4058       23.3806       -67.7076      91.0882       18.5295       -54.2394      
     1200.0000     37.1754       30.5513       -86.5895      97.6174       25.7002       -73.1214      
     1400.0000     39.3108       38.2086       -106.7125     103.5151      33.3575       -93.2443      
     1600.0000     41.0065       46.2464       -127.9600     108.8790      41.3953       -114.4918     
     1800.0000     42.3892       54.5905       -150.2340     113.7914      49.7394       -136.7658     
     2000.0000     43.5204       63.1854       -173.4509     118.3182      58.3343       -159.9827     
     2200.0000     44.4283       71.9838       -197.5390     122.5104      67.1327       -184.0708     
     2400.0000     45.1390       80.9436       -222.4354     126.4079      76.0925       -208.9672     
     2600.0000     45.6795       90.0281       -248.0847     130.0434      85.1770       -234.6165     
 -----------------------------------------------------------------------------------------------------


 ====================================================================================================
   THERMO TABLE FOR MOLECULE C3H8
 ====================================================================================================
   Elemental Composition:
     C 3.0000
     H 8.0000
   Formation Enthalpy at 298K =          -24.8633 kcal/mol
   Formation Free Gibbs Energy at 298K = -44.0902 kcal/mol
   Molecular Weight =                    44.0970 kg/kmol
 -----------------------------------------------------------------------------------------------------
   Temperature       Cp             H             G            S             DH            DG         
       [K]       [cal/mol/K]    [kcal/mol]    [kcal/mol]  [cal/(mol-K)]  [kcal/mol]     [kcal/mol]    
 -----------------------------------------------------------------------------------------------------
     300.0000      17.4982       -24.8284      -44.2193      64.6365       0.0349        -0.1292       
     600.0000      30.7876       -17.4458      -66.1432      81.1624       7.4175        -22.0530      
     800.0000      36.9613       -10.6411      -83.3673      90.9076       14.2221       -39.2771      
     1000.0000     41.5870       -2.7643       -102.4411     99.6768       22.0990       -58.3509      
     1200.0000     45.0825       5.9185        -123.1804     107.5824      30.7818       -79.0902      
     1400.0000     47.7795       15.2157       -145.4244     114.7429      40.0790       -101.3342     
     1600.0000     49.9233       24.9936       -169.0353     121.2681      49.8569       -124.9451     
     1800.0000     51.6730       35.1590       -193.8956     127.2526      60.0222       -149.8054     
     2000.0000     53.1051       45.6418       -219.9054     132.7736      70.5050       -175.8152     
     2200.0000     54.2538       56.3821       -246.9782     137.8910      81.2454       -202.8880     
     2400.0000     55.1516       67.3265       -275.0381     142.6519      92.1898       -230.9479     
     2600.0000     55.8326       78.4283       -304.0178     147.0946      103.2916      -259.9276     
 -----------------------------------------------------------------------------------------------------


 ====================================================================================================
   THERMO TABLE FOR MOLECULE C4H2
 ====================================================================================================
   Elemental Composition:
     C 4.0000
     H 2.0000
   Formation Enthalpy at 298K =          111.7014 kcal/mol
   Formation Free Gibbs Energy at 298K = 93.8895 kcal/mol
   Molecular Weight =                    50.0600 kg/kmol
 -----------------------------------------------------------------------------------------------------
   Temperature       Cp             H             G            S             DH            DG         
       [K]       [cal/mol/K]    [kcal/mol]    [kcal/mol]  [cal/(mol-K)]  [kcal/mol]     [kcal/mol]    
 -----------------------------------------------------------------------------------------------------
     300.0000      17.7290       111.7368      93.7698       59.8899       0.0354        -0.1197       
     600.0000      23.2015       117.9841      73.5209       74.1054       6.2827        -20.3686      
     800.0000      25.1416       122.8320      57.9798       81.0653       11.1307       -35.9097      
     1000.0000     26.5227       128.0043      41.1739       86.8304       16.3029       -52.7156      
     1200.0000     27.6441       133.4244      23.3024       91.7683       21.7231       -70.5870      
     1400.0000     28.5701       139.0489      4.5067        96.1016       27.3475       -89.3828      
     1600.0000     29.3277       144.8412      -15.1072      99.9678       33.1399       -108.9966     
     1800.0000     29.9414       150.7704      -35.4555      103.4588      39.0690       -129.3449     
     2000.0000     30.4335       156.8097      -56.4700      106.6399      45.1083       -150.3595     
     2200.0000     30.8240       162.9370      -78.0940      109.5595      51.2356       -171.9835     
     2400.0000     31.1307       169.1337      -100.2790     112.2553      57.4323       -194.1684     
     2600.0000     31.3691       175.3847      -122.9832     114.7569      63.6833       -216.8727     
 -----------------------------------------------------------------------------------------------------


 ====================================================================================================
   THERMO TABLE FOR MOLECULE C4H4
 ====================================================================================================
   Elemental Composition:
     C 4.0000
     H 4.0000
   Formation Enthalpy at 298K =          67.9989 kcal/mol
   Formation Free Gibbs Energy at 298K = 48.1597 kcal/mol
   Molecular Weight =                    52.0760 kg/kmol
 -----------------------------------------------------------------------------------------------------
   Temperature       Cp             H             G            S             DH            DG         
       [K]       [cal/mol/K]    [kcal/mol]    [kcal/mol]  [cal/(mol-K)]  [kcal/mol]     [kcal/mol]    
 -----------------------------------------------------------------------------------------------------
     300.0000      17.6044       68.0340       48.0265       66.6917       0.0351        -0.1333       
     600.0000      27.0473       74.8694       25.6053       82.1069       6.8705        -22.5545      
     800.0000      30.9180       80.6895       8.3280        90.4519       12.6906       -39.8318      
     1000.0000     33.6690       87.1625       -10.5000      97.6625       19.1636       -58.6598      
     1200.0000     35.7374       94.1121       -30.6784      103.9921      26.1132       -78.8382      
     1400.0000     37.3348       101.4263      -52.0506      109.6264      33.4274       -100.2104     
     1600.0000     38.5575       109.0211      -74.4914      114.6953      41.0222       -122.6511     
     1800.0000     39.4841       116.8295      -97.8974      119.2927      48.8307       -146.0571     
     2000.0000     40.1834       124.7996      -122.1819     123.4907      56.8007       -170.3416     
     2200.0000     40.7146       132.8917      -147.2709     127.3466      64.8929       -195.4306     
     2400.0000     41.1268       141.0775      -173.1009     130.9076      73.0786       -221.2606     
     2600.0000     41.4595       149.3372      -199.6169     134.2131      81.3383       -247.7766     
 -----------------------------------------------------------------------------------------------------


 ====================================================================================================
   THERMO TABLE FOR MOLECULE C4H6
 ====================================================================================================
   Elemental Composition:
     C 4.0000
     H 6.0000
   Formation Enthalpy at 298K =          26.3095 kcal/mol
   Formation Free Gibbs Energy at 298K = 6.5296 kcal/mol
   Molecular Weight =                    54.0920 kg/kmol
 -----------------------------------------------------------------------------------------------------
   Temperature       Cp             H             G            S             DH            DG         
       [K]       [cal/mol/K]    [kcal/mol]    [kcal/mol]  [cal/(mol-K)]  [kcal/mol]     [kcal/mol]    
 -----------------------------------------------------------------------------------------------------
     300.0000      18.2753       26.3459       6.3967        66.4973       0.0364        -0.1329       
     600.0000      30.8928       33.8764       -16.1584      83.3914       7.5669        -22.6880      
     800.0000      36.4125       40.6375       -33.8253      93.0785       14.3280       -40.3549      
     1000.0000     40.3955       48.3392       -53.3157      101.6550      22.0298       -59.8454      
     1200.0000     43.3481       56.7273       -74.4248      109.2934      30.4178       -80.9544      
     1400.0000     45.6350       65.6344       -96.9813      116.1541      39.3249       -103.5109     
     1600.0000     47.4787       74.9521       -120.8437     122.3724      48.6426       -127.3733     
     1800.0000     48.9744       84.6028       -145.8946     128.0541      58.2933       -152.4242     
     2000.0000     50.1679       94.5217       -172.0349     133.2783      68.2122       -178.5645     
     2200.0000     51.1019       104.6526      -199.1794     138.1055      78.3432       -205.7091     
     2400.0000     51.8169       114.9478      -227.2538     142.5840      88.6384       -233.7835     
     2600.0000     52.3520       125.3674      -256.1925     146.7538      99.0579       -262.7221     
 -----------------------------------------------------------------------------------------------------


 ====================================================================================================
   THERMO TABLE FOR MOLECULE IC4H8
 ====================================================================================================
   Elemental Composition:
     C 4.0000
     H 8.0000
   Formation Enthalpy at 298K =          -3.8155 kcal/mol
   Formation Free Gibbs Energy at 298K = -24.6663 kcal/mol
   Molecular Weight =                    56.1080 kg/kmol
 -----------------------------------------------------------------------------------------------------
   Temperature       Cp             H             G            S             DH            DG         
       [K]       [cal/mol/K]    [kcal/mol]    [kcal/mol]  [cal/(mol-K)]  [kcal/mol]     [kcal/mol]    
 -----------------------------------------------------------------------------------------------------
     300.0000      21.5370       -3.7726       -24.8064      70.1127       0.0430        -0.1401       
     600.0000      35.3373       4.8931        -48.8565      89.5828       8.7086        -24.1902      
     800.0000      41.9054       12.6473       -67.9056      100.6911      16.4628       -43.2393      
     1000.0000     46.8863       21.5496       -89.0533      110.6029      25.3651       -64.3870      
     1200.0000     50.6525       31.3210       -112.0792     119.5002      35.1365       -87.4129      
     1400.0000     53.5125       41.7503       -136.7958     127.5330      45.5659       -112.1295     
     1600.0000     55.7106       52.6820       -163.0433     134.8283      56.4975       -138.3770     
     1800.0000     57.4273       64.0026       -190.6852     141.4932      67.8182       -166.0189     
     2000.0000     58.7811       75.6288       -219.6045     147.6167      79.4443       -194.9382     
     2200.0000     59.8515       87.4962       -249.7006     153.2713      91.3117       -225.0343     
     2400.0000     60.7023       99.5548       -280.8858     158.5169      103.3703      -256.2195     
     2600.0000     61.3835       111.7658      -313.0834     163.4036      115.5814      -288.4171     
 -----------------------------------------------------------------------------------------------------


 ====================================================================================================
   THERMO TABLE FOR MOLECULE NC4H8
 ====================================================================================================
   Elemental Composition:
     C 4.0000
     H 8.0000
   Formation Enthalpy at 298K =          -0.1437 kcal/mol
   Formation Free Gibbs Energy at 298K = -22.0573 kcal/mol
   Molecular Weight =                    56.1080 kg/kmol
 -----------------------------------------------------------------------------------------------------
   Temperature       Cp             H             G            S             DH            DG         
       [K]       [cal/mol/K]    [kcal/mol]    [kcal/mol]  [cal/(mol-K)]  [kcal/mol]     [kcal/mol]    
 -----------------------------------------------------------------------------------------------------
     300.0000      20.4076       -0.1030       -22.2045      73.6715       0.0407        -0.1472       
     600.0000      35.0083       8.3676        -47.2277      92.6588       8.5113        -25.1705      
     800.0000      41.7810       16.0782       -66.8844      103.7032      16.2219       -44.8271      
     1000.0000     46.9228       24.9716       -88.6328      113.6044      25.1154       -66.5755      
     1200.0000     50.8630       34.7676       -112.2607     122.5236      34.9113       -90.2034      
     1400.0000     53.8613       45.2542       -137.5861     130.6002      45.3979       -115.5289     
     1600.0000     56.0955       56.2612       -164.4521     137.9458      56.4050       -142.3948     
     1800.0000     57.7229       67.6520       -192.7219     144.6521      67.7957       -170.6646     
     2000.0000     58.8846       79.3194       -222.2756     150.7975      79.4631       -200.2183     
     2200.0000     59.7055       91.1831       -253.0081     156.4505      91.3269       -230.9508     
     2400.0000     60.2938       103.1861      -284.8270     161.6722      103.3299      -262.7698     
     2600.0000     60.7415       115.2913      -317.6518     166.5166      115.4351      -295.5945     
 -----------------------------------------------------------------------------------------------------


 ====================================================================================================
   THERMO TABLE FOR MOLECULE CYC5H6
 ====================================================================================================
   Elemental Composition:
     C 5.0000
     H 6.0000
   Formation Enthalpy at 298K =          32.0858 kcal/mol
   Formation Free Gibbs Energy at 298K = 12.5193 kcal/mol
   Molecular Weight =                    66.1030 kg/kmol
 -----------------------------------------------------------------------------------------------------
   Temperature       Cp             H             G            S             DH            DG         
       [K]       [cal/mol/K]    [kcal/mol]    [kcal/mol]  [cal/(mol-K)]  [kcal/mol]     [kcal/mol]    
 -----------------------------------------------------------------------------------------------------
     300.0000      18.4080       32.1224       12.3878       65.7821       0.0367        -0.1314       
     600.0000      34.8721       40.3752       -10.1395      84.1912       8.2895        -22.6588      
     800.0000      41.3829       48.0423       -28.0975      95.1747       15.9565       -40.6168      
     1000.0000     45.9432       56.7997       -48.1269      104.9267      24.7140       -60.6462      
     1200.0000     49.2645       66.3379       -69.9971      113.6125      34.2521       -82.5164      
     1400.0000     51.6872       76.4457       -93.5120      121.3984      44.3599       -106.0313     
     1600.0000     53.4666       86.9700       -118.5057     128.4223      54.8842       -131.0250     
     1800.0000     54.8072       97.8032       -144.8379     134.8006      65.7174       -157.3572     
     2000.0000     55.8630       108.8740      -172.3895     140.6318      76.7882       -184.9088     
     2200.0000     56.7374       120.1365      -201.0597     145.9982      88.0507       -213.5789     
     2400.0000     57.4828       131.5605      -230.7624     150.9679      99.4747       -243.2817     
     2600.0000     58.1015       143.1213      -261.4240     155.5943      111.0355      -273.9432     
 -----------------------------------------------------------------------------------------------------


 ====================================================================================================
   THERMO TABLE FOR MOLECULE C6H6
 ====================================================================================================
   Elemental Composition:
     C 6.0000
     H 6.0000
   Formation Enthalpy at 298K =          19.7731 kcal/mol
   Formation Free Gibbs Energy at 298K = 0.6070 kcal/mol
   Molecular Weight =                    78.1140 kg/kmol
 -----------------------------------------------------------------------------------------------------
   Temperature       Cp             H             G            S             DH            DG         
       [K]       [cal/mol/K]    [kcal/mol]    [kcal/mol]  [cal/(mol-K)]  [kcal/mol]     [kcal/mol]    
 -----------------------------------------------------------------------------------------------------
     300.0000      19.7561       19.8125       0.4782        64.4475       0.0393        -0.1288       
     600.0000      38.3596       28.7992       -21.8805      84.4662       9.0261        -22.4874      
     800.0000      45.8499       37.2704       -40.0092      96.5995       17.4973       -40.6162      
     1000.0000     50.8955       46.9769       -60.4314      107.4083      27.2038       -61.0384      
     1200.0000     54.4455       57.5295       -82.8925      117.0183      37.7564       -83.4994      
     1400.0000     57.1618       68.7001       -107.1717     125.6227      48.9270       -107.7787     
     1600.0000     59.4187       80.3642       -133.0870     133.4070      60.5911       -133.6940     
     1800.0000     61.3327       92.4449       -160.4898     140.5193      72.6718       -161.0968     
     2000.0000     62.9258       104.8759      -189.2571     147.0665      85.1028       -189.8641     
     2200.0000     64.2206       117.5953      -219.2840     153.1270      97.8222       -219.8910     
     2400.0000     65.2436       130.5460      -250.4794     158.7606      110.7729      -251.0864     
     2600.0000     66.0261       143.6767      -282.7630     164.0153      123.9036      -283.3700     
 -----------------------------------------------------------------------------------------------------


 ====================================================================================================
   THERMO TABLE FOR MOLECULE MCPTD
 ====================================================================================================
   Elemental Composition:
     C 6.0000
     H 8.0000
   Formation Enthalpy at 298K =          25.0842 kcal/mol
   Formation Free Gibbs Energy at 298K = 3.9367 kcal/mol
   Molecular Weight =                    80.1300 kg/kmol
 -----------------------------------------------------------------------------------------------------
   Temperature       Cp             H             G            S             DH            DG         
       [K]       [cal/mol/K]    [kcal/mol]    [kcal/mol]  [cal/(mol-K)]  [kcal/mol]     [kcal/mol]    
 -----------------------------------------------------------------------------------------------------
     300.0000      21.9369       25.1279       3.7946        71.1112       0.0437        -0.1421       
     600.0000      42.8500       35.1257       -20.8983      93.3734       10.0415       -24.8350      
     800.0000      51.6001       44.6253       -40.9566      106.9774      19.5411       -44.8933      
     1000.0000     57.6246       55.5846       -63.5953      119.1799      30.5004       -67.5319      
     1200.0000     61.8580       67.5563       -88.5417      130.0817      42.4721       -92.4784      
     1400.0000     64.9768       80.2541       -115.5532     139.8624      55.1699       -119.4899     
     1600.0000     67.4006       93.5013       -144.4241     148.7034      68.4170       -148.3607     
     1800.0000     69.3197       107.1808      -174.9822     156.7572      82.0966       -178.9188     
     2000.0000     70.8353       121.2023      -207.0824     164.1424      96.1181       -211.0191     
     2200.0000     72.0322       135.4937      -240.6008     170.9521      110.4095      -244.5375     
     2400.0000     72.9808       149.9987      -275.4300     177.2619      124.9144      -279.3666     
     2600.0000     73.7374       164.6733      -311.4764     183.1345      139.5890      -315.4131     
 -----------------------------------------------------------------------------------------------------


 ====================================================================================================
   THERMO TABLE FOR MOLECULE C10H8
 ====================================================================================================
   Elemental Composition:
     C 10.0000
     H 8.0000
   Formation Enthalpy at 298K =          35.9924 kcal/mol
   Formation Free Gibbs Energy at 298K = 12.0382 kcal/mol
   Molecular Weight =                    128.1740 kg/kmol
 -----------------------------------------------------------------------------------------------------
   Temperature       Cp             H             G            S             DH            DG         
       [K]       [cal/mol/K]    [kcal/mol]    [kcal/mol]  [cal/(mol-K)]  [kcal/mol]     [kcal/mol]    
 -----------------------------------------------------------------------------------------------------
     300.0000      32.6625       36.0574       11.8772       80.6008       0.0651        -0.1610       
     600.0000      60.6162       50.4739       -17.2001      112.7901      14.4816       -29.2383      
     800.0000      71.6093       63.7731       -41.7021      131.8439      27.7807       -53.7403      
     1000.0000     78.9158       78.8731       -69.7879      148.6610      42.8807       -81.8261      
     1200.0000     84.0065       95.1929       -101.0361     163.5242      59.2005       -113.0743     
     1400.0000     87.8099       112.3911      -135.0900     176.7722      76.3987       -147.1282     
     1600.0000     90.7501       130.2597      -171.6570     188.6980      94.2673       -183.6952     
     1800.0000     93.0182       148.6464      -210.4960     199.5235      112.6540      -222.5342     
     2000.0000     94.7681       167.4325      -251.4045     209.4185      131.4401      -263.4427     
     2200.0000     96.1279       186.5277      -294.2104     218.5173      150.5353      -306.2486     
     2400.0000     97.1998       205.8645      -338.7657     226.9292      169.8722      -350.8039     
     2600.0000     98.0601       225.3935      -384.9423     234.7446      189.4012      -396.9805     
 -----------------------------------------------------------------------------------------------------


 ====================================================================================================
   THERMO TABLE FOR MOLECULE H
 ====================================================================================================
   Elemental Composition:
     H 1.0000
   Formation Enthalpy at 298K =          52.0924 kcal/mol
   Formation Free Gibbs Energy at 298K = 43.9314 kcal/mol
   Molecular Weight =                    1.0080 kg/kmol
 -----------------------------------------------------------------------------------------------------
   Temperature       Cp             H             G            S             DH            DG         
       [K]       [cal/mol/K]    [kcal/mol]    [kcal/mol]  [cal/(mol-K)]  [kcal/mol]     [kcal/mol]    
 -----------------------------------------------------------------------------------------------------
     300.0000      4.9675        52.1024       43.8766       27.4193       0.0099        -0.0548       
     600.0000      4.9675        53.5926       35.0751       30.8625       1.5002        -8.8563       
     800.0000      4.9675        54.5861       28.7529       32.2916       2.4937        -15.1785      
     1000.0000     4.9675        55.5796       22.1796       33.4000       3.4872        -21.7518      
     1200.0000     4.9675        56.5731       15.4063       34.3057       4.4807        -28.5251      
     1400.0000     4.9675        57.5666       8.4666        35.0714       5.4742        -35.4648      
     1600.0000     4.9675        58.5601       1.3845        35.7348       6.4677        -42.5469      
     1800.0000     4.9675        59.5536       -5.8221       36.3198       7.4612        -49.7535      
     2000.0000     4.9675        60.5471       -13.1393      36.8432       8.4547        -57.0707      
     2200.0000     4.9675        61.5406       -20.5561      37.3167       9.4482        -64.4875      
     2400.0000     4.9675        62.5341       -28.0633      37.7489       10.4417       -71.9947      
     2600.0000     4.9675        63.5276       -35.6534      38.1465       11.4352       -79.5847      
 -----------------------------------------------------------------------------------------------------


 ====================================================================================================
   THERMO TABLE FOR MOLECULE C
 ====================================================================================================
   Elemental Composition:
     C 1.0000
   Formation Enthalpy at 298K =          171.2713 kcal/mol
   Formation Free Gibbs Energy at 298K = 160.0127 kcal/mol
   Molecular Weight =                    12.0110 kg/kmol
 -----------------------------------------------------------------------------------------------------
   Temperature       Cp             H             G            S             DH            DG         
       [K]       [cal/mol/K]    [kcal/mol]    [kcal/mol]  [cal/(mol-K)]  [kcal/mol]     [kcal/mol]    
 -----------------------------------------------------------------------------------------------------
     300.0000      4.9798        171.2813      159.9371      37.8139       0.0100        -0.0756       
     600.0000      4.9710        172.7732      148.0164      41.2614       1.5019        -11.9963      
     800.0000      4.9697        173.7673      139.6143      42.6913       2.4960        -20.3984      
     1000.0000     4.9681        174.7611      130.9610      43.8001       3.4898        -29.0517      
     1200.0000     4.9680        175.7547      122.1076      44.7059       4.4834        -37.9051      
     1400.0000     4.9710        176.7485      113.0879      45.4719       5.4772        -46.9248      
     1600.0000     4.9782        177.7434      103.9257      46.1361       6.4720        -56.0870      
     1800.0000     4.9904        178.7401      94.6386       46.7231       7.4688        -65.3741      
     2000.0000     5.0081        179.7399      85.2404       47.2497       8.4686        -74.7723      
     2200.0000     5.0313        180.7438      75.7419       47.7281       9.4724        -84.2708      
     2400.0000     5.0597        181.7528      66.1518       48.1671       10.4815       -93.8609      
     2600.0000     5.0926        182.7680      56.4773       48.5733       11.4966       -103.5354     
 -----------------------------------------------------------------------------------------------------


 ====================================================================================================
   THERMO TABLE FOR MOLECULE CH
 ====================================================================================================
   Elemental Composition:
     C 1.0000
     H 1.0000
   Formation Enthalpy at 298K =          142.0095 kcal/mol
   Formation Free Gibbs Energy at 298K = 128.9792 kcal/mol
   Molecular Weight =                    13.0190 kg/kmol
 -----------------------------------------------------------------------------------------------------
   Temperature       Cp             H             G            S             DH            DG         
       [K]       [cal/mol/K]    [kcal/mol]    [kcal/mol]  [cal/(mol-K)]  [kcal/mol]     [kcal/mol]    
 -----------------------------------------------------------------------------------------------------
     300.0000      7.0097        142.0236      128.8917      43.7730       0.0140        -0.0875       
     600.0000      7.1015        144.1264      114.9495      48.6283       2.1169        -14.0297      
     800.0000      7.3971        145.5742      105.0072      50.7087       3.5647        -23.9719      
     1000.0000     7.7798        147.0910      94.6916       52.3995       5.0815        -34.2876      
     1200.0000     8.1847        148.6876      84.0630       53.8538       6.6780        -44.9161      
     1400.0000     8.5652        150.3632      73.1609       55.1445       8.3537        -55.8183      
     1600.0000     8.8934        152.1101      62.0135       56.3104       10.1006       -66.9656      
     1800.0000     9.1602        153.9165      50.6435       57.3739       11.9069       -78.3356      
     2000.0000     9.3718        155.7705      39.0698       58.3504       13.7610       -89.9094      
     2200.0000     9.5381        157.6622      27.3084       59.2517       15.6527       -101.6708     
     2400.0000     9.6678        159.5833      15.3735       60.0874       17.5738       -113.6057     
     2600.0000     9.7681        161.5273      3.2773        60.8654       19.5178       -125.7019     
 -----------------------------------------------------------------------------------------------------


 ====================================================================================================
   THERMO TABLE FOR MOLECULE CH2
 ====================================================================================================
   Elemental Composition:
     C 1.0000
     H 2.0000
   Formation Enthalpy at 298K =          92.4830 kcal/mol
   Formation Free Gibbs Energy at 298K = 78.5625 kcal/mol
   Molecular Weight =                    14.0270 kg/kmol
 -----------------------------------------------------------------------------------------------------
   Temperature       Cp             H             G            S             DH            DG         
       [K]       [cal/mol/K]    [kcal/mol]    [kcal/mol]  [cal/(mol-K)]  [kcal/mol]     [kcal/mol]    
 -----------------------------------------------------------------------------------------------------
     300.0000      8.2517        92.4995       78.4691       46.7680       0.0165        -0.0935       
     600.0000      9.2348        95.1156       63.4516       52.7734       2.6326        -15.1110      
     800.0000      9.9308        97.0330       52.6117       55.5266       4.5500        -25.9508      
     1000.0000     10.5528       99.0828       41.2718       57.8110       6.5998        -37.2907      
     1200.0000     11.0904       101.2485      29.5080       59.7838       8.7655        -49.0546      
     1400.0000     11.5503       103.5138      17.3734       61.5288       11.0308       -61.1891      
     1600.0000     11.9394       105.8639      4.9082        63.0973       13.3809       -73.6544      
     1800.0000     12.2645       108.2853      -7.8560       64.5229       15.8023       -86.4186      
     2000.0000     12.5323       110.7659      -20.8931      65.8295       18.2829       -99.4556      
     2200.0000     12.7491       113.2948      -34.1810      67.0345       20.8118       -112.7436     
     2400.0000     12.9213       115.8625      -47.7010      68.1515       23.3796       -126.2635     
     2600.0000     13.0551       118.4608      -61.4365      69.1912       25.9778       -139.9990     
 -----------------------------------------------------------------------------------------------------


 ====================================================================================================
   THERMO TABLE FOR MOLECULE CH2S
 ====================================================================================================
   Elemental Composition:
     C 1.0000
     H 2.0000
   Formation Enthalpy at 298K =          101.5004 kcal/mol
   Formation Free Gibbs Energy at 298K = 88.0622 kcal/mol
   Molecular Weight =                    14.0270 kg/kmol
 -----------------------------------------------------------------------------------------------------
   Temperature       Cp             H             G            S             DH            DG         
       [K]       [cal/mol/K]    [kcal/mol]    [kcal/mol]  [cal/(mol-K)]  [kcal/mol]     [kcal/mol]    
 -----------------------------------------------------------------------------------------------------
     300.0000      8.0899        101.5166      87.9720       45.1487       0.0162        -0.0902       
     600.0000      9.0061        104.0575      73.4678       50.9828       2.5571        -14.5944      
     800.0000      9.8408        105.9429      62.9917       53.6889       4.4425        -25.0705      
     1000.0000     10.5703       107.9863      52.0205       55.9658       6.4859        -36.0417      
     1200.0000     11.1692       110.1623      40.6249       57.9478       8.6619        -47.4373      
     1400.0000     11.6573       112.4466      28.8561       59.7075       10.9462       -59.2061      
     1600.0000     12.0530       114.8190      16.7536       61.2909       13.3186       -71.3086      
     1800.0000     12.3722       117.2627      4.3494        62.7296       15.7623       -83.7128      
     2000.0000     12.6289       119.7637      -8.3301       64.0469       18.2634       -96.3923      
     2200.0000     12.8347       122.3109      -21.2625      65.2606       20.8105       -109.3247     
     2400.0000     12.9989       124.8949      -34.4284      66.3847       23.3945       -122.4906     
     2600.0000     13.1286       127.5081      -47.8111      67.4305       26.0078       -135.8733     
 -----------------------------------------------------------------------------------------------------


 ====================================================================================================
   THERMO TABLE FOR MOLECULE CH3
 ====================================================================================================
   Elemental Composition:
     C 1.0000
     H 3.0000
   Formation Enthalpy at 298K =          34.8237 kcal/mol
   Formation Free Gibbs Energy at 298K = 21.0030 kcal/mol
   Molecular Weight =                    15.0350 kg/kmol
 -----------------------------------------------------------------------------------------------------
   Temperature       Cp             H             G            S             DH            DG         
       [K]       [cal/mol/K]    [kcal/mol]    [kcal/mol]  [cal/(mol-K)]  [kcal/mol]     [kcal/mol]    
 -----------------------------------------------------------------------------------------------------
     300.0000      9.2859        34.8422       20.9101       46.4402       0.0186        -0.0928       
     600.0000      11.5362       37.9697       5.8238        53.5766       3.1460        -15.1792      
     800.0000      12.8959       40.4154       -5.2527       57.0851       5.5918        -26.2557      
     1000.0000     14.0878       43.1168       -16.9774      60.0942       8.2932        -37.9803      
     1200.0000     15.0931       46.0380       -29.2673      62.7544       11.2144       -50.2702      
     1400.0000     15.9182       49.1420       -42.0612      65.1452       14.3183       -63.0642      
     1600.0000     16.5874       52.3949       -55.3107      67.3160       17.5713       -76.3136      
     1800.0000     17.1259       55.7682       -68.9753      69.3020       20.9446       -89.9783      
     2000.0000     17.5567       59.2381       -83.0209      71.1295       24.4144       -104.0239     
     2200.0000     17.9000       62.7851       -97.4180      72.8196       27.9614       -118.4209     
     2400.0000     18.1737       66.3935       -112.1407     74.3893       31.5698       -133.1437     
     2600.0000     18.3928       70.0509       -127.1666     75.8529       35.2273       -148.1696     
 -----------------------------------------------------------------------------------------------------


 ====================================================================================================
   THERMO TABLE FOR MOLECULE C2H
 ====================================================================================================
   Elemental Composition:
     C 2.0000
     H 1.0000
   Formation Enthalpy at 298K =          135.3196 kcal/mol
   Formation Free Gibbs Energy at 298K = 120.1242 kcal/mol
   Molecular Weight =                    25.0300 kg/kmol
 -----------------------------------------------------------------------------------------------------
   Temperature       Cp             H             G            S             DH            DG         
       [K]       [cal/mol/K]    [kcal/mol]    [kcal/mol]  [cal/(mol-K)]  [kcal/mol]     [kcal/mol]    
 -----------------------------------------------------------------------------------------------------
     300.0000      10.1417       135.3398      120.0222      51.0588       0.0203        -0.1020       
     600.0000      11.2090       138.5386      103.4943      58.4071       3.2190        -16.6299      
     800.0000      11.9589       140.8555      91.4678       61.7346       5.5360        -28.6564      
     1000.0000     12.6749       143.3198      78.8387       64.4811       8.0003        -41.2855      
     1200.0000     13.3176       145.9206      65.7003       66.8502       10.6010       -54.4239      
     1400.0000     13.8613       148.6402      52.1168       68.9453       13.3207       -68.0074      
     1600.0000     14.2943       151.4577      38.1365       70.8257       16.1381       -81.9878      
     1800.0000     14.6192       154.3507      23.7983       72.5291       19.0312       -96.3260      
     2000.0000     14.8509       157.2991      9.1348        74.0821       21.9796       -110.9894     
     2200.0000     15.0089       160.2862      -5.8259       75.5055       24.9666       -125.9502     
     2400.0000     15.1108       163.2989      -21.0599      76.8162       27.9794       -141.1841     
     2600.0000     15.1718       166.3278      -36.5458      78.0283       31.0082       -156.6701     
 -----------------------------------------------------------------------------------------------------


 ====================================================================================================
   THERMO TABLE FOR MOLECULE C2H3
 ====================================================================================================
   Elemental Composition:
     C 2.0000
     H 3.0000
   Formation Enthalpy at 298K =          68.3928 kcal/mol
   Formation Free Gibbs Energy at 298K = 51.9151 kcal/mol
   Molecular Weight =                    27.0460 kg/kmol
 -----------------------------------------------------------------------------------------------------
   Temperature       Cp             H             G            S             DH            DG         
       [K]       [cal/mol/K]    [kcal/mol]    [kcal/mol]  [cal/(mol-K)]  [kcal/mol]     [kcal/mol]    
 -----------------------------------------------------------------------------------------------------
     300.0000      9.5348        68.4118       51.8044       55.3579       0.0190        -0.1107       
     600.0000      14.3640       72.0185       33.9202       63.4971       3.6257        -17.9949      
     800.0000      16.8390       75.1504       20.7624       67.9850       6.7576        -31.1527      
     1000.0000     18.6901       78.7124       6.7609        71.9515       10.3197       -45.1542      
     1200.0000     20.0624       82.5946       -7.9895       75.4867       14.2018       -59.9046      
     1400.0000     21.0821       86.7139       -23.4097      78.6597       18.3212       -75.3247      
     1600.0000     21.8548       91.0110       -39.4330      81.5275       22.6182       -91.3481      
     1800.0000     22.4653       95.4451       -56.0035      84.1381       27.0523       -107.9186     
     2000.0000     22.9778       99.9906       -73.0739      86.5322       31.5978       -124.9890     
     2200.0000     23.4361       104.6326      -90.6043      88.7440       36.2399       -142.5194     
     2400.0000     23.8630       109.3630      -108.5612     90.8017       40.9702       -160.4763     
     2600.0000     24.2608       114.1759      -126.9162     92.7277       45.7832       -178.8313     
 -----------------------------------------------------------------------------------------------------


 ====================================================================================================
   THERMO TABLE FOR MOLECULE C2H5
 ====================================================================================================
   Elemental Composition:
     C 2.0000
     H 5.0000
   Formation Enthalpy at 298K =          27.9890 kcal/mol
   Formation Free Gibbs Energy at 298K = 10.0825 kcal/mol
   Molecular Weight =                    29.0620 kg/kmol
 -----------------------------------------------------------------------------------------------------
   Temperature       Cp             H             G            S             DH            DG         
       [K]       [cal/mol/K]    [kcal/mol]    [kcal/mol]  [cal/(mol-K)]  [kcal/mol]     [kcal/mol]    
 -----------------------------------------------------------------------------------------------------
     300.0000      11.3184       28.0116       9.9622        60.1645       0.0226        -0.1203       
     600.0000      18.4201       32.4634       -9.6350       70.1640       4.4745        -19.7175      
     800.0000      22.3856       36.5622       -24.2637      76.0323       8.5732        -34.3462      
     1000.0000     25.3668       41.3519       -40.0120      81.3639       13.3629       -50.0945      
     1200.0000     27.5873       46.6583       -56.7759      86.1951       18.6693       -66.8583      
     1400.0000     29.2439       52.3493       -74.4602      90.5782       24.3603       -84.5427      
     1600.0000     30.5013       58.3293       -92.9810      94.5689       30.3403       -103.0635     
     1800.0000     31.4926       64.5322       -112.2652     98.2208       36.5432       -122.3477     
     2000.0000     32.3191       70.9154       -132.2500     101.5827      42.9264       -142.3325     
     2200.0000     33.0502       77.4535       -152.8818     104.6979      49.4645       -162.9643     
     2400.0000     33.7232       84.1317       -174.1152     107.6028      56.1427       -184.1976     
     2600.0000     34.3441       90.9394       -195.9110     110.3271      62.9504       -205.9934     
 -----------------------------------------------------------------------------------------------------


 ====================================================================================================
   THERMO TABLE FOR MOLECULE C3H3
 ====================================================================================================
   Elemental Composition:
     C 3.0000
     H 3.0000
   Formation Enthalpy at 298K =          83.0062 kcal/mol
   Formation Free Gibbs Energy at 298K = 64.6947 kcal/mol
   Molecular Weight =                    39.0570 kg/kmol
 -----------------------------------------------------------------------------------------------------
   Temperature       Cp             H             G            S             DH            DG         
       [K]       [cal/mol/K]    [kcal/mol]    [kcal/mol]  [cal/(mol-K)]  [kcal/mol]     [kcal/mol]    
 -----------------------------------------------------------------------------------------------------
     300.0000      15.7170       83.0376       64.5717       61.5531       0.0314        -0.1230       
     600.0000      21.0453       88.6186       44.0778       74.2347       5.6124        -20.6169      
     800.0000      23.3552       93.0718       28.5724       80.6243       10.0656       -36.1223      
     1000.0000     25.0068       97.9169       11.8937       86.0232       14.9107       -52.8010      
     1200.0000     26.2233       103.0456      -5.7887       90.6952       20.0394       -70.4833      
     1400.0000     27.1702       108.3884      -24.3475      94.8113       25.3822       -89.0421      
     1600.0000     27.9559       113.9031      -43.6842      98.4921       30.8969       -108.3789     
     1800.0000     28.6312       119.5635      -63.7211      101.8248      36.5573       -128.4158     
     2000.0000     29.1998       125.3485      -84.3952      104.8718      42.3423       -149.0898     
     2200.0000     29.6565       131.2360      -105.6538     107.6772      48.2298       -170.3484     
     2400.0000     30.0029       137.2037      -127.4521     110.2732      54.1975       -192.1467     
     2600.0000     30.2484       143.2304      -149.7508     112.6851      60.2242       -214.4455     
 -----------------------------------------------------------------------------------------------------


 ====================================================================================================
   THERMO TABLE FOR MOLECULE CH2CHCH2
 ====================================================================================================
   Elemental Composition:
     C 3.0000
     H 5.0000
   Formation Enthalpy at 298K =          39.3808 kcal/mol
   Formation Free Gibbs Energy at 298K = 20.1062 kcal/mol
   Molecular Weight =                    41.0730 kg/kmol
 -----------------------------------------------------------------------------------------------------
   Temperature       Cp             H             G            S             DH            DG         
       [K]       [cal/mol/K]    [kcal/mol]    [kcal/mol]  [cal/(mol-K)]  [kcal/mol]     [kcal/mol]    
 -----------------------------------------------------------------------------------------------------
     300.0000      15.8469       39.4125       19.9768       64.7856       0.0316        -0.1295       
     600.0000      25.6061       45.7492       -1.6723       79.0359       6.3683        -21.7786      
     800.0000      29.8643       51.3206       -18.2958      87.0204       11.9397       -38.4020      
     1000.0000     32.8805       57.6123       -36.4154      94.0277       18.2315       -56.5216      
     1200.0000     35.0350       64.4155       -55.8528      100.2236      25.0346       -75.9590      
     1400.0000     36.6226       71.5887       -76.4602      105.7492      32.2078       -96.5664      
     1600.0000     37.8526       79.0409       -98.1157      110.7229      39.6600       -118.2220     
     1800.0000     38.8481       86.7143       -120.7190     115.2407      47.3334       -140.8253     
     2000.0000     39.6511       94.5674       -144.1866     119.3770      55.1865       -164.2929     
     2200.0000     40.2645       102.5621      -168.4481     123.1864      63.1812       -188.5543     
     2400.0000     40.6965       110.6611      -193.4421     126.7097      71.2802       -213.5484     
     2600.0000     40.9635       118.8296      -219.1150     129.9787      79.4488       -239.2212     
 -----------------------------------------------------------------------------------------------------


 ====================================================================================================
   THERMO TABLE FOR MOLECULE CH2CCH3
 ====================================================================================================
   Elemental Composition:
     C 3.0000
     H 5.0000
   Formation Enthalpy at 298K =          64.6612 kcal/mol
   Formation Free Gibbs Energy at 298K = 44.2013 kcal/mol
   Molecular Weight =                    41.0730 kg/kmol
 -----------------------------------------------------------------------------------------------------
   Temperature       Cp             H             G            S             DH            DG         
       [K]       [cal/mol/K]    [kcal/mol]    [kcal/mol]  [cal/(mol-K)]  [kcal/mol]     [kcal/mol]    
 -----------------------------------------------------------------------------------------------------
     300.0000      15.1714       64.6915       44.0639       68.7584       0.0303        -0.1374       
     600.0000      24.3033       70.7128       21.3296       82.3054       6.0516        -22.8717      
     800.0000      28.4737       76.0116       4.0929        89.8985       11.3504       -40.1085      
     1000.0000     31.5501       82.0295       -14.5704      96.5999       17.3683       -58.7718      
     1200.0000     33.8373       88.5792       -34.4980      102.5644      23.9180       -78.6994      
     1400.0000     35.5749       95.5279       -55.5554      107.9167      30.8667       -99.7568      
     1600.0000     36.9379       102.7843      -77.6308      112.7594      38.1231       -121.8321     
     1800.0000     38.0368       110.2856      -100.6308     117.1758      45.6244       -144.8322     
     2000.0000     38.9200       117.9847      -124.4770     121.2309      53.3236       -168.6784     
     2200.0000     39.6052       125.8404      -149.1024     124.9740      61.1792       -193.3037     
     2400.0000     40.1113       133.8149      -174.4484     128.4430      69.1537       -218.6497     
     2600.0000     40.4605       141.8745      -200.4634     131.6684      77.2133       -244.6647     
 -----------------------------------------------------------------------------------------------------


 ====================================================================================================
   THERMO TABLE FOR MOLECULE CHCHCH3
 ====================================================================================================
   Elemental Composition:
     C 3.0000
     H 5.0000
   Formation Enthalpy at 298K =          64.6612 kcal/mol
   Formation Free Gibbs Energy at 298K = 44.2013 kcal/mol
   Molecular Weight =                    41.0730 kg/kmol
 -----------------------------------------------------------------------------------------------------
   Temperature       Cp             H             G            S             DH            DG         
       [K]       [cal/mol/K]    [kcal/mol]    [kcal/mol]  [cal/(mol-K)]  [kcal/mol]     [kcal/mol]    
 -----------------------------------------------------------------------------------------------------
     300.0000      15.1714       64.6915       44.0639       68.7584       0.0303        -0.1374       
     600.0000      24.3033       70.7128       21.3296       82.3054       6.0516        -22.8717      
     800.0000      28.4737       76.0116       4.0929        89.8985       11.3504       -40.1085      
     1000.0000     31.5501       82.0295       -14.5704      96.5999       17.3683       -58.7718      
     1200.0000     33.8373       88.5792       -34.4980      102.5644      23.9180       -78.6994      
     1400.0000     35.5749       95.5279       -55.5554      107.9167      30.8667       -99.7568      
     1600.0000     36.9379       102.7843      -77.6308      112.7594      38.1231       -121.8321     
     1800.0000     38.0368       110.2856      -100.6308     117.1758      45.6244       -144.8322     
     2000.0000     38.9200       117.9847      -124.4770     121.2309      53.3236       -168.6784     
     2200.0000     39.6052       125.8404      -149.1024     124.9740      61.1792       -193.3037     
     2400.0000     40.1113       133.8149      -174.4484     128.4430      69.1537       -218.6497     
     2600.0000     40.4605       141.8745      -200.4634     131.6684      77.2133       -244.6647     
 -----------------------------------------------------------------------------------------------------


 ====================================================================================================
   THERMO TABLE FOR MOLECULE NC3H7
 ====================================================================================================
   Elemental Composition:
     C 3.0000
     H 7.0000
   Formation Enthalpy at 298K =          22.5800 kcal/mol
   Formation Free Gibbs Energy at 298K = 1.9947 kcal/mol
   Molecular Weight =                    43.0890 kg/kmol
 -----------------------------------------------------------------------------------------------------
   Temperature       Cp             H             G            S             DH            DG         
       [K]       [cal/mol/K]    [kcal/mol]    [kcal/mol]  [cal/(mol-K)]  [kcal/mol]     [kcal/mol]    
 -----------------------------------------------------------------------------------------------------
     300.0000      18.0325       22.6160       1.8564        69.1984       0.0360        -0.1383       
     600.0000      29.2218       29.8242       -21.4190      85.4053       7.2442        -23.4137      
     800.0000      34.3733       36.2093       -39.4340      94.5542       13.6293       -41.4288      
     1000.0000     38.1911       43.4848       -59.1709      102.6557      20.9048       -61.1657      
     1200.0000     41.0255       51.4204       -80.4380      109.8820      28.8404       -82.4328      
     1400.0000     43.1474       59.8477       -103.0748     116.3732      37.2677       -105.0695     
     1600.0000     44.7484       68.6448       -126.9460     122.2442      46.0648       -128.9408     
     1800.0000     45.9422       77.7200       -151.9373     127.5874      55.1400       -153.9321     
     2000.0000     46.7905       86.9986       -177.9506     132.4746      64.4186       -179.9454     
     2200.0000     47.3489       96.4169       -204.9006     136.9625      73.8369       -206.8953     
     2400.0000     47.6751       105.9227      -232.7121     141.0978      83.3427       -234.7069     
     2600.0000     47.8290       115.4754      -261.3189     144.9209      92.8955       -263.3136     
 -----------------------------------------------------------------------------------------------------


 ====================================================================================================
   THERMO TABLE FOR MOLECULE IC3H7
 ====================================================================================================
   Elemental Composition:
     C 3.0000
     H 7.0000
   Formation Enthalpy at 298K =          19.1735 kcal/mol
   Formation Free Gibbs Energy at 298K = -0.6839 kcal/mol
   Molecular Weight =                    43.0890 kg/kmol
 -----------------------------------------------------------------------------------------------------
   Temperature       Cp             H             G            S             DH            DG         
       [K]       [cal/mol/K]    [kcal/mol]    [kcal/mol]  [cal/(mol-K)]  [kcal/mol]     [kcal/mol]    
 -----------------------------------------------------------------------------------------------------
     300.0000      17.9358       19.2093       -0.8173       66.7552       0.0358        -0.1334       
     600.0000      29.3009       26.4196       -23.3563      82.9599       7.2461        -22.6724      
     800.0000      34.4898       32.8250       -40.8851      92.1376       13.6514       -40.2012      
     1000.0000     38.3142       40.1248       -60.1415      100.2662      20.9512       -59.4576      
     1200.0000     41.1441       48.0845       -80.9330      107.5146      28.9110       -80.2491      
     1400.0000     43.2623       56.5351       -103.0981     114.0237      37.3616       -102.4142     
     1600.0000     44.8652       65.3553       -126.5010     119.9102      46.1818       -125.8171     
     1800.0000     46.0639       74.4544       -151.0269     125.2674      55.2809       -150.3431     
     2000.0000     46.9182       83.7579       -176.5775     130.1677      64.5844       -175.8937     
     2200.0000     47.4834       93.2024       -203.0674     134.6681      74.0289       -202.3835     
     2400.0000     47.8169       102.7358      -230.4213     138.8154      83.5623       -229.7374     
     2600.0000     47.9775       112.3176      -258.5727     142.6501      93.1441       -257.8888     
 -----------------------------------------------------------------------------------------------------


 ====================================================================================================
   THERMO TABLE FOR MOLECULE C4H3
 ====================================================================================================
   Elemental Composition:
     C 4.0000
     H 3.0000
   Formation Enthalpy at 298K =          129.8430 kcal/mol
   Formation Free Gibbs Energy at 298K = 109.2757 kcal/mol
   Molecular Weight =                    51.0680 kg/kmol
 -----------------------------------------------------------------------------------------------------
   Temperature       Cp             H             G            S             DH            DG         
       [K]       [cal/mol/K]    [kcal/mol]    [kcal/mol]  [cal/(mol-K)]  [kcal/mol]     [kcal/mol]    
 -----------------------------------------------------------------------------------------------------
     300.0000      17.8732       129.8787      109.1375      69.1374       0.0357        -0.1382       
     600.0000      25.4386       136.4861      86.0257       84.1006       6.6431        -23.2499      
     800.0000      28.4674       141.8973      68.4067       91.8632       12.0542       -40.8689      
     1000.0000     30.4964       147.8067      49.3587       98.4480       17.9636       -59.9170      
     1200.0000     31.9170       154.0555      29.0868       104.1406      24.2125       -80.1888      
     1400.0000     33.0024       160.5514      7.7482        109.1452      30.7084       -101.5275     
     1600.0000     33.9071       167.2447      -14.5355      113.6126      37.4017       -123.8112     
     1800.0000     34.6738       174.1051      -37.6684      117.6520      44.2621       -146.9441     
     2000.0000     35.2946       181.1045      -61.5729      121.3387      51.2614       -170.8485     
     2200.0000     35.7665       188.2130      -86.1840      124.7259      58.3700       -195.4596     
     2400.0000     36.0953       195.4015      -111.4459     127.8531      65.5585       -220.7216     
     2600.0000     36.2958       202.6426      -137.3099     130.7510      72.7995       -246.5856     
 -----------------------------------------------------------------------------------------------------


 ====================================================================================================
   THERMO TABLE FOR MOLECULE C4H5
 ====================================================================================================
   Elemental Composition:
     C 4.0000
     H 5.0000
   Formation Enthalpy at 298K =          85.9988 kcal/mol
   Formation Free Gibbs Energy at 298K = 64.2522 kcal/mol
   Molecular Weight =                    53.0840 kg/kmol
 -----------------------------------------------------------------------------------------------------
   Temperature       Cp             H             G            S             DH            DG         
       [K]       [cal/mol/K]    [kcal/mol]    [kcal/mol]  [cal/(mol-K)]  [kcal/mol]     [kcal/mol]    
 -----------------------------------------------------------------------------------------------------
     300.0000      19.0046       86.0367       64.1061       73.1018       0.0379        -0.1461       
     600.0000      30.6916       93.6475       39.5164       90.2184       7.6488        -24.7358      
     800.0000      35.5513       100.3030      20.4964       99.7583       14.3043       -43.7558      
     1000.0000     38.8365       107.7633      -0.3049       108.0683      21.7646       -64.5571      
     1200.0000     41.0698       115.7678      -22.6630      115.3590      29.7690       -86.9152      
     1400.0000     42.6513       124.1481      -46.3929      121.8150      38.1493       -110.6451     
     1600.0000     43.8584       132.8036      -71.3438      127.5921      46.8049       -135.5960     
     1800.0000     44.8460       141.6771      -97.3930      132.8167      55.6783       -161.6452     
     2000.0000     45.6523       150.7300      -124.4402     137.5851      64.7313       -188.6924     
     2200.0000     46.2624       159.9249      -152.4013     141.9664      73.9261       -216.6535     
     2400.0000     46.6730       169.2217      -181.2043     146.0108      83.2229       -245.4565     
     2600.0000     46.8979       178.5816      -210.7858     149.7567      92.5829       -275.0380     
 -----------------------------------------------------------------------------------------------------


 ====================================================================================================
   THERMO TABLE FOR MOLECULE SC4H7
 ====================================================================================================
   Elemental Composition:
     C 4.0000
     H 7.0000
   Formation Enthalpy at 298K =          31.9686 kcal/mol
   Formation Free Gibbs Energy at 298K = 10.3080 kcal/mol
   Molecular Weight =                    55.1000 kg/kmol
 -----------------------------------------------------------------------------------------------------
   Temperature       Cp             H             G            S             DH            DG         
       [K]       [cal/mol/K]    [kcal/mol]    [kcal/mol]  [cal/(mol-K)]  [kcal/mol]     [kcal/mol]    
 -----------------------------------------------------------------------------------------------------
     300.0000      20.0001       32.0085       10.1625       72.8200       0.0399        -0.1455       
     600.0000      33.7997       40.2466       -14.5345      91.3019       8.2780        -24.8425      
     800.0000      39.8779       47.6473       -33.8769      101.9052      15.6787       -44.1849      
     1000.0000     44.3003       56.0878       -55.2163      111.3041      24.1192       -65.5243      
     1200.0000     47.5918       65.2924       -78.3307      119.6859      33.3238       -88.6387      
     1400.0000     50.1028       75.0729       -103.0342     127.2193      43.1043       -113.3421     
     1600.0000     52.0137       85.2937       -129.1711     134.0405      53.3251       -139.4791     
     1800.0000     53.4078       95.8439       -156.6098     140.2520      63.8753       -166.9178     
     2000.0000     54.3602       106.6274      -185.2365     145.9319      74.6588       -195.5445     
     2200.0000     54.9488       117.5637      -214.9513     151.1432      85.5951       -225.2593     
     2400.0000     55.2546       128.5881      -245.6661     155.9392      96.6195       -255.9741     
     2600.0000     55.3616       139.6523      -277.3025     160.3672      107.6837      -287.6105     
 -----------------------------------------------------------------------------------------------------


 ====================================================================================================
   THERMO TABLE FOR MOLECULE IC4H7
 ====================================================================================================
   Elemental Composition:
     C 4.0000
     H 7.0000
   Formation Enthalpy at 298K =          29.6743 kcal/mol
   Formation Free Gibbs Energy at 298K = 7.8337 kcal/mol
   Molecular Weight =                    55.1000 kg/kmol
 -----------------------------------------------------------------------------------------------------
   Temperature       Cp             H             G            S             DH            DG         
       [K]       [cal/mol/K]    [kcal/mol]    [kcal/mol]  [cal/(mol-K)]  [kcal/mol]     [kcal/mol]    
 -----------------------------------------------------------------------------------------------------
     300.0000      21.8691       29.7179       7.6869        73.4366       0.0436        -0.1467       
     600.0000      35.0657       38.3343       -17.3553      92.8161       8.6600        -25.1890      
     800.0000      41.8711       46.0562       -37.0449      103.8763      16.3819       -44.8786      
     1000.0000     47.1142       54.9786       -58.8309      113.8094      25.3043       -66.6645      
     1200.0000     51.0499       64.8147       -82.5036      122.7653      35.1404       -90.3372      
     1400.0000     53.9132       75.3271       -107.8797     130.8620      45.6528       -115.7134     
     1600.0000     55.9164       86.3227       -134.7978     138.2003      56.6484       -142.6315     
     1800.0000     57.2500       97.6491       -163.1153     144.8691      67.9748       -170.9489     
     2000.0000     58.0818       109.1893      -192.7061     150.9477      79.5150       -200.5398     
     2200.0000     58.5574       120.8581      -223.4598     156.5081      91.1838       -231.2935     
     2400.0000     58.8004       132.5968      -255.2792     161.6150      102.9225      -263.1128     
     2600.0000     58.9116       144.3695      -288.0795     166.3265      114.6952      -295.9131     
 -----------------------------------------------------------------------------------------------------


 ====================================================================================================
   THERMO TABLE FOR MOLECULE CH2C3H5
 ====================================================================================================
   Elemental Composition:
     C 4.0000
     H 7.0000
   Formation Enthalpy at 298K =          47.9647 kcal/mol
   Formation Free Gibbs Energy at 298K = 25.6490 kcal/mol
   Molecular Weight =                    55.1000 kg/kmol
 -----------------------------------------------------------------------------------------------------
   Temperature       Cp             H             G            S             DH            DG         
       [K]       [cal/mol/K]    [kcal/mol]    [kcal/mol]  [cal/(mol-K)]  [kcal/mol]     [kcal/mol]    
 -----------------------------------------------------------------------------------------------------
     300.0000      20.0269       48.0046       25.4991       75.0184       0.0399        -0.1499       
     600.0000      33.4429       56.1742       0.1599        93.3572       8.2095        -25.4892      
     800.0000      39.5538       63.5048       -19.5828      103.8595      15.5401       -45.2319      
     1000.0000     44.0682       71.8895       -41.3062      113.1958      23.9248       -66.9553      
     1200.0000     47.4278       81.0553       -64.7952      121.5421      33.0906       -90.4442      
     1400.0000     49.9562       90.8055       -89.8674      129.0521      42.8408       -115.5164     
     1600.0000     51.8592       100.9964      -116.3688     135.8532      53.0317       -142.0179     
     1800.0000     53.2411       111.5145      -144.1682     142.0459      63.5498       -169.8172     
     2000.0000     54.1764       122.2630      -173.1518     147.7074      74.2983       -198.8008     
     2200.0000     54.7433       133.1605      -203.2199     152.9002      85.1958       -228.8689     
     2400.0000     55.0241       144.1413      -234.2842     157.6773      96.1766       -259.9332     
     2600.0000     55.1057       155.1568      -266.2662     162.0858      107.1921      -291.9153     
 -----------------------------------------------------------------------------------------------------


 ====================================================================================================
   THERMO TABLE FOR MOLECULE CYC5H5
 ====================================================================================================
   Elemental Composition:
     C 5.0000
     H 5.0000
   Formation Enthalpy at 298K =          62.4942 kcal/mol
   Formation Free Gibbs Energy at 298K = 43.5775 kcal/mol
   Molecular Weight =                    65.0950 kg/kmol
 -----------------------------------------------------------------------------------------------------
   Temperature       Cp             H             G            S             DH            DG         
       [K]       [cal/mol/K]    [kcal/mol]    [kcal/mol]  [cal/(mol-K)]  [kcal/mol]     [kcal/mol]    
 -----------------------------------------------------------------------------------------------------
     300.0000      20.4687       62.5350       43.4504       63.6152       0.0408        -0.1271       
     600.0000      32.0699       70.5968       21.5283       81.7807       8.1026        -22.0492      
     800.0000      37.2146       77.5455       4.1532        91.7404       15.0513       -39.4243      
     1000.0000     41.2601       85.4096       -15.0881      100.4977      22.9154       -58.6657      
     1200.0000     44.3962       93.9890       -35.9831      108.3100      31.4948       -79.5606      
     1400.0000     46.7895       103.1186      -58.3602      115.3420      40.6245       -101.9377     
     1600.0000     48.5884       112.6652      -82.0759      121.7132      50.1710       -125.6534     
     1800.0000     49.9235       122.5231      -107.0077     127.5171      60.0289       -150.5852     
     2000.0000     50.9075       132.6112      -133.0501     132.8306      70.1170       -176.6276     
     2200.0000     51.6351       142.8691      -160.1116     137.7185      80.3749       -203.6891     
     2400.0000     52.1829       153.2533      -188.1128     142.2359      90.7591       -231.6903     
     2600.0000     52.6097       163.7342      -216.9844     146.4302      101.2400      -260.5620     
 -----------------------------------------------------------------------------------------------------


 ====================================================================================================
   THERMO TABLE FOR MOLECULE C6H5
 ====================================================================================================
   Elemental Composition:
     C 6.0000
     H 5.0000
   Formation Enthalpy at 298K =          79.3253 kcal/mol
   Formation Free Gibbs Energy at 298K = 58.5521 kcal/mol
   Molecular Weight =                    77.1060 kg/kmol
 -----------------------------------------------------------------------------------------------------
   Temperature       Cp             H             G            S             DH            DG         
       [K]       [cal/mol/K]    [kcal/mol]    [kcal/mol]  [cal/(mol-K)]  [kcal/mol]     [kcal/mol]    
 -----------------------------------------------------------------------------------------------------
     300.0000      20.5943       79.3663       58.4125       69.8459       0.0410        -0.1396       
     600.0000      37.1655       88.2794       34.4142       89.7753       8.9541        -24.1379      
     800.0000      43.6420       96.4073       15.2698       101.4219      17.0820       -43.2823      
     1000.0000     47.8084       105.5827      -6.0591       111.6418      26.2574       -64.6112      
     1200.0000     50.5504       115.4362      -29.3039      120.6168      36.1109       -87.8560      
     1400.0000     52.5149       125.7516      -54.2373      128.5635      46.4263       -112.7894     
     1600.0000     54.1101       136.4181      -80.6742      135.6827      57.0928       -139.2263     
     1800.0000     55.5062       147.3828      -108.4662     142.1384      68.0575       -167.0183     
     2000.0000     56.6939       158.6066      -137.4934     148.0500      79.2814       -196.0455     
     2200.0000     57.6409       170.0443      -167.6555     153.4999      90.7190       -226.2076     
     2400.0000     58.3382       181.6463      -198.8665     158.5470      102.3210      -257.4186     
     2600.0000     58.8003       193.3638      -231.0505     163.2363      114.0386      -289.6026     
 -----------------------------------------------------------------------------------------------------


 ====================================================================================================
   THERMO TABLE FOR MOLECULE N2
 ====================================================================================================
   Elemental Composition:
     N 2.0000
   Formation Enthalpy at 298K =          0.0009 kcal/mol
   Formation Free Gibbs Energy at 298K = -13.6378 kcal/mol
   Molecular Weight =                    28.0140 kg/kmol
 -----------------------------------------------------------------------------------------------------
   Temperature       Cp             H             G            S             DH            DG         
       [K]       [cal/mol/K]    [kcal/mol]    [kcal/mol]  [cal/(mol-K)]  [kcal/mol]     [kcal/mol]    
 -----------------------------------------------------------------------------------------------------
     300.0000      6.9719        0.0148        -13.7293      45.8138       0.0139        -0.0916       
     600.0000      7.2004        2.1279        -28.2843      50.6870       2.1270        -14.6466      
     800.0000      7.5121        3.5986        -38.6417      52.8004       3.5978        -25.0039      
     1000.0000     7.8107        5.1317        -49.3780      54.5096       5.1308        -35.7402      
     1200.0000     8.0537        6.7191        -60.4282      55.9560       6.7182        -46.7904      
     1400.0000     8.2449        8.3497        -71.7478      57.2125       8.3488        -58.1100      
     1600.0000     8.3943        10.0142       -83.3035      58.3236       10.0134       -69.6657      
     1800.0000     8.5105        11.7052       -95.0695      59.3193       11.7044       -81.4318      
     2000.0000     8.6011        13.4168       -107.0250     60.2209       13.4159       -93.3872      
     2200.0000     8.6725        15.1444       -119.1527     61.0441       15.1435       -105.5149     
     2400.0000     8.7297        16.8848       -131.4382     61.8013       16.8839       -117.8004     
     2600.0000     8.7769        18.6356       -143.8694     62.5019       18.6348       -130.2316     
 -----------------------------------------------------------------------------------------------------


