------------------------------
  Elements     Atomic Weight  
------------------------------
  1.	H          1.00800002
  2.	C         12.01099968
  3.	N         14.00699997
------------------------------


------------------------------------------------------------------------------------------------------
                                                Molecular        Temperature        Elements
  Species                  Phase  Charge         weight         Low      High       H       C       N
------------------------------------------------------------------------------------------------------
    1. H2                    G      0            2.016000    200.00   3500.00       2       0       0
    2. H                     G      0            1.008000    200.00   3500.00       1       0       0
    3. C3H3                  G      0           39.056999    300.00   4000.00       3       3       0
    4. CH                    G      0           13.019000    200.00   3500.00       1       1       0
    5. CH2                   G      0           14.027000    200.00   3500.00       2       1       0
    6. AC3H4                 G      0           40.064999    300.00   4000.00       4       3       0
    7. CH3                   G      0           15.035000    200.00   3500.00       3       1       0
    8. CH4                   G      0           16.043000    200.00   3500.00       4       1       0
    9. C4H4                  G      0           52.075999    300.00   4000.00       4       4       0
   10. C2H                   G      0           25.029999    200.00   3500.00       1       2       0
   11. C2H2                  G      0           26.037999    200.00   3500.00       2       2       0
   12. C2H3                  G      0           27.045999    200.00   3500.00       3       2       0
   13. C2H4                  G      0           28.053999    200.00   3500.00       4       2       0
   14. C2H5                  G      0           29.061999    200.00   3500.00       5       2       0
   15. C2H6                  G      0           30.069999    200.00   3500.00       6       2       0
   16. C6H6                  G      0           78.113998    300.00   4000.00       6       6       0
   17. C10H8                 G      0          128.173997    300.00   4000.00       8      10       0
   18. C4H3                  G      0           51.067999    300.00   4000.00       3       4       0
   19. N2                    G      0           28.014000    300.00   5000.00       0       0       2
------------------------------------------------------------------------------------------------------

------------------------------------------------------------------------------------------------------------------
  Species                  Shape       eps/kb          sigma             mu           alfa        zRot298         
------------------------------------------------------------------------------------------------------------------
    1. H2                    1        38.0000         2.9200         0.0000         0.7900       280.0000
    2. H                     0       145.0000         2.0500         0.0000         0.0000         0.0000
    3. C3H3                  2       252.0000         4.7600         0.0000         0.0000         1.0000
    4. CH                    1        80.0000         2.7500         0.0000         0.0000         0.0000
    5. CH2                   1       144.0000         3.8000         0.0000         0.0000         0.0000
    6. AC3H4                 1       252.0000         4.7600         0.0000         0.0000         0.0000
    7. CH3                   1       144.0000         3.8000         0.0000         0.0000         0.0000
    8. CH4                   2       141.4000         3.7460         0.0000         2.6000        13.0000
    9. C4H4                  2       357.0000         5.1800         0.0000         0.0000         1.0000
   10. C2H                   1       209.0000         4.1000         0.0000         0.0000         2.5000
   11. C2H2                  1       209.0000         4.1000         0.0000         0.0000         2.5000
   12. C2H3                  2       209.0000         4.1000         0.0000         0.0000         1.0000
   13. C2H4                  2       280.8000         3.9710         0.0000         0.0000         1.5000
   14. C2H5                  2       252.3000         4.3020         0.0000         0.0000         1.5000
   15. C2H6                  2       252.3000         4.3020         0.0000         0.0000         1.5000
   16. C6H6                  2       468.5000         5.2300         0.0000        10.3000         1.0000
   17. C10H8                 2       630.4000         6.1800         0.0000        16.5000         1.0000
   18. C4H3                  1       357.0000         5.1800         0.0000         0.0000         1.0000
   19. N2                    1        97.5300         3.6210         0.0000         1.7600         4.0000
------------------------------------------------------------------------------------------------------------------


---------------------------------------------------------------------------------------
                                  CHEMICAL REACTIONS                                 

                         Units: [kmol, m3, s] and [cal/mol]                          
---------------------------------------------------------------------------------------


      1. H + CH3 (+M)  = CH4 (+M) 
         Fall-off (Troe)
         k0:      2.477000e+27	   -4.76       2440.00
         kInf:    1.270000e+13	   -0.63        383.00
         Troe Parameters
         a    7.83e-01
         T*** 7.40e+01
         T*   2.94e+03
         T**  6.96e+03
         H2                  	enhanced by	   2.000
         CH4                 	enhanced by	   2.000
         C2H6                	enhanced by	   3.000


      2. H + CH4  = H2 + CH3 
         k:       6.600000e+05	    1.62      10840.00


      3. H + C2H2 (+M)  = C2H3 (+M) 
         Fall-off (Troe)
         k0:      3.800000e+34	   -7.27       7220.00
         kInf:    5.600000e+09	    0.00       2400.00
         Troe Parameters
         a    7.51e-01
         T*** 9.85e+01
         T*   1.30e+03
         T**  4.17e+03
         H2                  	enhanced by	   2.000
         CH4                 	enhanced by	   2.000
         C2H6                	enhanced by	   3.000


      4. H + C2H3  = H2 + C2H2 
         k:       3.000000e+10	    0.00          0.00


      5. H + C2H4 (+M)  = C2H5 (+M) 
         Fall-off (Troe)
         k0:      1.200000e+36	   -7.62       6970.00
         kInf:    1.080000e+09	    0.45       1820.00
         Troe Parameters
         a    9.75e-01
         T*** 2.10e+02
         T*   9.84e+02
         T**  4.37e+03
         H2                  	enhanced by	   2.000
         CH4                 	enhanced by	   2.000
         C2H6                	enhanced by	   3.000


      6. H + C2H4  = H2 + C2H3 
         k:       1.325000e+03	    2.53      12240.00


      7. H + C2H6  = H2 + C2H5 
         k:       1.150000e+05	    1.90       7530.00


      8. 2CH3 (+M)  = C2H6 (+M) 
         Fall-off (Troe)
         k0:      1.770000e+44	   -9.67       6220.00
         kInf:    2.120000e+13	   -0.97        620.00
         Troe Parameters
         a    5.32e-01
         T*** 1.51e+02
         T*   1.04e+03
         T**  4.97e+03
         H2                  	enhanced by	   2.000
         CH4                 	enhanced by	   2.000
         C2H6                	enhanced by	   3.000


      9. 2CH3  = H + C2H5 
         k:       4.990000e+09	    0.10      10600.00


     10. CH3 + C2H4  = CH4 + C2H3 
         k:       2.270000e+02	    2.00       9200.00


     11. H2 + C2H  = H + C2H2 
         k:       4.070000e+02	    2.40        200.00


     12. H + C2H (+M)  = C2H2 (+M) 
         Fall-off (Troe)
         k0:      3.750000e+27	   -4.80       1900.00
         kInf:    1.000000e+14	   -1.00          0.00
         Troe Parameters
         a    6.46e-01
         T*** 1.32e+02
         T*   1.32e+03
         T**  5.57e+03
         H2                  	enhanced by	   2.000
         CH4                 	enhanced by	   2.000
         C2H6                	enhanced by	   3.000


     13. C2H3 + C4H3  = C6H6 
         k:       2.870000e+11	    0.00        820.00


     14. 2C3H3  = C6H6 
         k:       3.000000e+08	    0.00          0.00


     15. AC3H4  = H + C3H3 
         k:       1.000000e+17	    0.00      70000.00


     16. CH3 + C2H2  = H + AC3H4 
         k:       6.740000e+16	   -2.10      31590.00


     17. C2H + C2H2  = C4H3 
         k:       1.000000e+10	    0.00          0.00


     18. 2C2H2  = C4H4 
         k:       2.450000e+11	    0.00      46400.00


     19. C2H2 + C2H3  = H + C4H4 
         k:       2.000000e+09	    0.00       5000.00


     20. C2H + C2H4  = H + C4H4 
         k:       1.210000e+10	    0.00          0.00


     21. CH3 + C2H6  = CH4 + C2H5 
         k:       6.140000e+03	    1.74      10450.00


     22. C3H3 + AC3H4  = H + C6H6 
         k:       2.200000e+08	    0.00       2000.00


     23. C2H4 (+M)  = H2 + C2H2 (+M) 
         Fall-off (Troe)
         k0:      7.000000e+47	   -9.31      99860.00
         kInf:    8.000000e+12	    0.44      88770.00
         Troe Parameters
         a    7.35e-01
         T*** 1.80e+02
         T*   1.04e+03
         T**  5.42e+03
         H2                  	enhanced by	   2.000
         CH4                 	enhanced by	   2.000
         C2H6                	enhanced by	   3.000


     24. C4H4 + C2H2  = C6H6 
         k:       4.470000e+08	    0.00      30090.00


     25. AC3H4 + C2H  = C3H3 + C2H2 
         k:       1.000000e+10	    0.00          0.00


     26. H + C2H5 (+M)  = C2H6 (+M) 
         Fall-off (Troe)
         k0:      1.990000e+35	   -7.08       6685.00
         kInf:    5.210000e+14	   -0.99       1580.00
         Troe Parameters
         a    8.42e-01
         T*** 1.25e+02
         T*   2.22e+03
         T**  6.88e+03


     27. H + C2H3 (+M)  = C2H4 (+M) 
         Fall-off (Troe)
         k0:      1.400000e+24	   -3.86       3320.00
         kInf:    6.080000e+09	    0.27        280.00
         Troe Parameters
         a    7.82e-01
         T*** 2.08e+02
         T*   2.66e+03
         T**  6.10e+03
         H2                  	enhanced by	   2.000
         CH4                 	enhanced by	   2.000
         C2H6                	enhanced by	   3.000


     28. H + C2H5  = H2 + C2H4 
         k:       2.000000e+09	    0.00          0.00


