 ----------------------------------------------------------------------------------------------------------------------------------------------------------------------------------------------------------------------------------------------------------
                     SPECIFIC HEAT COEFFICIENTS                                                                     

             Cp = A + B*T + C*T^2 + D*T^3 + E*T^4  [J/kg/K]                                                         

    Species                      Cp(298K)         Cp(1000K)          LT-HT            A(LT)            B(LT)            C(LT)            D(LT)            E(LT)             A(HT)           B(HT)            C(HT)            D(HT)           E(HT)      
 ----------------------------------------------------------------------------------------------------------------------------------------------------------------------------------------------------------------------------------------------------------

    1. H2                       1.430307e+04     1.496188e+04     1.000000e+03     9.668577e+03     3.291356e+01    -8.033251e-02     8.313311e-05    -3.042086e-08     1.376373e+04    -2.037475e-01     2.059878e-03    -7.405744e-07     8.259006e-11
    2. H                        2.062119e+04     2.062119e+04     1.000000e+03     2.062119e+04     5.817920e-09    -1.646329e-11     1.897822e-14    -7.652376e-18     2.062119e+04    -1.904102e-07     1.332640e-10    -3.905778e-14     4.109368e-18
    3. C3H3                     1.692675e+03     2.678933e+03     1.000000e+03     1.012075e+03     2.358772e+00     5.946432e-05    -1.166416e-06     4.150374e-10     1.879955e+03     9.275604e-01    -8.747388e-05    -5.042542e-08     9.316745e-12
    4. CH                       2.240942e+03     2.478401e+03     1.000000e+03     2.228739e+03     2.068145e-01    -1.078658e-03     2.019492e-06    -8.979866e-10     1.838305e+03     6.200649e-01     9.224886e-05    -8.346257e-08     1.124514e-11
    5. CH2                      2.496057e+03     3.178875e+03     1.000000e+03     2.230317e+03     5.742961e-01     1.656668e-03    -2.282616e-06     1.000211e-09     1.703615e+03     2.167316e+00    -8.351485e-04     1.542206e-07    -1.112750e-11
    6. AC3H4                    1.482012e+03     2.944981e+03     1.400070e+03     5.270767e+02     3.389779e+00    -3.662701e-04    -9.644413e-07     3.588368e-10     2.028810e+03     1.100323e+00    -7.680720e-05    -6.280487e-08     1.056212e-11
    7. CH3                      2.554863e+03     3.919407e+03     1.000000e+03     2.031522e+03     1.112071e+00     3.168852e-03    -3.799808e-06     1.406771e-09     1.264018e+03     4.003717e+00    -1.651912e-03     3.294179e-07    -2.583397e-11
    8. CH4                      2.224358e+03     4.588709e+03     1.000000e+03     2.668980e+03    -7.085136e+00     2.548811e-02    -2.512234e-05     8.639099e-09     3.879262e+01     6.940006e+00    -2.971117e-03     6.337946e-07    -5.276687e-11
    9. C4H4                     1.398985e+03     2.708776e+03     1.000000e+03    -3.057886e+02     8.422212e+00    -1.144060e-02     8.792871e-06    -2.759921e-09     1.061868e+03     2.575227e+00    -1.148577e-03     2.391993e-07    -1.894226e-11
   10. C2H                      1.677794e+03     2.115528e+03     1.000000e+03     9.598860e+02     4.454519e+00    -9.459470e-03     9.792365e-06    -3.631773e-09     1.052282e+03     1.578592e+00    -6.105037e-04     1.010459e-07    -5.887316e-12
   11. C2H2                     1.689430e+03     2.608073e+03     1.000000e+03     2.582283e+02     7.459822e+00    -1.134136e-02     8.945836e-06    -2.714456e-09     1.324403e+03     1.903681e+00    -7.577307e-04     1.492542e-07    -1.153497e-11
   12. C2H3                     1.578694e+03     2.950457e+03     1.000000e+03     9.875742e+02     4.656762e-01     7.968597e-03    -1.099509e-05     4.523702e-09     9.273992e+02     3.175712e+00    -1.438975e-03     3.128400e-07    -2.651820e-11
   13. C2H4                     1.528235e+03     3.354139e+03     1.000000e+03     1.173402e+03    -2.243702e+00     1.692264e-02    -2.049686e-05     7.998658e-09     6.034494e+02     4.340513e+00    -1.988897e-03     4.363297e-07    -3.725595e-11
   14. C2H5                     1.736581e+03     3.711324e+03     1.000000e+03     1.232054e+03    -1.197758e+00     1.422295e-02    -1.714065e-05     6.594723e-09     5.592154e+02     4.977254e+00    -2.283621e-03     5.012872e-07    -4.281155e-11
   15. C2H6                     1.745360e+03     4.079993e+03     1.000000e+03     1.186594e+03    -1.521196e+00     1.657468e-02    -1.958935e-05     7.429257e-09     2.963791e+02     5.996054e+00    -2.772116e-03     6.122121e-07    -5.253648e-11
   16. C6H6                     1.058638e+03     2.734396e+03     1.000000e+03    -3.340103e+02     5.027276e+00    -3.152976e-04    -3.472948e-06     1.829376e-09     1.374238e+03     1.834278e+00    -5.347775e-04     6.273044e-08    -2.072943e-12
   17. C10H8                    1.058008e+03     2.575948e+03     1.401000e+03    -5.732084e+02     7.090170e+00    -6.196250e-03     2.735168e-06    -4.799311e-10     1.518075e+03     1.572637e+00    -5.424841e-04     8.473138e-08    -4.937494e-12
   18. C4H3                     1.472084e+03     2.496116e+03     1.000000e+03     6.763000e+02     2.810595e+00    -3.890178e-05    -1.658562e-06     7.066844e-10     1.750670e+03     8.761141e-01    -9.035453e-05    -4.969443e-08     9.380780e-12
   19. N2                       1.037719e+03     1.169485e+03     1.000000e+03     9.790364e+02     4.179611e-01    -1.176271e-03     1.674383e-06    -7.256245e-10     8.686170e+02     4.416266e-01    -1.687218e-04     2.996767e-08    -2.004372e-12

 ----------------------------------------------------------------------------------------------------------------------------------------------------------------------------------------------------------------------------------------------------------


 -------------------------------------------------------------------------------------------------------------------------------------------------------------------------------------------------------------------------------------------------------------------------------------------
                           ENTHALPY COEFFICIENTS                                                                     

             H/(RT) = A + B*T + C*T^2 + D*T^3 + E*T^4 + F/T  [-]                                                         

    Species                   H(298K)[J/kmol]  H(1000K)[J/kmol]      LT-HT            A(LT)            B(LT)            C(LT)            D(LT)            E(LT)           F(LT)             A(HT)            B(HT)            C(HT)           D(HT)             E(HT)            F(HT)      
 -------------------------------------------------------------------------------------------------------------------------------------------------------------------------------------------------------------------------------------------------------------------------------------------

    1. H2                      -4.325324e+03     2.068653e+07     1.000000e+03     2.344331e+00     3.990260e-03    -6.492717e-06     5.039302e-09    -1.475224e-12    -9.179352e+02     3.337279e+00    -2.470124e-05     1.664856e-07    -4.489160e-11     4.005108e-15    -9.501589e+02
    2. H                        2.179941e+08     2.325859e+08     1.000000e+03     2.500000e+00     3.526664e-13    -6.653065e-16     5.752041e-19    -1.855465e-22     2.547366e+04     2.500000e+00    -1.154215e-11     5.385398e-15    -1.183788e-18     9.963947e-23     2.547366e+04
    3. C3H3                     3.474626e+08     4.098731e+08     1.000000e+03     4.754199e+00     5.540140e-03     9.311077e-08    -1.369803e-09     3.899258e-13     3.988883e+04     8.831048e+00     2.178597e-03    -1.369689e-07    -5.921807e-11     8.753040e-15     3.847419e+04
    4. CH                       5.973302e+08     6.185574e+08     1.000000e+03     3.489817e+00     1.619178e-04    -5.629969e-07     7.905433e-10    -2.812181e-13     7.079729e+04     2.878465e+00     4.854568e-04     4.814855e-08    -3.267196e-11     3.521588e-15     7.101244e+04
    5. CH2                      3.923278e+08     4.203588e+08     1.000000e+03     3.762679e+00     4.844361e-04     9.316328e-07    -9.627279e-10     3.374834e-13     4.600404e+04     2.874101e+00     1.828196e-03    -4.696487e-07     6.504489e-11    -3.754551e-15     4.626360e+04
    6. AC3H4                    1.993031e+08     2.645256e+08     1.400070e+03     2.539831e+00     8.167185e-03    -5.883167e-07    -1.161841e-09     3.458262e-13     2.251243e+04     9.776251e+00     2.651069e-03    -1.233706e-07    -7.565965e-11     1.017916e-14     1.954973e+04
    7. CH3                      1.468934e+08     1.814641e+08     1.000000e+03     3.673590e+00     1.005476e-03     1.910073e-06    -1.717794e-09     5.087715e-13     1.644500e+04     2.285718e+00     3.619950e-03    -9.957145e-07     1.489212e-10    -9.343088e-15     1.677558e+04
    8. CH4                     -7.460492e+07    -3.594844e+07     1.000000e+03     5.149876e+00    -6.835489e-03     1.639335e-05    -1.211858e-08     3.333879e-12    -1.024665e+04     7.485150e-02     6.695473e-03    -1.910953e-06     3.057313e-10    -2.036305e-14    -9.468345e+03
    9. C4H4                     2.845073e+08     3.647075e+08     1.000000e+03    -1.915247e+00     2.637543e-02    -2.388531e-05     1.376810e-08    -3.457244e-12     3.297850e+04     6.650803e+00     8.064715e-03    -2.397962e-06     3.745445e-10    -2.372822e-14     3.119586e+04
   10. C2H                      5.661959e+08     5.996794e+08     1.000000e+03     2.889657e+00     6.704981e-03    -9.492317e-06     7.369776e-09    -2.186630e-12     6.683939e+04     3.167807e+00     2.376110e-03    -6.126236e-07     7.604756e-11    -3.544655e-15     6.712107e+04
   11. C2H2                     2.281921e+08     2.692476e+08     1.000000e+03     8.086811e-01     1.168078e-02    -1.183906e-05     7.003811e-09    -1.700146e-12     2.642898e+04     4.147570e+00     2.980833e-03    -7.909828e-07     1.168530e-10    -7.224704e-15     2.593600e+04
   12. C2H3                     2.997320e+08     3.448140e+08     1.000000e+03     3.212466e+00     7.573958e-04     8.640314e-06    -8.941446e-09     2.943017e-12     3.485985e+04     3.016724e+00     5.165115e-03    -1.560274e-06     2.544082e-10    -1.725214e-14     3.461287e+04
   13. C2H4                     5.249327e+07     1.031384e+08     1.000000e+03     3.959201e+00    -3.785261e-03     1.903301e-05    -1.728972e-08     5.397687e-12     5.089776e+03     2.036111e+00     7.322708e-03    -2.236926e-06     3.680573e-10    -2.514121e-14     4.939886e+03
   14. C2H5                     1.186500e+08     1.767508e+08     1.000000e+03     4.306466e+00    -2.093294e-03     1.657143e-05    -1.497817e-08     4.610180e-12     1.284163e+04     1.954656e+00     8.698636e-03    -2.660689e-06     4.380442e-10    -2.992832e-14     1.285752e+04
   15. C2H6                    -8.385893e+07    -1.944102e+07     1.000000e+03     4.291425e+00    -2.750771e-03     1.998128e-05    -1.771166e-08     5.373715e-12    -1.152221e+04     1.071881e+00     1.084263e-02    -3.341869e-06     5.535300e-10    -3.800058e-14    -1.142639e+04
   16. C6H6                     8.289248e+07     1.967240e+08     1.000000e+03    -3.138012e+00     2.361552e-02    -9.874023e-07    -8.157048e-09     3.437382e-12     8.890030e+03     1.291091e+01     8.616480e-03    -1.674737e-06     1.473374e-10    -3.895042e-15     3.664373e+03
   17. C10H8                    1.505773e+08     3.299895e+08     1.401000e+03    -8.836460e+00     5.465028e-02    -3.184003e-05     1.054119e-08    -1.479703e-12     1.665334e+04     2.340232e+01     1.212172e-02    -2.787607e-06     3.265503e-10    -1.522307e-14     6.519413e+03
   18. C4H3                     5.434742e+08     6.186603e+08     1.000000e+03     4.153881e+00     8.631435e-03    -7.964580e-08    -2.546750e-09     8.681008e-13     6.338072e+04     1.075274e+01     2.690576e-03    -1.849879e-07    -7.630665e-11     1.152348e-14     6.121420e+04
   19. N2                      -2.930724e+03     2.146986e+07     1.000000e+03     3.298677e+00     7.041202e-04    -1.321074e-06     1.410379e-09    -4.889708e-13    -1.020900e+03     2.926640e+00     7.439884e-04    -1.894920e-07     2.524260e-11    -1.350670e-15    -9.227977e+02

 -------------------------------------------------------------------------------------------------------------------------------------------------------------------------------------------------------------------------------------------------------------------------------------------


 -------------------------------------------------------------------------------------------------------------------------------------------------------------------------------------------------------------------------------------------------------------------------------------------
                             ENTROPY COEFFICIENTS                                                                     

             S/R = A*lnT + B*T + C*T^2 + D*T^3 + E*T^4 + F  [-]                                                         

    Species                 S(298K)[J/kmol/K] S(1000K)[J/kmol/K]     LT-HT            A(LT)            B(LT)            C(LT)            D(LT)            E(LT)           F(LT)             A(HT)            B(HT)            C(HT)           D(HT)             E(HT)            F(HT)      
 -------------------------------------------------------------------------------------------------------------------------------------------------------------------------------------------------------------------------------------------------------------------------------------------

    1. H2                       1.306658e+05     1.662357e+05     1.000000e+03     2.344331e+00     7.980521e-03    -9.739075e-06     6.719070e-09    -1.844029e-12     6.830102e-01     3.337279e+00    -4.940247e-05     2.497284e-07    -5.985546e-11     5.006384e-15    -3.205023e+00
    2. H                        1.147067e+05     1.398717e+05     1.000000e+03     2.500000e+00     7.053328e-13    -9.979598e-16     7.669388e-19    -2.319331e-22    -4.466829e-01     2.500000e+00    -2.308430e-11     8.078097e-15    -1.578384e-18     1.245493e-22    -4.466829e-01
    3. C3H3                     2.572528e+05     3.600765e+05     1.000000e+03     4.754199e+00     1.108028e-02     1.396662e-07    -1.826404e-09     4.874072e-13     5.854547e-01     8.831048e+00     4.357194e-03    -2.054533e-07    -7.895743e-11     1.094130e-14    -2.177919e+01
    4. CH                       1.830217e+05     2.192747e+05     1.000000e+03     3.489817e+00     3.238355e-04    -8.444953e-07     1.054058e-09    -3.515227e-13     2.084011e+00     2.878465e+00     9.709137e-04     7.222283e-08    -4.356262e-11     4.401985e-15     5.484980e+00
    5. CH2                      1.944008e+05     2.416077e+05     1.000000e+03     3.762679e+00     9.688721e-04     1.397449e-06    -1.283637e-09     4.218543e-13     1.562532e+00     2.874101e+00     3.656393e-03    -7.044730e-07     8.672652e-11    -4.693189e-15     6.171193e+00
    6. AC3H4                    2.424251e+05     3.476716e+05     1.400070e+03     2.539831e+00     1.633437e-02    -8.824750e-07    -1.549122e-09     4.322828e-13     9.935702e+00     9.776251e+00     5.302138e-03    -1.850559e-07    -1.008795e-10     1.272395e-14    -3.077059e+01
    7. CH3                      1.939885e+05     2.511172e+05     1.000000e+03     3.673590e+00     2.010952e-03     2.865109e-06    -2.290391e-09     6.359643e-13     1.604564e+00     2.285718e+00     7.239900e-03    -1.493572e-06     1.985615e-10    -1.167886e-14     8.480072e+00
    8. CH4                      1.863523e+05     2.482788e+05     1.000000e+03     5.149876e+00    -1.367098e-02     2.459003e-05    -1.615810e-08     4.167349e-12    -4.641304e+00     7.485150e-02     1.339095e-02    -2.866429e-06     4.076418e-10    -2.545381e-14     1.843732e+01
    9. C4H4                     2.785216e+05     4.086453e+05     1.000000e+03    -1.915247e+00     5.275087e-02    -3.582797e-05     1.835747e-08    -4.321555e-12     3.141998e+01     6.650803e+00     1.612943e-02    -3.596944e-06     4.993927e-10    -2.966027e-14    -9.795598e+00
   10. C2H                      2.133145e+05     2.697925e+05     1.000000e+03     2.889657e+00     1.340996e-02    -1.423848e-05     9.826368e-09    -2.733288e-12     6.222964e+00     3.167807e+00     4.752219e-03    -9.189354e-07     1.013968e-10    -4.430819e-15     6.635895e+00
   11. C2H2                     2.008933e+05     2.689070e+05     1.000000e+03     8.086811e-01     2.336156e-02    -1.775859e-05     9.338415e-09    -2.125182e-12     1.393971e+01     4.147570e+00     5.961667e-03    -1.186474e-06     1.558041e-10    -9.030880e-15    -1.230281e+00
   12. C2H3                     2.338702e+05     3.070828e+05     1.000000e+03     3.212466e+00     1.514792e-03     1.296047e-05    -1.192193e-08     3.678772e-12     8.510540e+00     3.016724e+00     1.033023e-02    -2.340412e-06     3.392110e-10    -2.156518e-14     7.787324e+00
   13. C2H4                     2.192999e+05     3.003156e+05     1.000000e+03     3.959201e+00    -7.570522e-03     2.854951e-05    -2.305296e-08     6.747109e-12     4.097331e+00     2.036111e+00     1.464542e-02    -3.355390e-06     4.907431e-10    -3.142652e-14     1.030537e+01
   14. C2H5                     2.470917e+05     3.402079e+05     1.000000e+03     4.306466e+00    -4.186589e-03     2.485714e-05    -1.997089e-08     5.762725e-12     4.707209e+00     1.954656e+00     1.739727e-02    -3.991033e-06     5.840590e-10    -3.741039e-14     1.346243e+01
   15. C2H6                     2.291936e+05     3.316049e+05     1.000000e+03     4.291425e+00    -5.501543e-03     2.997191e-05    -2.361554e-08     6.717144e-12     2.666823e+00     1.071881e+00     2.168527e-02    -5.012803e-06     7.380400e-10    -4.750072e-14     1.511561e+01
   16. C6H6                     2.692852e+05     4.495605e+05     1.000000e+03    -3.138012e+00     4.723103e-02    -1.481104e-06    -1.087606e-08     4.296728e-12     3.657573e+01     1.291091e+01     1.723296e-02    -2.512105e-06     1.964499e-10    -4.868803e-15    -5.002812e+01
   17. C10H8                    3.363365e+05     6.220231e+05     1.401000e+03    -8.836460e+00     1.093006e-01    -4.776005e-05     1.405492e-08    -1.849629e-12     6.210648e+01     2.340232e+01     2.424344e-02    -4.181410e-06     4.354004e-10    -1.902884e-14    -1.074332e+02
   18. C4H3                     2.889606e+05     4.120927e+05     1.000000e+03     4.153881e+00     1.726287e-02    -1.194687e-07    -3.395667e-09     1.085126e-12     6.036506e+00     1.075274e+01     5.381153e-03    -2.774819e-07    -1.017422e-10     1.440435e-14    -2.973025e+01
   19. N2                       1.914976e+05     2.280885e+05     1.000000e+03     3.298677e+00     1.408240e-03    -1.981611e-06     1.880505e-09    -6.112135e-13     3.950372e+00     2.926640e+00     1.487977e-03    -2.842380e-07     3.365679e-11    -1.688338e-15     5.980528e+00

 -------------------------------------------------------------------------------------------------------------------------------------------------------------------------------------------------------------------------------------------------------------------------------------------


