 ====================================================================================================
   THERMO TABLE FOR MOLECULE H2
 ====================================================================================================
   Elemental Composition:
     H 2
   Formation Enthalpy at 298K =          -0.00103367 kcal/mol
   Formation Free Gibbs Energy at 298K = -9.30658 kcal/mol
   Molecular Weight =                    2.016 kg/kmol
 -----------------------------------------------------------------------------------------------------
   Temperature       Cp             H             G            S             DH            DG         
       [K]       [cal/mol/K]    [kcal/mol]    [kcal/mol]  [cal/(mol-K)]  [kcal/mol]     [kcal/mol]    
 -----------------------------------------------------------------------------------------------------
     300.0000      6.8948        0.0128        -9.3691       31.2728       0.0138        -0.0625       
     600.0000      6.9913        2.1084        -19.5587      36.1120       2.1095        -10.2522      
     800.0000      7.0776        3.5125        -26.9923      38.1309       3.5135        -17.6857      
     1000.0000     7.2084        4.9437        -34.7835      39.7272       4.9447        -25.4769      
     1200.0000     7.4084        6.4052        -42.8656      41.0590       6.4063        -33.5590      
     1400.0000     7.6127        7.9073        -51.1956      42.2164       7.9084        -41.8890      
     1600.0000     7.8140        9.4501        -59.7436      43.2461       9.4512        -50.4371      
     1800.0000     8.0068        11.0324       -68.4875      44.1777       11.0334       -59.1809      
     2000.0000     8.1868        12.6520       -77.4095      45.0307       12.6530       -68.1029      
     2200.0000     8.3515        14.3061       -86.4955      45.8189       14.3071       -77.1889      
     2400.0000     8.4997        15.9915       -95.7334      46.5520       15.9925       -86.4268      
     2600.0000     8.6320        17.7049       -105.1131     47.2377       17.7059       -95.8065      
 -----------------------------------------------------------------------------------------------------


 ====================================================================================================
   THERMO TABLE FOR MOLECULE H
 ====================================================================================================
   Elemental Composition:
     H 1.0000
   Formation Enthalpy at 298K =          52.0965 kcal/mol
   Formation Free Gibbs Energy at 298K = 43.9275 kcal/mol
   Molecular Weight =                    1.0080 kg/kmol
 -----------------------------------------------------------------------------------------------------
   Temperature       Cp             H             G            S             DH            DG         
       [K]       [cal/mol/K]    [kcal/mol]    [kcal/mol]  [cal/(mol-K)]  [kcal/mol]     [kcal/mol]    
 -----------------------------------------------------------------------------------------------------
     300.0000      4.9675        52.1064       43.8726       27.4460       0.0099        -0.0549       
     600.0000      4.9675        53.5967       35.0631       30.8892       1.5002        -8.8643       
     800.0000      4.9675        54.5902       28.7356       32.3182       2.4937        -15.1919      
     1000.0000     4.9675        55.5837       22.1569       33.4267       3.4872        -21.7705      
     1200.0000     4.9675        56.5772       15.3783       34.3324       4.4807        -28.5492      
     1400.0000     4.9675        57.5707       8.4333        35.0981       5.4742        -35.4942      
     1600.0000     4.9675        58.5642       1.3458        35.7615       6.4677        -42.5816      
     1800.0000     4.9675        59.5577       -5.8661       36.3465       7.4612        -49.7936      
     2000.0000     4.9675        60.5512       -13.1887      36.8699       8.4547        -57.1162      
     2200.0000     4.9675        61.5447       -20.6108      37.3434       9.4482        -64.5382      
     2400.0000     4.9675        62.5382       -28.1233      37.7756       10.4417       -72.0508      
     2600.0000     4.9675        63.5317       -35.7187      38.1732       11.4352       -79.6462      
 -----------------------------------------------------------------------------------------------------


 ====================================================================================================
   THERMO TABLE FOR MOLECULE C3H3
 ====================================================================================================
   Elemental Composition:
     C 3.0000
     H 3.0000
   Formation Enthalpy at 298K =          83.0370 kcal/mol
   Formation Free Gibbs Energy at 298K = 64.7164 kcal/mol
   Molecular Weight =                    39.0570 kg/kmol
 -----------------------------------------------------------------------------------------------------
   Temperature       Cp             H             G            S             DH            DG         
       [K]       [cal/mol/K]    [kcal/mol]    [kcal/mol]  [cal/(mol-K)]  [kcal/mol]     [kcal/mol]    
 -----------------------------------------------------------------------------------------------------
     300.0000      15.8389       83.0687       64.5933       61.5844       0.0316        -0.1231       
     600.0000      21.0067       88.6375       44.0911       74.2439       5.6005        -20.6253      
     800.0000      23.4275       93.0954       28.5838       80.6395       10.0584       -36.1326      
     1000.0000     25.0049       97.9519       11.9005       86.0515       14.9149       -52.8159      
     1200.0000     26.1279       103.0675      -5.7866       90.7118       20.0305       -70.5030      
     1400.0000     27.1104       108.3937      -24.3473      94.8150       25.3567       -89.0637      
     1600.0000     27.9516       113.9023      -43.6843      98.4916       30.8653       -108.4007     
     1800.0000     28.6538       119.5651      -63.7212      101.8257      36.5281       -128.4376     
     2000.0000     29.2230       125.3549      -84.3956      104.8753      42.3179       -149.1120     
     2200.0000     29.6681       131.2460      -105.6551     107.6823      48.2090       -170.3715     
     2400.0000     30.0017       137.2147      -127.4545     110.2789      54.1777       -192.1709     
     2600.0000     30.2396       143.2403      -149.7544     112.6902      60.2033       -214.4708     
 -----------------------------------------------------------------------------------------------------


 ====================================================================================================
   THERMO TABLE FOR MOLECULE CH
 ====================================================================================================
   Elemental Composition:
     C 1.0000
     H 1.0000
   Formation Enthalpy at 298K =          142.7507 kcal/mol
   Formation Free Gibbs Energy at 298K = 129.7165 kcal/mol
   Molecular Weight =                    13.0190 kg/kmol
 -----------------------------------------------------------------------------------------------------
   Temperature       Cp             H             G            S             DH            DG         
       [K]       [cal/mol/K]    [kcal/mol]    [kcal/mol]  [cal/(mol-K)]  [kcal/mol]     [kcal/mol]    
 -----------------------------------------------------------------------------------------------------
     300.0000      6.9723        142.7646      129.6290      43.7854       0.0139        -0.0875       
     600.0000      7.1073        144.8691      115.6834      48.6428       2.1184        -14.0331      
     800.0000      7.3738        146.3151      105.7384      50.7209       3.5644        -23.9782      
     1000.0000     7.7110        147.8236      95.4210       52.4025       5.0729        -34.2955      
     1200.0000     8.0717        149.4023      84.7935       53.8407       6.6516        -44.9231      
     1400.0000     8.4048        151.0504      73.8959       55.1103       8.2997        -55.8206      
     1600.0000     8.7066        152.7621      62.7578       56.2527       10.0114       -66.9587      
     1800.0000     8.9748        154.5308      51.4016       57.2940       11.7801       -78.3149      
     2000.0000     9.2084        156.3497      39.8457       58.2520       13.5990       -89.8708      
     2200.0000     9.4075        158.2119      28.1055       59.1393       15.4612       -101.6110     
     2400.0000     9.5738        160.1105      16.1941       59.9652       17.3598       -113.5224     
     2600.0000     9.7104        162.0394      4.1230        60.7371       19.2887       -125.5935     
 -----------------------------------------------------------------------------------------------------


 ====================================================================================================
   THERMO TABLE FOR MOLECULE CH2
 ====================================================================================================
   Elemental Composition:
     C 1.0000
     H 2.0000
   Formation Enthalpy at 298K =          93.7590 kcal/mol
   Formation Free Gibbs Energy at 298K = 79.9144 kcal/mol
   Molecular Weight =                    14.0270 kg/kmol
 -----------------------------------------------------------------------------------------------------
   Temperature       Cp             H             G            S             DH            DG         
       [K]       [cal/mol/K]    [kcal/mol]    [kcal/mol]  [cal/(mol-K)]  [kcal/mol]     [kcal/mol]    
 -----------------------------------------------------------------------------------------------------
     300.0000      8.3744        93.7757       79.8215       46.5141       0.0167        -0.0930       
     600.0000      9.4125        96.4465       64.8604       52.6434       2.6875        -15.0540      
     800.0000      10.0264       98.3912       54.0420       55.4365       4.6322        -25.8724      
     1000.0000     10.6562       100.4578      42.7181       57.7397       6.6989        -37.1963      
     1200.0000     11.2137       102.6466      30.9665       59.7335       8.8877        -48.9480      
     1400.0000     11.6703       104.9366      18.8400       61.4976       11.1776       -61.0745      
     1600.0000     12.0414       107.3091      6.3794        63.0810       13.5501       -73.5350      
     1800.0000     12.3411       109.7484      -6.3826       64.5172       15.9894       -86.2971      
     2000.0000     12.5820       112.2416      -19.4193      65.8304       18.4826       -99.3337      
     2200.0000     12.7754       114.7781      -32.7078      67.0390       21.0191       -112.6223     
     2400.0000     12.9310       117.3493      -46.2289      68.1576       23.5903       -126.1433     
     2600.0000     13.0572       119.9485      -59.9656      69.1977       26.1895       -139.8801     
 -----------------------------------------------------------------------------------------------------


 ====================================================================================================
   THERMO TABLE FOR MOLECULE AC3H4
 ====================================================================================================
   Elemental Composition:
     C 3.0000
     H 4.0000
   Formation Enthalpy at 298K =          47.6297 kcal/mol
   Formation Free Gibbs Energy at 298K = 30.3651 kcal/mol
   Molecular Weight =                    40.0650 kg/kmol
 -----------------------------------------------------------------------------------------------------
   Temperature       Cp             H             G            S             DH            DG         
       [K]       [cal/mol/K]    [kcal/mol]    [kcal/mol]  [cal/(mol-K)]  [kcal/mol]     [kcal/mol]    
 -----------------------------------------------------------------------------------------------------
     300.0000      14.2464       47.6581       30.2491       58.0302       0.0284        -0.1160       
     600.0000      21.7086       53.1041       10.9155       70.3143       5.4744        -19.4496      
     800.0000      25.4466       57.8366       -3.8400       77.0958       10.2069       -34.2051      
     1000.0000     28.1975       63.2166       -19.8703      83.0870       15.5869       -50.2354      
     1200.0000     30.1118       69.0596       -37.0302      88.4081       21.4299       -67.3953      
     1400.0000     31.4719       75.2241       -55.1954      93.1568       27.5944       -85.5605      
     1600.0000     32.5990       81.6340       -74.2616      97.4347       34.0043       -104.6266     
     1800.0000     33.5609       88.2527       -94.1440      101.3315      40.6230       -124.5090     
     2000.0000     34.3618       95.0476       -114.7730     104.9103      47.4179       -145.1381     
     2200.0000     35.0097       101.9872      -136.0900     108.2169      54.3575       -166.4550     
     2400.0000     35.5166       109.0421      -158.0439     111.2858      61.4124       -188.4090     
     2600.0000     35.8981       116.1855      -180.5903     114.1445      68.5558       -210.9553     
 -----------------------------------------------------------------------------------------------------


 ====================================================================================================
   THERMO TABLE FOR MOLECULE CH3
 ====================================================================================================
   Elemental Composition:
     C 1.0000
     H 3.0000
   Formation Enthalpy at 298K =          35.1048 kcal/mol
   Formation Free Gibbs Energy at 298K = 21.2896 kcal/mol
   Molecular Weight =                    15.0350 kg/kmol
 -----------------------------------------------------------------------------------------------------
   Temperature       Cp             H             G            S             DH            DG         
       [K]       [cal/mol/K]    [kcal/mol]    [kcal/mol]  [cal/(mol-K)]  [kcal/mol]     [kcal/mol]    
 -----------------------------------------------------------------------------------------------------
     300.0000      9.1952        35.1231       21.1968       46.4210       0.0184        -0.0928       
     600.0000      11.5018       38.2311       6.1252        53.5098       3.1264        -15.1644      
     800.0000      12.8631       40.6708       -4.9370       57.0097       5.5660        -26.2265      
     1000.0000     14.0828       43.3665       -16.6458      60.0123       8.2617        -37.9354      
     1200.0000     15.1103       46.2894       -28.9194      62.6740       11.1847       -50.2090      
     1400.0000     15.9395       49.3974       -41.6976      65.0678       14.2927       -62.9872      
     1600.0000     16.6039       52.6542       -54.9318      67.2413       17.5495       -76.2214      
     1800.0000     17.1336       56.0300       -68.5817      69.2287       20.9252       -89.8713      
     2000.0000     17.5551       59.5004       -82.6127      71.0566       24.3957       -103.9023     
     2200.0000     17.8914       63.0463       -96.9951      72.7461       27.9416       -118.2847     
     2400.0000     18.1619       66.6526       -111.7031     74.3149       31.5479       -132.9927     
     2600.0000     18.3824       70.3078       -126.7140     75.7776       35.2030       -148.0036     
 -----------------------------------------------------------------------------------------------------


 ====================================================================================================
   THERMO TABLE FOR MOLECULE CH4
 ====================================================================================================
   Elemental Composition:
     C 1.0000
     H 4.0000
   Formation Enthalpy at 298K =          -17.8292 kcal/mol
   Formation Free Gibbs Energy at 298K = -31.1005 kcal/mol
   Molecular Weight =                    16.0430 kg/kmol
 -----------------------------------------------------------------------------------------------------
   Temperature       Cp             H             G            S             DH            DG         
       [K]       [cal/mol/K]    [kcal/mol]    [kcal/mol]  [cal/(mol-K)]  [kcal/mol]     [kcal/mol]    
 -----------------------------------------------------------------------------------------------------
     300.0000      8.5461        -17.8121      -31.1896      44.5918       0.0171        -0.0891       
     600.0000      12.6016       -14.6797      -45.6791      51.6657       3.1495        -14.5786      
     800.0000      15.2945       -11.8810      -56.4192      55.6727       5.9481        -25.3187      
     1000.0000     17.5930       -8.5910       -67.9250      59.3340       9.2382        -36.8245      
     1200.0000     19.4542       -4.8798       -80.1342      62.7119       12.9494       -49.0337      
     1400.0000     20.9635       -0.8327       -92.9923      65.8283       16.9964       -61.8918      
     1600.0000     22.1870       3.4866        -106.4498     68.7103       21.3157       -75.3493      
     1800.0000     23.1831       8.0269        -120.4625     71.3830       25.8561       -89.3620      
     2000.0000     24.0023       12.7480       -134.9906     73.8693       30.5772       -103.8901     
     2200.0000     24.6875       17.6189       -149.9992     76.1900       35.4481       -118.8986     
     2400.0000     25.2738       22.6165       -165.4568     78.3639       40.4456       -134.3563     
     2600.0000     25.7885       27.7237       -181.3360     80.4076       45.5529       -150.2355     
 -----------------------------------------------------------------------------------------------------


 ====================================================================================================
   THERMO TABLE FOR MOLECULE C4H4
 ====================================================================================================
   Elemental Composition:
     C 4.0000
     H 4.0000
   Formation Enthalpy at 298K =          67.9919 kcal/mol
   Formation Free Gibbs Energy at 298K = 48.1566 kcal/mol
   Molecular Weight =                    52.0760 kg/kmol
 -----------------------------------------------------------------------------------------------------
   Temperature       Cp             H             G            S             DH            DG         
       [K]       [cal/mol/K]    [kcal/mol]    [kcal/mol]  [cal/(mol-K)]  [kcal/mol]     [kcal/mol]    
 -----------------------------------------------------------------------------------------------------
     300.0000      17.5013       68.0268       48.0233       66.6782       0.0349        -0.1332       
     600.0000      27.0122       74.8717       25.6030       82.1145       6.8798        -22.5536      
     800.0000      30.8825       80.6798       8.3260        90.4423       12.6880       -39.8306      
     1000.0000     33.7112       87.1582       -10.5003      97.6585       19.1664       -58.6569      
     1200.0000     35.7457       94.1122       -30.6784      103.9922      26.1203       -78.8350      
     1400.0000     37.3302       101.4265      -52.0507      109.6266      33.4346       -100.2073     
     1600.0000     38.5489       109.0199      -74.4914      114.6945      41.0280       -122.6480     
     1800.0000     39.4767       116.8267      -97.8971      119.2910      48.8348       -146.0537     
     2000.0000     40.1797       124.7956      -122.1812     123.4884      56.8037       -170.3378     
     2200.0000     40.7146       132.8874      -147.2698     127.3442      64.8955       -195.4263     
     2400.0000     41.1294       141.0735      -173.0993     130.9053      73.0816       -221.2558     
     2600.0000     41.4627       149.3337      -199.6149     134.2110      81.3419       -247.7714     
 -----------------------------------------------------------------------------------------------------


 ====================================================================================================
   THERMO TABLE FOR MOLECULE C2H
 ====================================================================================================
   Elemental Composition:
     C 2.0000
     H 1.0000
   Formation Enthalpy at 298K =          135.3102 kcal/mol
   Formation Free Gibbs Energy at 298K = 120.1187 kcal/mol
   Molecular Weight =                    25.0300 kg/kmol
 -----------------------------------------------------------------------------------------------------
   Temperature       Cp             H             G            S             DH            DG         
       [K]       [cal/mol/K]    [kcal/mol]    [kcal/mol]  [cal/(mol-K)]  [kcal/mol]     [kcal/mol]    
 -----------------------------------------------------------------------------------------------------
     300.0000      10.0485       135.3302      120.0167      51.0453       0.0201        -0.1020       
     600.0000      11.1957       138.5371      103.4908      58.4104       3.2269        -16.6279      
     800.0000      11.9368       140.8473      91.4646       61.7283       5.5371        -28.6541      
     1000.0000     12.6545       143.3121      78.8368       64.4753       8.0019        -41.2819      
     1200.0000     13.3384       145.9139      65.6996       66.8453       10.6038       -54.4191      
     1400.0000     13.8798       148.6379      52.1167       68.9438       13.3278       -68.0020      
     1600.0000     14.2989       151.4577      38.1365       70.8258       16.1475       -81.9822      
     1800.0000     14.6146       154.3506      23.7983       72.5291       19.0404       -96.3204      
     2000.0000     14.8443       157.2978      9.1349        74.0814       21.9876       -110.9838     
     2200.0000     15.0043       160.2837      -5.8257       75.5042       24.9735       -125.9443     
     2400.0000     15.1094       163.2958      -21.0593      76.8146       27.9857       -141.1780     
     2600.0000     15.1729       166.3247      -36.5450      78.0268       31.0145       -156.6637     
 -----------------------------------------------------------------------------------------------------


 ====================================================================================================
   THERMO TABLE FOR MOLECULE C2H2
 ====================================================================================================
   Elemental Composition:
     C 2.0000
     H 2.0000
   Formation Enthalpy at 298K =          54.5336 kcal/mol
   Formation Free Gibbs Energy at 298K = 40.2267 kcal/mol
   Molecular Weight =                    26.0380 kg/kmol
 -----------------------------------------------------------------------------------------------------
   Temperature       Cp             H             G            S             DH            DG         
       [K]       [cal/mol/K]    [kcal/mol]    [kcal/mol]  [cal/(mol-K)]  [kcal/mol]     [kcal/mol]    
 -----------------------------------------------------------------------------------------------------
     300.0000      10.5473       54.5547       40.1306       48.0802       0.0211        -0.0961       
     600.0000      13.8872       58.2937       24.3418       56.5864       3.7600        -15.8849      
     800.0000      15.1585       61.2029       12.5930       60.7624       6.6693        -27.6337      
     1000.0000     16.2290       64.3451       0.0814        64.2637       9.8115        -40.1453      
     1200.0000     17.1226       67.6832       -13.0819      67.3042       13.1496       -53.3086      
     1400.0000     17.8566       71.1835       -26.8174      70.0007       16.6499       -67.0442      
     1600.0000     18.4578       74.8170       -41.0641      72.4257       20.2834       -81.2909      
     1800.0000     18.9499       78.5594       -55.7730      74.6291       24.0258       -95.9997      
     2000.0000     19.3542       82.3911       -70.9034      76.6473       27.8575       -111.1302     
     2200.0000     19.6891       86.2964       -86.4214      78.5081       31.7628       -126.6481     
     2400.0000     19.9701       90.2631       -102.2977     80.2337       35.7295       -142.5244     
     2600.0000     20.2103       94.2818       -118.5070     81.8419       39.7482       -158.7338     
 -----------------------------------------------------------------------------------------------------


 ====================================================================================================
   THERMO TABLE FOR MOLECULE C2H3
 ====================================================================================================
   Elemental Composition:
     C 2.0000
     H 3.0000
   Formation Enthalpy at 298K =          71.6303 kcal/mol
   Formation Free Gibbs Energy at 298K = 54.9749 kcal/mol
   Molecular Weight =                    27.0460 kg/kmol
 -----------------------------------------------------------------------------------------------------
   Temperature       Cp             H             G            S             DH            DG         
       [K]       [cal/mol/K]    [kcal/mol]    [kcal/mol]  [cal/(mol-K)]  [kcal/mol]     [kcal/mol]    
 -----------------------------------------------------------------------------------------------------
     300.0000      10.2396       71.6508       54.8631       55.9590       0.0204        -0.1118       
     600.0000      15.1698       75.4987       36.7084       64.6505       3.8684        -18.2665      
     800.0000      17.3444       78.7654       23.2979       69.3343       7.1351        -31.6770      
     1000.0000     19.0702       82.4041       9.0170        73.3870       10.7737       -45.9579      
     1200.0000     20.3711       86.3534       -6.0270       76.9836       14.7230       -61.0019      
     1400.0000     21.3913       90.5338       -21.7514      80.2037       18.9035       -76.7263      
     1600.0000     22.1850       94.8948       -38.0879      83.1142       23.2645       -93.0628      
     1800.0000     22.8000       99.3959       -54.9797      85.7642       27.7656       -109.9546     
     2000.0000     23.2773       104.0056      -72.3788      88.1922       32.3753       -127.3537     
     2200.0000     23.6514       108.7000      -90.2439      90.4290       37.0697       -145.2188     
     2400.0000     23.9504       113.4612      -108.5394     92.5002       41.8309       -163.5143     
     2600.0000     24.1956       118.2766      -127.2344     94.4273       46.6463       -182.2093     
 -----------------------------------------------------------------------------------------------------


 ====================================================================================================
   THERMO TABLE FOR MOLECULE C2H4
 ====================================================================================================
   Elemental Composition:
     C 2.0000
     H 4.0000
   Formation Enthalpy at 298K =          12.5449 kcal/mol
   Formation Free Gibbs Energy at 298K = -3.0728 kcal/mol
   Molecular Weight =                    28.0540 kg/kmol
 -----------------------------------------------------------------------------------------------------
   Temperature       Cp             H             G            S             DH            DG         
       [K]       [cal/mol/K]    [kcal/mol]    [kcal/mol]  [cal/(mol-K)]  [kcal/mol]     [kcal/mol]    
 -----------------------------------------------------------------------------------------------------
     300.0000      10.2892       12.5654       -3.1777       52.4772       0.0205        -0.1049       
     600.0000      16.9529       16.6763       -20.3469      61.7054       4.1314        -17.2741      
     800.0000      20.0514       20.3992       -33.2321      67.0390       7.8543        -30.1592      
     1000.0000     22.4874       24.6481       -47.1217      71.7698       12.1032       -44.0488      
     1200.0000     24.3019       29.3344       -61.9098      76.0368       16.7895       -58.8369      
     1400.0000     25.7186       34.3424       -77.5091      79.8939       21.7975       -74.4362      
     1600.0000     26.8158       39.6006       -93.8441      83.4029       27.0556       -90.7713      
     1800.0000     27.6617       45.0520       -110.8503     86.6124       32.5071       -107.7775     
     2000.0000     28.3155       50.6525       -128.4718     89.5621       38.1076       -125.3989     
     2200.0000     28.8262       56.3686       -146.6601     92.2858       43.8237       -143.5873     
     2400.0000     29.2337       62.1761       -165.3730     94.8121       49.6312       -162.3001     
     2600.0000     29.5681       68.0573       -184.5734     97.1657       55.5124       -181.5006     
 -----------------------------------------------------------------------------------------------------


 ====================================================================================================
   THERMO TABLE FOR MOLECULE C2H5
 ====================================================================================================
   Elemental Composition:
     C 2.0000
     H 5.0000
   Formation Enthalpy at 298K =          28.3551 kcal/mol
   Formation Free Gibbs Energy at 298K = 10.7581 kcal/mol
   Molecular Weight =                    29.0620 kg/kmol
 -----------------------------------------------------------------------------------------------------
   Temperature       Cp             H             G            S             DH            DG         
       [K]       [cal/mol/K]    [kcal/mol]    [kcal/mol]  [cal/(mol-K)]  [kcal/mol]     [kcal/mol]    
 -----------------------------------------------------------------------------------------------------
     300.0000      12.1085       28.3793       10.6400       59.1311       0.0242        -0.1182       
     600.0000      19.3492       33.1206       -8.7555       69.7936       4.7655        -19.5137      
     800.0000      22.9314       37.3700       -23.3350      75.8813       9.0149        -34.0931      
     1000.0000     25.7762       42.2401       -39.0632      81.3033       13.8850       -49.8213      
     1200.0000     27.9266       47.6191       -55.8219      86.2009       19.2640       -66.5801      
     1400.0000     29.6045       53.3793       -73.5128      90.6372       25.0242       -84.2709      
     1600.0000     30.9027       59.4356       -92.0505      94.6788       31.0805       -102.8087     
     1800.0000     31.9026       65.7205       -111.3616     98.3789       37.3654       -122.1197     
     2000.0000     32.6744       72.1815       -131.3823     101.7819      43.8264       -142.1404     
     2200.0000     33.2767       78.7790       -152.0571     104.9255      50.4239       -162.8152     
     2400.0000     33.7566       85.4840       -173.3374     107.8423      57.1289       -184.0955     
     2600.0000     34.1502       92.2759       -195.1807     110.5602      63.9208       -205.9389     
 -----------------------------------------------------------------------------------------------------


 ====================================================================================================
   THERMO TABLE FOR MOLECULE C2H6
 ====================================================================================================
   Elemental Composition:
     C 2.0000
     H 6.0000
   Formation Enthalpy at 298K =          -20.0407 kcal/mol
   Formation Free Gibbs Energy at 298K = -36.3630 kcal/mol
   Molecular Weight =                    30.0700 kg/kmol
 -----------------------------------------------------------------------------------------------------
   Temperature       Cp             H             G            S             DH            DG         
       [K]       [cal/mol/K]    [kcal/mol]    [kcal/mol]  [cal/(mol-K)]  [kcal/mol]     [kcal/mol]    
 -----------------------------------------------------------------------------------------------------
     300.0000      12.5989       -20.0156      -36.4727      54.8570       0.0251        -0.1096       
     600.0000      21.3594       -14.9010      -54.6934      66.3207       5.1397        -18.3304      
     800.0000      25.8035       -10.1595      -68.6477      73.1103       9.8812        -32.2847      
     1000.0000     29.3195       -4.6460       -83.8934      79.2473       15.3947       -47.5303      
     1200.0000     31.9695       1.4937        -100.3107     84.8371       21.5344       -63.9477      
     1400.0000     34.0307       8.1025        -117.7949     89.9267       28.1433       -81.4318      
     1600.0000     35.6201       15.0746       -136.2523     94.5793       35.1153       -99.8893      
     1800.0000     36.8401       22.3260       -155.6011     98.8484       42.3667       -119.2380     
     2000.0000     37.7786       29.7919       -175.7692     102.7806      49.8326       -139.4062     
     2200.0000     38.5092       37.4236       -196.6936     106.4169      57.4643       -160.3305     
     2400.0000     39.0906       45.1857       -218.3187     109.7935      65.2264       -181.9556     
     2600.0000     39.5675       53.0529       -240.5958     112.9418      73.0936       -204.2327     
 -----------------------------------------------------------------------------------------------------


 ====================================================================================================
   THERMO TABLE FOR MOLECULE C6H6
 ====================================================================================================
   Elemental Composition:
     C 6.0000
     H 6.0000
   Formation Enthalpy at 298K =          19.8097 kcal/mol
   Formation Free Gibbs Energy at 298K = 0.6322 kcal/mol
   Molecular Weight =                    78.1140 kg/kmol
 -----------------------------------------------------------------------------------------------------
   Temperature       Cp             H             G            S             DH            DG         
       [K]       [cal/mol/K]    [kcal/mol]    [kcal/mol]  [cal/(mol-K)]  [kcal/mol]     [kcal/mol]    
 -----------------------------------------------------------------------------------------------------
     300.0000      19.9156       19.8494       0.5034        64.4868       0.0397        -0.1288       
     600.0000      38.3768       28.8228       -21.8638      84.4776       9.0130        -22.4960      
     800.0000      45.8701       37.3024       -39.9961      96.6231       17.4927       -40.6283      
     1000.0000     51.0451       47.0133       -60.4232      107.4365      27.2036       -61.0554      
     1200.0000     54.3119       57.5576       -82.8900      117.0396      37.7478       -83.5222      
     1400.0000     57.0904       68.7055       -107.1715     125.6265      48.8958       -107.8037     
     1600.0000     59.4272       80.3643       -133.0870     133.4070      60.5545       -133.7192     
     1800.0000     61.3674       92.4500       -160.4901     140.5223      72.6402       -161.1223     
     2000.0000     62.9545       104.8877      -189.2583     147.0730      85.0780       -189.8905     
     2200.0000     64.2306       117.6111      -219.2868     153.1354      97.8013       -219.9190     
     2400.0000     65.2364       130.5619      -250.4839     158.7691      110.7522      -251.1161     
     2600.0000     66.0109       143.6902      -282.7691     164.0228      123.8804      -283.4013     
 -----------------------------------------------------------------------------------------------------


 ====================================================================================================
   THERMO TABLE FOR MOLECULE C10H8
 ====================================================================================================
   Elemental Composition:
     C 10.0000
     H 8.0000
   Formation Enthalpy at 298K =          35.9851 kcal/mol
   Formation Free Gibbs Energy at 298K = 12.0325 kcal/mol
   Molecular Weight =                    128.1740 kg/kmol
 -----------------------------------------------------------------------------------------------------
   Temperature       Cp             H             G            S             DH            DG         
       [K]       [cal/mol/K]    [kcal/mol]    [kcal/mol]  [cal/(mol-K)]  [kcal/mol]     [kcal/mol]    
 -----------------------------------------------------------------------------------------------------
     300.0000      32.6572       36.0502       11.8715       80.5957       0.0651        -0.1610       
     600.0000      60.6142       50.4682       -17.2048      112.7884      14.4831       -29.2373      
     800.0000      71.5897       63.7649       -41.7062      131.8389      27.7798       -53.7386      
     1000.0000     78.9043       78.8613       -69.7905      148.6518      42.8761       -81.8230      
     1200.0000     84.0391       95.1826       -101.0369     163.5162      59.1974       -113.0694     
     1400.0000     87.9107       112.3939      -135.0901     176.7743      76.4088       -147.1225     
     1600.0000     90.6755       130.2621      -171.6579     188.7000      94.2769       -183.6903     
     1800.0000     92.9195       148.6296      -210.4961     199.5143      112.6444      -222.5286     
     2000.0000     94.7197       167.4003      -251.4018     209.4011      131.4151      -263.4343     
     2200.0000     96.1454       186.4925      -294.2040     218.4984      150.5073      -306.2364     
     2400.0000     97.2603       205.8377      -338.7558     226.9140      169.8526      -350.7883     
     2600.0000     98.1222       225.3798      -384.9299     234.7345      189.3946      -396.9624     
 -----------------------------------------------------------------------------------------------------


 ====================================================================================================
   THERMO TABLE FOR MOLECULE C4H3
 ====================================================================================================
   Elemental Composition:
     C 4.0000
     H 3.0000
   Formation Enthalpy at 298K =          129.8801 kcal/mol
   Formation Free Gibbs Energy at 298K = 109.3014 kcal/mol
   Molecular Weight =                    51.0680 kg/kmol
 -----------------------------------------------------------------------------------------------------
   Temperature       Cp             H             G            S             DH            DG         
       [K]       [cal/mol/K]    [kcal/mol]    [kcal/mol]  [cal/(mol-K)]  [kcal/mol]     [kcal/mol]    
 -----------------------------------------------------------------------------------------------------
     300.0000      18.0248       129.9161      109.1631      69.1765       0.0360        -0.1382       
     600.0000      25.4092       136.5081      86.0417       84.1106       6.6280        -23.2597      
     800.0000      28.5599       141.9284      68.4200       91.8855       12.0483       -40.8814      
     1000.0000     30.4633       147.8482      49.3658       98.4824       17.9681       -59.9356      
     1200.0000     31.7980       154.0773      29.0886       104.1572      24.1972       -80.2127      
     1400.0000     32.9493       160.5551      7.7483        109.1478      30.6750       -101.5531     
     1600.0000     33.9166       167.2448      -14.5355      113.6127      37.3647       -123.8369     
     1800.0000     34.7039       174.1098      -37.6687      117.6547      44.2297       -146.9700     
     2000.0000     35.3194       181.1149      -61.5740      121.3444      51.2348       -170.8754     
     2200.0000     35.7758       188.2269      -86.1864      124.7333      58.3468       -195.4878     
     2400.0000     36.0900       195.4157      -111.4499     127.8607      65.5356       -220.7513     
     2600.0000     36.2836       202.6549      -137.3153     130.7578      72.7748       -246.6167     
 -----------------------------------------------------------------------------------------------------


 ====================================================================================================
   THERMO TABLE FOR MOLECULE N2
 ====================================================================================================
   Elemental Composition:
     N 2.0000
   Formation Enthalpy at 298K =          -0.0007 kcal/mol
   Formation Free Gibbs Energy at 298K = -13.6385 kcal/mol
   Molecular Weight =                    28.0140 kg/kmol
 -----------------------------------------------------------------------------------------------------
   Temperature       Cp             H             G            S             DH            DG         
       [K]       [cal/mol/K]    [kcal/mol]    [kcal/mol]  [cal/(mol-K)]  [kcal/mol]     [kcal/mol]    
 -----------------------------------------------------------------------------------------------------
     300.0000      6.9485        0.0132        -13.7300      45.8108       0.0139        -0.0916       
     600.0000      7.1901        2.1285        -28.2849      50.6890       2.1292        -14.6465      
     800.0000      7.5026        3.5960        -38.6422      52.7977       3.5967        -25.0037      
     1000.0000     7.8295        5.1309        -49.3780      54.5089       5.1316        -35.7395      
     1200.0000     8.0555        6.7201        -60.4283      55.9570       6.7208        -46.7898      
     1400.0000     8.2395        8.3503        -71.7480      57.2131       8.3510        -58.1096      
     1600.0000     8.3880        10.0136       -83.3038      58.3234       10.0143       -69.6654      
     1800.0000     8.5065        11.7035       -95.0697      59.3184       11.7042       -81.4313      
     2000.0000     8.6005        13.4146       -107.0250     60.2198       13.4153       -93.3865      
     2200.0000     8.6746        15.1424       -119.1524     61.0431       15.1431       -105.5140     
     2400.0000     8.7331        16.8834       -131.4378     61.8005       16.8841       -117.7993     
     2600.0000     8.7796        18.6348       -143.8689     62.5014       18.6355       -130.2304     
 -----------------------------------------------------------------------------------------------------


