 ----------------------------------------------------------------------------------------------------------------------------------------------------------------------------------------------------------------------------------------------------------
                     SPECIFIC HEAT COEFFICIENTS                                                                     

             Cp = A + B*T + C*T^2 + D*T^3 + E*T^4  [J/kg/K]                                                         

    Species                      Cp(298K)         Cp(1000K)          LT-HT            A(LT)            B(LT)            C(LT)            D(LT)            E(LT)             A(HT)           B(HT)            C(HT)            D(HT)           E(HT)      
 ----------------------------------------------------------------------------------------------------------------------------------------------------------------------------------------------------------------------------------------------------------

    1. HE                       5.192645e+03     5.192645e+03     1.490000e+03     5.192645e+03    -8.463079e-12     1.243176e-14    -7.125866e-18     1.401548e-21     5.192645e+03     1.537721e-11    -1.156854e-14     3.612520e-18    -4.001944e-22
    2. AR                       5.203303e+02     5.203303e+02     1.490000e+03     5.203303e+02    -8.480450e-13     1.245727e-15    -7.140492e-19     1.404425e-22     5.203303e+02     1.540877e-12    -1.159228e-15     3.619935e-19    -4.010159e-23
    3. N2                       1.041476e+03     1.166673e+03     1.050000e+03     1.143621e+03    -7.243422e-01     1.588338e-03    -1.114793e-06     2.738496e-10     8.051735e+02     5.649814e-01    -2.535527e-04     5.466132e-08    -4.591919e-12
    4. O2                       9.161880e+02     1.089452e+03     7.600000e+02     8.991486e+02    -2.299641e-01     1.338923e-03    -1.405004e-06     4.880103e-10     7.321099e+02     6.491870e-01    -3.962440e-04     1.170717e-07    -1.267262e-11
    5. H2                       1.432041e+04     1.499044e+04     7.500000e+02     1.273837e+04     1.047428e+01    -2.363155e-02     2.357834e-05    -8.201704e-09     1.538798e+04    -3.656987e+00     4.630978e-03    -1.543907e-06     1.723781e-10
    6. H2O                      1.867869e+03     2.290815e+03     1.590000e+03     1.862416e+03    -3.173295e-01     1.322880e-03    -6.948443e-07     1.176933e-10     1.065859e+03     1.686587e+00    -5.676074e-04     9.781282e-08    -6.938341e-12
    7. H2O2                     1.276235e+03     1.870722e+03     1.180000e+03     7.135183e+02     2.425839e+00    -2.093740e-03     1.035797e-06    -2.106923e-10     1.115056e+03     1.064695e+00    -3.634727e-04     5.824461e-08    -3.583778e-12
    8. CO                       1.041247e+03     1.183976e+03     1.000000e+03     1.133602e+03    -7.144838e-01     1.707498e-03    -1.272341e-06     3.297004e-10     7.972949e+02     6.307426e-01    -3.103411e-04     7.288553e-08    -6.606183e-12
    9. CO2                      8.450501e+02     1.234970e+03     1.620000e+03     4.626672e+02     1.614558e+00    -1.247991e-03     4.775475e-07    -7.181080e-11     9.594268e+02     3.879907e-01    -1.122811e-04     1.017700e-08     3.142731e-13
   10. CH2O                     1.173410e+03     2.062983e+03     9.300000e+02     8.680074e+02     4.985396e-01     2.437728e-03    -2.471314e-06     7.300403e-10     2.952934e+02     2.961825e+00    -1.535313e-03     3.767446e-07    -3.556687e-11
   11. CH4                      2.208016e+03     4.472446e+03     1.070000e+03     1.481010e+03     1.314160e+00     5.016334e-03    -4.508254e-06     1.169196e-09    -1.463162e+02     7.397624e+00    -3.511887e-03     8.052790e-07    -7.228386e-11
   12. CH3OH                    1.365649e+03     2.786762e+03     7.000000e+02     7.496452e+02     1.260214e+00     4.134885e-03    -5.403750e-06     2.062881e-09     2.424104e+02     4.158699e+00    -2.076154e-03     5.115247e-07    -4.971745e-11
   13. CH3OOH                   1.519561e+03     2.341706e+03     1.800000e+03     1.027052e+03     1.806102e+00    -5.226279e-04     2.454654e-08     6.633164e-12     9.521393e+02     1.972574e+00    -6.613544e-04     7.592672e-08    -5.029721e-13
   14. C2H2                     1.701086e+03     2.622018e+03     9.700000e+02     5.869496e+02     5.253902e+00    -6.175910e-03     3.961745e-06    -1.004669e-09     1.472685e+03     1.601386e+00    -5.276886e-04     7.980534e-08    -4.169322e-12
   15. CH2CO                    1.233056e+03     2.010279e+03     1.410000e+03     4.928847e+02     3.139034e+00    -2.497514e-03     1.056178e-06    -1.803040e-10     1.193813e+03     1.150584e+00    -3.821415e-04     5.600203e-08    -2.967858e-12
   16. C2H2O2                   1.070297e+03     1.867049e+03     1.700000e+03     2.721268e+02     3.371915e+00    -2.601901e-03     9.631737e-07    -1.382651e-10     1.408451e+03     6.982116e-01    -2.427510e-04     3.801666e-08    -2.212565e-12
   17. C2H4                     1.519620e+03     3.348120e+03     1.800000e+03     7.888327e+01     5.757717e+00    -3.394696e-03     1.036392e-06    -1.301756e-10     1.331706e+03     2.973667e+00    -1.074654e-03     1.771168e-07    -1.083190e-11
   18. C2H4O                    1.072852e+03     2.612618e+03     1.440000e+03    -3.334677e+02     5.874423e+00    -4.363015e-03     1.716090e-06    -2.814119e-10     9.006894e+02     2.446208e+00    -7.919586e-04     6.282313e-08     5.613598e-12
   19. CH3CHO                   1.236873e+03     2.542684e+03     1.800000e+03     1.871809e+02     4.218294e+00    -2.566364e-03     8.071676e-07    -1.035939e-10     1.183420e+03     2.004430e+00    -7.214776e-04     1.238763e-07    -8.692307e-12
   20. C2H4O2                   1.213577e+03     2.162053e+03     7.700000e+02     6.429870e+02     1.914918e+00     3.019474e-04    -1.150706e-06     4.542700e-10     4.715950e+02     2.805266e+00    -1.432497e-03     3.509778e-07    -3.328954e-11
   21. C2-OQOOH                 1.257714e+03     2.051204e+03     1.800000e+03     6.056099e+02     2.629637e+00    -1.626078e-03     5.053682e-07    -6.333326e-11     1.169385e+03     1.376805e+00    -5.820504e-04     1.186914e-07    -9.628154e-12
   22. C2H6                     1.711973e+03     4.056455e+03     1.800000e+03    -7.588953e+01     7.090172e+00    -4.001576e-03     1.190500e-06    -1.467516e-10     1.214883e+03     4.221787e+00    -1.611256e-03     3.051966e-07    -2.379276e-11
   23. C2H5OH                   1.417753e+03     3.072037e+03     1.380000e+03     4.492499e+01     5.600702e+00    -3.725614e-03     1.377083e-06    -2.250592e-10     8.716378e+02     3.204433e+00    -1.120974e-03     1.188027e-07     2.890122e-12
   24. C2H5OOH                  1.344262e+03     2.618325e+03     1.590000e+03     1.959718e+02     4.773727e+00    -3.461762e-03     1.312397e-06    -2.020091e-10     1.549246e+03     1.369264e+00    -2.500046e-04    -3.425182e-08     9.728131e-12
   25. C3H2                     1.642637e+03     2.162315e+03     7.000000e+02     9.310156e+02     3.737768e+00    -5.931849e-03     5.255984e-06    -1.845466e-09     1.371575e+03     1.220287e+00    -5.372474e-04     1.182680e-07    -1.056780e-11
   26. AC3H4                    1.462648e+03     2.932354e+03     1.800000e+03     2.522726e+02     4.889792e+00    -3.057683e-03     9.723976e-07    -1.244255e-10     1.378854e+03     2.386277e+00    -9.714205e-04     1.997078e-07    -1.710748e-11
   27. PC3H4                    1.518653e+03     2.901665e+03     9.200000e+02     2.821152e+02     5.268403e+00    -4.383513e-03     2.268755e-06    -5.341157e-10     6.311989e+02     3.750648e+00    -1.908911e-03     4.755660e-07    -4.683605e-11
   28. C2H3CHO                  1.268579e+03     2.488704e+03     1.340000e+03     5.055913e+01     5.208409e+00    -4.276937e-03     1.821645e-06    -3.149721e-10     9.943983e+02     2.390978e+00    -1.123097e-03     2.525708e-07    -2.223431e-11
   29. C3H6                     1.514335e+03     3.421230e+03     1.800000e+03    -5.174420e+01     6.336556e+00    -4.005460e-03     1.317787e-06    -1.759091e-10     1.820818e+03     2.175305e+00    -5.377517e-04     3.345091e-08     2.470942e-12
   30. CH3COCH3                 1.283242e+03     2.818607e+03     7.000000e+02     1.483863e+02     4.390777e+00    -2.033852e-03     2.443618e-07     6.996929e-11     1.176962e+02     4.566149e+00    -2.409649e-03     6.022632e-07    -5.785264e-11
   31. C3H6O                    1.258850e+03     2.905412e+03     1.720000e+03    -1.431240e+01     5.047965e+00    -2.833513e-03     8.038972e-07    -9.862431e-11     9.201380e+02     2.874824e+00    -9.383327e-04     6.933110e-08     8.144017e-12
   32. C2H5CHO                  1.394981e+03     3.036128e+03     1.140000e+03     6.670575e+02     2.028436e+00     2.012977e-03    -2.267403e-06     5.950611e-10    -4.578053e+02     5.975323e+00    -3.180295e-03     7.695981e-07    -7.094797e-11
   33. C3H8                     1.650128e+03     3.946251e+03     1.800000e+03    -2.366535e+02     7.635940e+00    -4.833277e-03     1.593390e-06    -2.131477e-10     2.047578e+03     2.559870e+00    -6.032190e-04     2.670157e-08     4.447853e-12
   34. C4H2                     1.477497e+03     2.216991e+03     1.050000e+03     4.831687e+02     4.697639e+00    -5.476776e-03     3.282171e-06    -7.692115e-10     1.412223e+03     1.158386e+00    -4.207010e-04     7.196474e-08    -4.876591e-12
   35. C4H4                     1.407861e+03     2.705386e+03     1.190000e+03     6.437256e+01     5.858534e+00    -5.235833e-03     2.513315e-06    -4.950036e-10     1.015907e+03     2.660098e+00    -1.204190e-03     2.546922e-07    -2.050289e-11
   36. C4H6                     1.405491e+03     3.124899e+03     1.550000e+03    -1.606786e+02     6.531045e+00    -4.804310e-03     1.844544e-06    -2.857014e-10     1.468535e+03     2.326623e+00    -7.355152e-04     9.452457e-08    -3.440175e-12
   37. IC4H8                    1.597907e+03     3.496694e+03     1.800000e+03     1.062946e+02     5.948730e+00    -3.460296e-03     1.026300e-06    -1.243340e-10     1.131308e+03     3.670922e+00    -1.562123e-03     3.232729e-07    -2.669134e-11
   38. NC4H8                    1.512998e+03     3.499416e+03     1.170000e+03    -1.566449e+02     6.869122e+00    -4.793990e-03     1.932595e-06    -3.516672e-10     4.426484e+02     4.820256e+00    -2.167238e-03     4.358712e-07    -3.185434e-11
   39. CYC5H4O                  9.210101e+02     2.372904e+03     1.260000e+03    -5.340244e+02     6.276412e+00    -5.372175e-03     2.472930e-06    -4.702388e-10     6.586907e+02     2.490015e+00    -8.645598e-04     8.794809e-08     2.971818e-12
   40. CYC5H6                   1.155827e+03     2.908279e+03     1.020000e+03    -7.960930e+02     8.729075e+00    -8.586067e-03     4.578015e-06    -1.016651e-09     2.140047e+02     4.767907e+00    -2.760820e-03     7.706648e-07    -8.347700e-11
   41. C6H6                     1.049552e+03     2.726380e+03     1.550000e+03    -6.741503e+02     7.386917e+00    -6.088427e-03     2.503061e-06    -4.010202e-10     1.675004e+03     1.324585e+00    -2.216535e-04    -2.028271e-08     5.970637e-12
   42. MCPTD                    1.136162e+03     3.009189e+03     1.540000e+03    -6.767574e+02     7.644596e+00    -5.885699e-03     2.277273e-06    -3.502239e-10     1.184488e+03     2.810193e+00    -1.176865e-03     2.388167e-07    -1.930564e-11
   43. C10H8                    1.058197e+03     2.576324e+03     1.370000e+03    -5.655451e+02     7.042395e+00    -6.099294e-03     2.659707e-06    -4.609393e-10     9.807141e+02     2.527769e+00    -1.156273e-03     2.543446e-07    -2.200443e-11
   44. O                        1.368815e+03     1.307883e+03     9.500000e+02     1.534116e+03    -8.754592e-01     1.329866e-03    -9.228303e-07     2.421920e-10     1.337248e+03    -4.654363e-02     2.105230e-05    -4.364392e-09     4.903875e-13
   45. H                        2.062119e+04     2.062119e+04     1.490000e+03     2.062119e+04    -3.360883e-11     4.936937e-14    -2.829845e-17     5.565870e-21     2.062119e+04     6.106644e-11    -4.594131e-14     1.434615e-17    -1.589264e-21
   46. OH                       1.708917e+03     1.807650e+03     8.800000e+02     1.652406e+03     2.999017e-01    -5.204874e-04     5.597203e-07    -1.839322e-10     1.772395e+03    -2.455009e-01     4.091762e-04    -1.445703e-07     1.615033e-11
   47. HO2                      1.048587e+03     1.441406e+03     1.540000e+03     7.185447e+02     1.360949e+00    -9.585967e-04     3.810560e-07    -6.054705e-11     1.048737e+03     5.033070e-01    -1.232312e-04     1.942593e-08    -1.840870e-12
   48. C                        1.734940e+03     1.730807e+03     7.000000e+02     1.765817e+03    -2.055956e-01     4.658692e-04    -4.663247e-07     1.724651e-10     1.723599e+03     3.564785e-02    -5.108105e-05     2.600886e-08    -3.368314e-12
   49. CH                       2.253465e+03     2.500511e+03     1.720000e+03     2.464522e+03    -1.260932e+00     2.137852e-03    -9.967565e-07     1.558252e-10     1.001148e+03     2.142264e+00    -8.300514e-04     1.535936e-07    -1.137682e-11
   50. HCO                      1.190656e+03     1.654761e+03     9.200000e+02     1.072241e+03     7.903698e-03     1.765867e-03    -1.688158e-06     4.969283e-10     7.013399e+02     1.620517e+00    -8.633928e-04     2.171028e-07    -2.080563e-11
   51. CH2                      2.460027e+03     3.148046e+03     9.000000e+02     2.369316e+03    -3.490135e-01     2.846840e-03    -2.397399e-06     6.783701e-10     1.923499e+03     1.632396e+00    -4.555091e-04     4.878545e-08    -1.125628e-12
   52. CH2S                     2.412751e+03     3.153267e+03     9.000000e+02     2.741886e+03    -2.964761e+00     8.006168e-03    -6.465011e-06     1.835171e-09     1.526432e+03     2.437255e+00    -9.971927e-04     2.041450e-07    -1.737258e-11
   53. CH3                      2.580091e+03     3.920806e+03     1.270000e+03     1.953926e+03     1.999054e+00     5.570942e-04    -7.739806e-07     1.847123e-10     1.425232e+03     3.664232e+00    -1.409651e-03     2.584314e-07    -1.851842e-11
   54. CH3O                     1.216810e+03     2.499666e+03     7.000000e+02     5.732369e+02     1.662285e+00     2.727150e-03    -4.018303e-06     1.568414e-09     1.844379e+02     3.883993e+00    -2.033654e-03     5.157956e-07    -5.090676e-11
   55. CH2OH                    1.511902e+03     2.536371e+03     1.590000e+03     5.247299e+02     4.184806e+00    -3.311455e-03     1.356138e-06    -2.178480e-10     2.038841e+03     3.757208e-01     2.820214e-04    -1.505606e-07     1.905433e-11
   56. CH3OO                    1.235383e+03     2.012672e+03     1.300000e+03     7.603584e+02     1.736272e+00    -4.646233e-04    -5.229528e-08     3.296077e-11     6.125792e+02     2.190977e+00    -9.892831e-04     2.167610e-07    -1.878083e-11
   57. C2H                      1.694382e+03     2.118950e+03     1.770000e+03     1.565072e+03     3.002084e-01     5.496525e-04    -3.568175e-07     6.083480e-11     8.726567e+02     1.864988e+00    -7.764318e-04     1.426493e-07    -9.711361e-12
   58. HCCO                     1.279849e+03     1.714561e+03     1.800000e+03     9.008010e+02     1.557764e+00    -1.065888e-03     3.741604e-07    -5.227639e-11     1.509529e+03     2.050353e-01     6.138589e-05    -4.334840e-08     5.710941e-12
   59. C2H3                     1.469960e+03     2.891640e+03     7.000000e+02     8.441940e+02     1.141575e+00     4.941342e-03    -6.544349e-06     2.530045e-09     2.167596e+02     4.726914e+00    -2.741529e-03     7.726704e-07    -8.317587e-11
   60. CH3CO                    1.187872e+03     2.233216e+03     1.800000e+03     3.538435e+02     3.343935e+00    -2.007841e-03     6.220079e-07    -7.872957e-11     1.080617e+03     1.728882e+00    -6.619633e-04     1.235347e-07    -9.497184e-12
   61. CH2CHO                   1.255689e+03     2.406479e+03     1.030000e+03     4.167219e+01     5.383703e+00    -5.165097e-03     2.768359e-06    -6.221581e-10     7.079269e+02     2.796306e+00    -1.397043e-03     3.294889e-07    -3.019937e-11
   62. C2H5                     1.623673e+03     3.652390e+03     7.000000e+02     1.429044e+03    -3.005545e+00     1.737491e-02    -1.923618e-05     7.149038e-09    -3.161034e+02     6.966728e+00    -3.994248e-03     1.115395e-06    -1.193827e-10
   63. CH3CHOH                  1.286377e+03     2.727891e+03     7.000000e+02     3.393530e+02     3.366658e+00    -3.135091e-04    -1.248785e-06     5.893785e-10     1.850761e+02     4.248241e+00    -2.202615e-03     5.503632e-07    -5.317443e-11
   64. C2H4OH                   1.357392e+03     2.787778e+03     1.800000e+03     2.196815e+02     4.557104e+00    -2.720923e-03     8.370515e-07    -1.051359e-10     1.186569e+03     2.408466e+00    -9.303910e-04     1.738916e-07    -1.303036e-11
   65. C2H5OO                   1.247746e+03     2.424851e+03     1.260000e+03     2.479905e+02     4.114008e+00    -2.862558e-03     1.113735e-06    -1.883245e-10     6.567903e+02     2.816230e+00    -1.317585e-03     2.962889e-07    -2.613280e-11
   66. C2-QOOH                  1.334458e+03     2.508669e+03     1.270000e+03     1.122433e+02     5.302536e+00    -4.623936e-03     2.106629e-06    -3.888040e-10     1.069858e+03     2.286426e+00    -1.061601e-03     2.366374e-07    -2.069532e-11
   67. C2-OOQOOH                1.205529e+03     2.041344e+03     1.800000e+03     5.199211e+02     2.763677e+00    -1.705572e-03     5.296928e-07    -6.637458e-11     1.110792e+03     1.450630e+00    -6.113667e-04     1.244314e-07    -1.008828e-11
   68. C3H3                     1.679028e+03     2.679144e+03     1.720000e+03     7.579381e+02     3.845670e+00    -2.838706e-03     1.074385e-06    -1.601425e-10     2.340202e+03     1.659859e-01     3.703208e-04    -1.694239e-07     2.064368e-11
   69. CH2CCH3                  1.537967e+03     3.214262e+03     1.800000e+03     1.235868e+02     5.759440e+00    -3.761567e-03     1.264531e-06    -1.717280e-10     2.026831e+03     1.530008e+00    -2.370409e-04    -4.084959e-08     9.574759e-12
   70. CH2CHCH2                 1.606081e+03     3.349791e+03     1.800000e+03     2.951210e+01     6.523408e+00    -4.601552e-03     1.625715e-06    -2.272919e-10     2.657318e+03     6.838386e-01     2.647558e-04    -1.766218e-07     2.303261e-11
   71. CHCHCH3                  1.537967e+03     3.214262e+03     1.800000e+03     1.235868e+02     5.759440e+00    -3.761567e-03     1.264531e-06    -1.717280e-10     2.026831e+03     1.530008e+00    -2.370409e-04    -4.084959e-08     9.574759e-12
   72. RALD3B                   1.367251e+03     2.883037e+03     1.140000e+03     1.025720e+03    -2.931219e-03     5.012513e-03    -4.191470e-06     1.039206e-09    -8.857772e+02     6.704075e+00    -3.812496e-03     9.693536e-07    -9.255366e-11
   73. RALD3G                   1.396487e+03     2.795289e+03     1.160000e+03     9.248390e+02     9.099784e-01     3.010635e-03    -2.729862e-06     6.796987e-10    -4.318243e+02     5.588128e+00    -3.038696e-03     7.467655e-07    -6.957442e-11
   74. CH3COCH2                 1.344375e+03     2.638440e+03     1.800000e+03     2.660489e+02     4.366714e+00    -2.763611e-03     8.826886e-07    -1.134000e-10     1.346390e+03     1.965955e+00    -7.629788e-04     1.417137e-07    -1.048682e-11
   75. IC3H7                    1.732680e+03     3.720746e+03     1.630000e+03     5.281808e+01     6.846838e+00    -4.498741e-03     1.539594e-06    -2.197625e-10     1.637807e+03     2.957294e+00    -9.194060e-04     7.565299e-08     4.768269e-12
   76. NC3H7                    1.742250e+03     3.708792e+03     1.650000e+03     1.042236e+02     6.648656e+00    -4.273952e-03     1.430345e-06    -2.004805e-10     1.629921e+03     2.949995e+00    -9.115328e-04     7.179157e-08     5.360925e-12
   77. C4H3                     1.459044e+03     2.498824e+03     1.590000e+03     3.820580e+02     4.622126e+00    -3.830601e-03     1.577933e-06    -2.526918e-10     2.119953e+03     2.500629e-01     2.939860e-04    -1.514534e-07     1.922434e-11
   78. C4H5                     1.490144e+03     3.061348e+03     1.800000e+03    -3.159858e+01     6.389719e+00    -4.809481e-03     1.764387e-06    -2.516786e-10     2.978957e+03    -3.004045e-01     7.656224e-04    -3.004665e-07     3.510657e-11
   79. SC4H7                    1.510021e+03     3.364277e+03     1.420000e+03    -1.698355e+02     7.014081e+00    -5.207850e-03     2.073061e-06    -3.451804e-10     1.257004e+03     2.994814e+00    -9.621448e-04     7.977248e-08     5.750767e-12
   80. IC4H7                    1.653463e+03     3.577967e+03     7.000000e+02     5.826612e+02     3.239066e+00     2.279675e-03    -4.149729e-06     1.639935e-09     1.783265e+02     5.549550e+00    -2.671362e-03     5.655438e-07    -4.409099e-11
   81. CH2C3H5                  1.512476e+03     3.346649e+03     1.530000e+03    -4.969499e+01     6.394036e+00    -4.303105e-03     1.538760e-06    -2.333476e-10     1.276469e+03     2.926940e+00    -9.039912e-04     5.766524e-08     8.661449e-12
   82. CYC5H5                   1.308847e+03     2.652279e+03     7.000000e+02    -3.304804e+02     8.248907e+00    -1.194339e-02     1.019198e-05    -3.543189e-09     5.130233e+02     3.428886e+00    -1.614778e-03     3.552021e-07    -3.005436e-11
   83. C5H5O                    1.057407e+03     2.464952e+03     1.450000e+03    -4.121442e+02     6.314594e+00    -5.259212e-03     2.178728e-06    -3.570147e-10     1.084768e+03     2.185182e+00    -9.874056e-04     2.146795e-07    -1.838557e-11
   84. C6H5                     1.109661e+03     2.594490e+03     1.690000e+03    -4.647241e+02     6.757166e+00    -5.576787e-03     2.216319e-06    -3.374839e-10     2.560945e+03    -4.041811e-01     7.794380e-04    -2.910673e-07     3.343132e-11

 ----------------------------------------------------------------------------------------------------------------------------------------------------------------------------------------------------------------------------------------------------------


 -------------------------------------------------------------------------------------------------------------------------------------------------------------------------------------------------------------------------------------------------------------------------------------------
                           ENTHALPY COEFFICIENTS                                                                     

             H/(RT) = A + B*T + C*T^2 + D*T^3 + E*T^4 + F/T  [-]                                                         

    Species                   H(298K)[J/kmol]  H(1000K)[J/kmol]      LT-HT            A(LT)            B(LT)            C(LT)            D(LT)            E(LT)           F(LT)             A(HT)            B(HT)            C(HT)           D(HT)             E(HT)            F(HT)      
 -------------------------------------------------------------------------------------------------------------------------------------------------------------------------------------------------------------------------------------------------------------------------------------------

    1. HE                      -3.117923e+03     1.458876e+07     1.490000e+03     2.500000e+00    -2.037276e-15     1.995091e-18    -8.576875e-22     1.349551e-25    -7.453750e+02     2.500000e+00     3.701681e-15    -1.856558e-18     4.348122e-22    -3.853474e-26    -7.453750e+02
    2. AR                      -3.117923e+03     1.458876e+07     1.490000e+03     2.500000e+00    -2.037276e-15     1.995091e-18    -8.576875e-22     1.349551e-25    -7.453750e+02     2.500000e+00     3.701681e-15    -1.856558e-18     4.348122e-22    -3.853474e-26    -7.453750e+02
    3. N2                       3.604168e+03     2.147322e+07     1.050000e+03     3.853213e+00    -1.220267e-03     1.783868e-06    -9.390210e-10     1.845369e-13    -1.079696e+03     2.712879e+00     9.517988e-04    -2.847659e-07     4.604273e-11    -3.094320e-15    -8.402253e+02
    4. O2                      -1.547415e+04     2.269478e+07     7.600000e+02     3.460351e+00    -4.425056e-04     1.717604e-06    -1.351781e-09     3.756191e-13    -1.029426e+03     2.817506e+00     1.249190e-03    -5.083117e-07     1.126369e-10    -9.754056e-15    -9.317134e+02
    5. H2                       6.914890e+03     2.068889e+07     7.500000e+02     3.088660e+00     1.269844e-03    -1.909973e-06     1.429255e-09    -3.977319e-13    -9.921481e+02     3.731109e+00    -4.433531e-04     3.742897e-07    -9.358745e-11     8.359273e-15    -1.088515e+03
    6. H2O                     -2.418170e+08    -2.158164e+08     1.590000e+03     4.035309e+00    -3.437799e-04     9.554307e-07    -3.763809e-10     5.100136e-14    -3.027833e+04     2.309405e+00     1.827169e-03    -4.099462e-07     5.298292e-11    -3.006670e-15    -2.972949e+04
    7. H2O2                    -1.361170e+08    -9.728930e+07     1.180000e+03     2.918964e+00     4.961986e-03    -2.855125e-06     1.059347e-09    -1.723861e-13    -1.761400e+04     4.561631e+00     2.177805e-03    -4.956488e-07     5.956886e-11    -2.932207e-15    -1.800167e+04
    8. CO                      -1.105406e+08    -8.884453e+07     1.000000e+03     3.818909e+00    -1.203487e-03     1.917423e-06    -1.071575e-09     2.221408e-13    -1.436895e+04     2.685950e+00     1.062432e-03    -3.484954e-07     6.138472e-11    -4.451020e-15    -1.414236e+04
    9. CO2                     -3.935777e+08    -3.601524e+08     1.620000e+03     2.448928e+00     4.272981e-03    -2.201900e-06     6.319226e-10    -7.601987e-14    -4.839229e+04     5.078310e+00     1.026830e-03    -1.981038e-07     1.346688e-11     3.326937e-16    -4.924421e+04
   10. CH2O                    -1.159183e+08    -8.108047e+07     9.300000e+02     3.134633e+00     9.001874e-04     2.934454e-06    -2.231163e-09     5.272786e-13    -1.501713e+04     1.066393e+00     5.348017e-03    -1.848158e-06     3.401342e-10    -2.568851e-14    -1.463244e+04
   11. CH4                     -7.484951e+07    -3.664513e+07     1.070000e+03     2.857653e+00     1.267855e-03     3.226388e-06    -2.174702e-09     4.511995e-13    -1.003579e+04    -2.823214e-01     7.136967e-03    -2.258763e-06     3.884524e-10    -2.789477e-14    -9.363836e+03
   12. CH3OH                   -2.011422e+08    -1.526781e+08     7.000000e+02     2.888958e+00     2.428285e-03     5.311627e-06    -5.206199e-09     1.589972e-12    -2.537165e+04     9.341930e-01     8.013328e-03    -2.667005e-06     4.928243e-10    -3.831990e-14    -2.509798e+04
   13. CH3OOH                  -1.324394e+08    -6.606309e+07     1.800000e+03     5.934309e+00     5.217834e-03    -1.006582e-06     3.545750e-11     7.665290e-15    -1.813425e+04     5.501465e+00     5.698771e-03    -1.273769e-06     1.096762e-10    -5.812350e-16    -1.797842e+04
   14. C2H2                     2.267620e+08     2.679987e+08     9.700000e+02     1.838122e+00     8.226696e-03    -6.446934e-06     3.101701e-09    -6.292548e-13     2.614250e+04     4.611936e+00     2.507491e-03    -5.508456e-07     6.248063e-11    -2.611373e-15     2.560438e+04
   15. CH2CO                   -5.187277e+07    -1.779162e+06     1.410000e+03     2.491971e+00     7.935303e-03    -4.209051e-06     1.334980e-09    -1.823194e-13    -7.584867e+03     6.035788e+00     2.908612e-03    -6.440217e-07     7.078501e-11    -3.001032e-15    -8.584224e+03
   16. C2H2O2                  -2.117431e+08    -1.482385e+08     1.700000e+03     1.899480e+00     1.176820e-02    -6.053867e-06     1.680769e-09    -1.930215e-13    -2.693055e+04     9.831166e+00     2.436803e-03    -5.648110e-07     6.634027e-11    -3.088797e-15    -2.962732e+04
   17. C2H4                     5.239412e+07     1.031169e+08     1.800000e+03     2.661617e-01     9.713616e-03    -3.818039e-06     8.742276e-10    -8.784565e-14     5.453991e+03     4.493337e+00     5.016755e-03    -1.208671e-06     1.494034e-10    -7.309626e-15     3.932208e+03
   18. C2H4O                   -5.286767e+07     8.626726e+06     1.440000e+03    -1.766831e+00     1.556240e-02    -7.705606e-06     2.273115e-09    -2.982042e-13    -7.027315e+03     4.772175e+00     6.480444e-03    -1.398693e-06     8.321487e-11     5.948570e-15    -8.910549e+03
   19. CH3CHO                  -1.654835e+08    -1.038110e+08     1.800000e+03     9.917514e-01     1.117502e-02    -4.532506e-06     1.069166e-09    -1.097755e-13    -2.107924e+04     6.270181e+00     5.310094e-03    -1.274216e-06     1.640852e-10    -9.210992e-15    -2.297948e+04
   20. C2H4O2                  -3.075872e+08    -2.339055e+08     7.700000e+02     4.644035e+00     6.915340e-03     7.269480e-07    -2.077770e-09     6.562017e-13    -3.899667e+04     3.406140e+00     1.013065e-02    -3.448782e-06     6.337428e-10    -4.808738e-14    -3.880604e+04
   21. C2-OQOOH                -2.473321e+08    -1.554455e+08     1.800000e+03     5.539413e+00     1.202643e-02    -4.957821e-06     1.155630e-09    -1.158598e-13    -3.234359e+04     1.069617e+01     6.296701e-03    -1.774639e-06     2.714126e-10    -1.761342e-14    -3.420002e+04
   22. C2H6                    -8.405157e+07    -1.956855e+07     1.800000e+03    -2.744613e-01     1.282112e-02    -4.824020e-06     1.076388e-09    -1.061481e-13    -1.104644e+04     4.393735e+00     7.634237e-03    -1.942417e-06     2.759427e-10    -1.720973e-14    -1.272699e+04
   23. C2H5OH                  -2.354418e+08    -1.584674e+08     1.380000e+03     2.489216e-01     1.551626e-02    -6.880994e-06     1.907545e-09    -2.494029e-13    -2.960158e+04     4.829595e+00     8.877606e-03    -2.070374e-06     1.645663e-10     3.202734e-15    -3.086585e+04
   24. C2H5OOH                 -1.638894e+08    -7.238295e+07     1.590000e+03     1.462942e+00     1.781809e-02    -8.614092e-06     2.449282e-09    -3.016022e-13    -2.152029e+04     1.156522e+01     5.110824e-03    -6.221002e-07    -6.392301e-11     1.452423e-14    -2.473281e+04
   25. C3H2                     5.422768e+08     5.943215e+08     7.000000e+02     4.260553e+00     8.552467e-03    -9.048527e-06     6.013164e-09    -1.689060e-12     6.338778e+04     6.276659e+00     2.792166e-03    -8.195249e-07     1.353058e-10    -9.672162e-15     6.310552e+04
   26. AC3H4                    1.991721e+08     2.644370e+08     1.800000e+03     1.215629e+00     1.178125e-02    -4.911365e-06     1.171426e-09    -1.199141e-13     2.266744e+04     6.644302e+00     5.749391e-03    -1.560332e-06     2.405836e-10    -1.648720e-14     2.071312e+04
   27. PC3H4                    1.853900e+08     2.507745e+08     9.200000e+02     1.359432e+00     1.269346e-02    -7.040962e-06     2.733120e-09    -5.147500e-13     2.093094e+04     3.041566e+00     9.036646e-03    -3.066165e-06     5.729040e-10    -4.513789e-14     2.062143e+04
   28. C2H3CHO                 -8.502719e+07    -6.005631e+06     1.340000e+03     3.409177e-01     1.756002e-02    -9.613057e-06     3.070816e-09    -4.247682e-13    -1.165624e+04     6.705178e+00     8.061123e-03    -2.524330e-06     4.257681e-10    -2.998497e-14    -1.336186e+04
   29. C3H6                     2.029914e+07     9.783451e+07     1.800000e+03    -2.618868e-01     1.603523e-02    -6.757453e-06     1.667390e-09    -1.780616e-13     1.261571e+03     9.215492e+00     5.504808e-03    -9.072196e-07     4.232528e-11     2.501177e-15    -2.150285e+03
   30. CH3COCH3                -2.157995e+08    -1.275705e+08     7.000000e+02     1.036540e+00     1.533571e-02    -4.735770e-06     4.267423e-10     9.775295e-14    -2.750374e+04     8.221574e-01     1.594823e-02    -5.610802e-06     1.051765e-09    -8.082499e-14    -2.747373e+04
   31. C3H6O                   -9.300590e+07    -2.982088e+06     1.720000e+03    -9.997808e-02     1.763107e-02    -6.597759e-06     1.403890e-09    -1.377864e-13    -1.255810e+04     6.427549e+00     1.004093e-02    -2.184882e-06     1.210767e-10     1.137787e-14    -1.480357e+04
   32. C2H5CHO                 -1.897760e+08    -9.673104e+07     1.140000e+03     4.659676e+00     7.084738e-03     4.687162e-06    -3.959690e-09     8.313502e-13    -2.493731e+04    -3.197962e+00     2.087007e-02    -7.405232e-06     1.343991e-09    -9.912025e-14    -2.314577e+04
   33. C3H8                    -1.040386e+08    -1.156685e+07     1.800000e+03    -1.255127e+00     2.024918e-02    -8.544670e-06     2.112695e-09    -2.260922e-13    -1.372716e+04     1.085964e+01     6.788328e-03    -1.066421e-06     3.540395e-11     4.717971e-15    -1.808847e+04
   34. C4H2                     4.674066e+08     5.356248e+08     1.050000e+03     2.909079e+00     1.414185e-02    -1.099159e-05     4.940352e-09    -9.262590e-13     5.434743e+04     8.502758e+00     3.487225e-03    -8.443237e-07     1.083219e-10    -5.872229e-15     5.317276e+04
   35. C4H4                     2.845364e+08     3.647252e+08     1.190000e+03     4.031848e-01     1.834689e-02    -1.093120e-05     3.935414e-09    -6.200715e-13     3.273214e+04     6.362936e+00     8.330500e-03    -2.514070e-06     3.988036e-10    -2.568317e-14     3.131372e+04
   36. C4H6                     1.100902e+08     2.022722e+08     1.550000e+03    -1.045339e+00     2.124475e-02    -1.041858e-05     3.000046e-09    -3.717416e-13     1.191863e+04     9.553953e+00     7.568241e-03    -1.595032e-06     1.537388e-10    -4.476199e-15     8.632847e+03
   37. IC4H8                   -1.596577e+07     9.017280e+07     1.800000e+03     7.173016e-01     2.007173e-02    -7.783638e-06     1.731430e-09    -1.678071e-13    -3.723724e+03     7.634340e+00     1.238613e-02    -3.513861e-06     5.453809e-10    -3.602392e-14    -6.213858e+03
   38. NC4H8                   -6.014398e+05     1.044920e+08     1.170000e+03    -1.057078e+00     2.317725e-02    -1.078367e-05     3.260405e-09    -4.746271e-13    -1.554782e+03     2.987098e+00     1.626413e-02    -4.875016e-06     7.353410e-10    -4.299216e-14    -2.501119e+03
   39. CYC5H4O                  5.588587e+07     1.568607e+08     1.260000e+03    -5.143793e+00     3.022762e-02    -1.724850e-05     5.954897e-09    -9.058805e-13     5.981667e+03     6.344596e+00     1.199208e-02    -2.775851e-06     2.117819e-10     5.724990e-15     3.086593e+03
   40. CYC5H6                   1.342607e+08     2.376745e+08     1.020000e+03    -6.329229e+00     3.469966e-02    -2.275412e-05     9.099222e-09    -1.616549e-12     1.548669e+04     1.701416e+00     1.895330e-02    -7.316509e-06     1.531766e-09    -1.327345e-13     1.384844e+04
   41. C6H6                     8.273917e+07     1.965714e+08     1.550000e+03    -6.333611e+00     3.469988e-02    -1.906683e-05     5.879036e-09    -7.535134e-13     9.217149e+03     1.573658e+01     6.222207e-03    -6.941416e-07    -4.763879e-11     1.121877e-14     2.375388e+03
   42. MCPTD                    1.049632e+08     2.325900e+08     1.540000e+03    -6.522198e+00     3.683711e-02    -1.890766e-05     5.486761e-09    -6.750512e-13     1.175519e+04     1.141541e+01     1.354151e-02    -3.780650e-06     5.753946e-10    -3.721133e-14     6.230407e+03
   43. C10H8                    1.506075e+08     3.300390e+08     1.370000e+03    -8.718324e+00     5.428204e-02    -3.134181e-05     1.025037e-08    -1.421149e-12     1.664344e+04     1.511848e+01     1.948378e-02    -5.941622e-06     9.802307e-10    -6.784314e-14     1.011216e+04
   44. O                        2.491957e+08     2.640601e+08     9.500000e+02     2.952003e+00    -8.422957e-04     8.529928e-07    -4.439362e-10     9.320697e-14     2.914717e+04     2.573184e+00    -4.478050e-05     1.350321e-08    -2.099532e-12     1.887244e-16     2.921914e+04
   45. H                        2.179771e+08     2.325690e+08     1.490000e+03     2.500000e+00    -2.037276e-15     1.995091e-18    -8.576875e-22     1.349551e-25     2.547162e+04     2.500000e+00     3.701681e-15    -1.856558e-18     4.348122e-22    -3.853474e-26     2.547162e+04
   46. OH                       3.728329e+07     5.819930e+07     8.800000e+02     3.379951e+00     3.067203e-04    -3.548808e-07     2.862230e-10    -7.524564e-14     3.456997e+03     3.625384e+00    -2.510826e-04     2.789862e-07    -7.392863e-11     6.607010e-15     3.413801e+03
   47. HO2                      1.253037e+07     4.209779e+07     1.540000e+03     2.852414e+00     2.701286e-03    -1.268450e-06     3.781704e-10    -4.807084e-14     4.478511e+02     4.163181e+00     9.989913e-04    -1.630640e-07     1.927883e-11    -1.461544e-15     4.413489e+01
   48. C                        7.166729e+08     7.312756e+08     7.000000e+02     2.550884e+00    -1.485008e-04     2.243302e-07    -1.684122e-10     4.982832e-14     8.544424e+04     2.489897e+00     2.574828e-05    -2.459708e-08     9.393042e-12    -9.731675e-16     8.545278e+04
   49. CH                       5.942290e+08     6.154922e+08     1.720000e+03     3.859013e+00    -9.872000e-04     1.115835e-06    -3.901868e-10     4.879904e-14     7.038044e+04     1.567624e+00     1.677206e-03    -4.332387e-07     6.012523e-11    -3.562823e-15     7.116867e+04
   50. HCO                      4.351183e+07     7.281420e+07     9.200000e+02     3.742189e+00     1.379220e-05     2.054330e-06    -1.472945e-09     3.468623e-13     4.073310e+03     2.447721e+00     2.827853e-03    -1.004432e-06     1.894256e-10    -1.452259e-14     4.311492e+03
   51. CH2                      3.869885e+08     4.146051e+08     9.000000e+02     3.997179e+00    -2.944034e-04     1.600930e-06    -1.011139e-09     2.288903e-13     4.534408e+04     3.245059e+00     1.376975e-03    -2.561571e-07     2.057600e-11    -3.798005e-16     4.547946e+04
   52. CH2S                     4.247213e+08     4.518610e+08     9.000000e+02     4.625727e+00    -2.500866e-03     4.502296e-06    -2.726716e-09     6.192088e-13     4.982675e+04     2.575183e+00     2.055898e-03    -5.607748e-07     8.610124e-11    -5.861719e-15     5.019585e+04
   53. CH3                      1.457171e+08     1.804193e+08     1.270000e+03     3.533274e+00     1.807440e-03     3.357969e-07    -3.498963e-10     6.680286e-14     1.630604e+04     2.577240e+00     3.313006e-03    -8.496880e-07     1.168300e-10    -6.697353e-15     1.654887e+04
   54. CH3O                     1.626485e+07     5.847866e+07     7.000000e+02     2.139625e+00     3.102266e-03     3.393058e-06    -3.749612e-09     1.170831e-12     9.801354e+02     6.884206e-01     7.248565e-03    -2.530227e-06     4.813060e-10    -3.800222e-14     1.183304e+03
   55. CH2OH                   -1.725178e+07     2.908931e+07     1.590000e+03     1.958571e+00     7.809963e-03    -4.120038e-06     1.265458e-09    -1.626250e-13    -3.252689e+03     7.610042e+00     7.011951e-04     3.508847e-07    -1.404931e-10     1.422418e-14    -5.049856e+03
   56. CH3OO                    1.799089e+07     7.290866e+07     1.300000e+03     4.301172e+00     4.910845e-03    -8.760891e-07    -7.395559e-11     3.729030e-14     4.696346e+02     3.465220e+00     6.196926e-03    -1.865382e-06     3.065418e-10    -2.124776e-14     6.869823e+02
   57. C2H                      5.662352e+08     5.997119e+08     1.770000e+03     4.711518e+00     4.518762e-04     5.515611e-07    -2.685424e-10     3.662762e-14     6.664572e+04     2.627061e+00     2.807196e-03    -7.791279e-07     1.073584e-10    -5.847049e-15     6.738362e+04
   58. HCCO                     1.775169e+08     2.217689e+08     1.800000e+03     4.445142e+00     3.843513e-03    -1.753263e-06     4.615881e-10    -5.159319e-14     1.972729e+04     7.449003e+00     5.058891e-04     1.009727e-07    -5.347735e-11     5.636304e-15     1.864590e+04
   59. C2H3                     2.861847e+08     3.293667e+08     7.000000e+02     2.746067e+00     1.856706e-03     5.357874e-06    -5.322006e-09     1.645990e-12     3.333321e+04     7.050942e-01     7.688057e-03    -2.972627e-06     6.283523e-10    -5.411233e-14     3.361895e+04
   60. CH3CO                   -2.274608e+07     3.144268e+07     1.800000e+03     1.831892e+00     8.655983e-03    -3.464947e-06     8.050529e-10    -8.151854e-14    -3.964777e+03     5.594490e+00     4.475318e-03    -1.142355e-06     1.598886e-10    -9.833620e-15    -5.319312e+03
   61. CH2CHO                   1.468686e+07     7.359025e+07     1.030000e+03     2.157421e-01     1.393605e-02    -8.913448e-06     3.583034e-09    -6.441978e-13     6.736944e+02     3.665025e+00     7.238412e-03    -2.410888e-06     4.264511e-10    -3.126917e-14    -3.685792e+01
   62. C2H5                     1.171179e+08     1.730341e+08     7.000000e+02     4.995018e+00    -5.252724e-03     2.024383e-05    -1.680932e-08     4.997686e-12     1.264909e+04    -1.104894e+00     1.217560e-02    -4.653772e-06     9.746757e-10    -8.345702e-14     1.350307e+04
   63. CH3CHOH                 -4.126611e+07     2.532878e+07     7.000000e+02     1.839155e+00     9.122959e-03    -5.663639e-07    -1.691976e-09     6.388383e-13    -6.294567e+03     1.003037e+00     1.151187e-02    -3.979091e-06     7.456862e-10    -5.763675e-14    -6.177510e+03
   64. C2H4OH                  -3.014889e+07     3.897856e+07     1.800000e+03     1.190584e+00     1.234882e-02    -4.915431e-06     1.134120e-09    -1.139587e-13    -4.956093e+03     6.430718e+00     6.526452e-03    -1.680780e-06     2.356055e-10    -1.412385e-14    -6.842542e+03
   65. C2H5OO                  -1.896336e+07     6.396526e+07     1.260000e+03     1.821200e+00     1.510629e-02    -7.007379e-06     2.044770e-09    -2.766046e-13    -3.995020e+03     4.823356e+00     1.034096e-02    -3.225373e-06     5.439738e-10    -3.838296e-14    -4.751563e+03
   66. C2-QOOH                  3.501078e+07     1.228775e+08     1.270000e+03     8.242958e-01     1.947046e-02    -1.131913e-05     3.867682e-09    -5.710621e-13     2.506520e+03     7.856858e+00     8.395561e-03    -2.598739e-06     4.344562e-10    -3.039659e-14     7.202488e+02
   67. C2-OOQOOH               -1.116871e+08    -1.062881e+06     1.800000e+03     5.819115e+00     1.546596e-02    -6.363096e-06     1.482121e-09    -1.485769e-13    -1.638336e+04     1.243232e+01     8.117946e-03    -2.280868e-06     3.481686e-10    -2.258223e-14    -1.876411e+04
   68. C3H3                     3.473337e+08     4.097265e+08     1.720000e+03     3.560397e+00     9.032474e-03    -4.444919e-06     1.261725e-09    -1.504531e-13     4.001955e+04     1.099305e+01     3.898574e-04     5.798579e-07    -1.989662e-10     1.939464e-14     3.746272e+04
   69. CH2CCH3                  2.705702e+08     3.432467e+08     1.800000e+03     6.105120e-01     1.422566e-02    -6.193981e-06     1.561678e-09    -1.696655e-13     3.124889e+04     1.001244e+01     3.779079e-03    -3.903232e-07    -5.044870e-11     9.459760e-15     2.786419e+04
   70. CH2CHCH2                 1.647864e+08     2.410746e+08     1.800000e+03     1.457882e-01     1.611264e-02    -7.577141e-06     2.007736e-09    -2.245619e-13     1.853015e+04     1.312701e+01     1.689063e-03     4.359598e-07    -2.181255e-10     2.275597e-14     1.385691e+04
   71. CHCHCH3                  2.705702e+08     3.432467e+08     1.800000e+03     6.105120e-01     1.422566e-02    -6.193981e-06     1.561678e-09    -1.696655e-13     3.124889e+04     1.001244e+01     3.779079e-03    -3.903232e-07    -5.044870e-11     9.459760e-15     2.786419e+04
   72. RALD3B                  -2.322923e+07     6.312583e+07     1.140000e+03     7.040729e+00    -1.006021e-05     1.146894e-05    -7.192756e-09     1.426660e-12    -5.141218e+03    -6.080138e+00     2.300900e-02    -8.723224e-06     1.663455e-09    -1.270611e-13    -2.149660e+03
   73. RALD3G                   1.560194e+07     1.011726e+08     1.160000e+03     6.348265e+00     3.123129e-03     6.888517e-06    -4.684568e-09     9.331154e-13    -4.401925e+02    -2.964122e+00     1.917897e-02    -6.952724e-06     1.281484e-09    -9.551432e-14     1.720281e+03
   74. CH3COCH2                -3.040364e+07     5.381821e+07     1.800000e+03     1.826209e+00     1.498696e-02    -6.323312e-06     1.514734e-09    -1.556797e-13    -5.376072e+03     9.241871e+00     6.747339e-03    -1.745742e-06     2.431872e-10    -1.439669e-14    -8.045711e+03
   75. IC3H7                    8.023032e+07     1.678993e+08     1.630000e+03     2.737252e-01     1.774158e-02    -7.771448e-06     1.994704e-09    -2.277801e-13     8.182862e+03     8.487798e+00     7.662963e-03    -1.588248e-06     9.801632e-11     4.942230e-15     5.505074e+03
   76. NC3H7                    9.448437e+07     1.819591e+08     1.650000e+03     5.401303e-01     1.722805e-02    -7.383132e-06     1.853160e-09    -2.077946e-13     9.854238e+03     8.446930e+00     7.644051e-03    -1.574647e-06     9.301344e-11     5.556508e-15     7.244995e+03
   77. C4H3                     5.433191e+08     6.184867e+08     1.590000e+03     2.346627e+00     1.419471e-02    -7.842606e-06     2.422944e-09    -3.104101e-13     6.357559e+04     1.302090e+01     7.679518e-04     6.018940e-07    -2.325593e-10     2.361544e-14     6.018118e+04
   78. C4H5                     3.598558e+08     4.509281e+08     1.800000e+03    -2.017423e-01     2.039770e-02    -1.023544e-05     2.816198e-09    -3.213703e-13     4.177884e+04     1.901927e+01    -9.589719e-04     1.629382e-06    -4.795849e-10     4.482785e-14     3.485927e+04
   79. SC4H7                    1.337704e+08     2.346954e+08     1.420000e+03    -1.125501e+00     2.324118e-02    -1.150415e-05     3.434548e-09    -4.575025e-13     1.463880e+04     8.330178e+00     9.923325e-03    -2.125380e-06     1.321632e-10     7.622075e-15     1.195339e+04
   80. IC4H7                    1.241700e+08     2.300539e+08     7.000000e+02     3.861300e+00     1.073266e-02     5.035807e-06    -6.875071e-09     2.173572e-12     1.274629e+04     1.181771e+00     1.838845e-02    -5.901045e-06     9.369657e-10    -5.843826e-14     1.312142e+04
   81. CH2C3H5                  2.007050e+08     3.008168e+08     1.530000e+03    -3.293291e-01     2.118666e-02    -9.505568e-06     2.549344e-09    -3.092792e-13     2.258811e+04     8.459170e+00     9.698427e-03    -1.996919e-06     9.553699e-11     1.147990e-14     1.989883e+04
   82. CYC5H5                   2.615025e+08     3.573906e+08     7.000000e+02    -2.587374e+00     3.229088e-02    -3.116879e-05     1.994858e-08    -5.548018e-12     3.003556e+04     4.016526e+00     1.342259e-02    -4.214101e-06     6.952308e-10    -4.705989e-14     2.911102e+04
   83. C5H5O                    1.796992e+08     2.891814e+08     1.450000e+03    -4.019794e+00     3.079428e-02    -1.709834e-05     5.312484e-09    -6.964190e-13     2.048832e+04     1.058014e+01     1.065644e-02    -3.210176e-06     5.234620e-10    -3.586424e-14     1.625434e+04
   84. C6H5                     3.319311e+08     4.418035e+08     1.690000e+03    -4.309721e+00     3.133203e-02    -1.723919e-05     5.138382e-09    -6.259462e-13     3.884118e+04     2.374949e+01    -1.874131e-03     2.409430e-06    -6.748193e-10     6.200654e-14     2.935717e+04

 -------------------------------------------------------------------------------------------------------------------------------------------------------------------------------------------------------------------------------------------------------------------------------------------


 -------------------------------------------------------------------------------------------------------------------------------------------------------------------------------------------------------------------------------------------------------------------------------------------
                             ENTROPY COEFFICIENTS                                                                     

             S/R = A*lnT + B*T + C*T^2 + D*T^3 + E*T^4 + F  [-]                                                         

    Species                 S(298K)[J/kmol/K] S(1000K)[J/kmol/K]     LT-HT            A(LT)            B(LT)            C(LT)            D(LT)            E(LT)           F(LT)             A(HT)            B(HT)            C(HT)           D(HT)             E(HT)            F(HT)      
 -------------------------------------------------------------------------------------------------------------------------------------------------------------------------------------------------------------------------------------------------------------------------------------------

    1. HE                       1.261425e+05     1.513075e+05     1.490000e+03     2.500000e+00    -4.074552e-15     2.992636e-18    -1.143583e-21     1.686939e-25     9.287240e-01     2.500000e+00     7.403362e-15    -2.784837e-18     5.797496e-22    -4.816843e-26     9.287240e-01
    2. AR                       1.547216e+05     1.798866e+05     1.490000e+03     2.500000e+00    -4.074552e-15     2.992636e-18    -1.143583e-21     1.686939e-25     4.366000e+00     2.500000e+00     7.403362e-15    -2.784837e-18     5.797496e-22    -4.816843e-26     4.366000e+00
    3. N2                       1.915097e+05     2.280918e+05     1.050000e+03     3.853213e+00    -2.440533e-03     2.675802e-06    -1.252028e-09     2.306711e-13     1.602174e+00     2.712879e+00     1.903598e-03    -4.271488e-07     6.139031e-11    -3.867900e-15     7.159266e+00
    4. O2                       2.050128e+05     2.434794e+05     7.600000e+02     3.460351e+00    -8.850111e-04     2.576405e-06    -1.802375e-09     4.695239e-13     5.022361e+00     2.817506e+00     2.498380e-03    -7.624676e-07     1.501825e-10    -1.219257e-14     7.947293e+00
    5. H2                       1.305958e+05     1.661323e+05     7.500000e+02     3.088660e+00     2.539688e-03    -2.864960e-06     1.905673e-09    -4.971649e-13    -2.438235e+00     3.731109e+00    -8.867062e-04     5.614345e-07    -1.247833e-10     1.044909e-14    -5.352859e+00
    6. H2O                      1.887377e+05     2.326655e+05     1.590000e+03     4.035309e+00    -6.875598e-04     1.433146e-06    -5.018412e-10     6.375170e-14    -1.992016e-01     2.309405e+00     3.654339e-03    -6.149194e-07     7.064389e-11    -3.758337e-15     8.927652e+00
    7. H2O2                     2.328524e+05     2.973680e+05     1.180000e+03     2.918964e+00     9.923973e-03    -4.282687e-06     1.412462e-09    -2.154826e-13     8.763402e+00     4.561631e+00     4.355610e-03    -7.434731e-07     7.942514e-11    -3.665259e-15     5.665971e-01
    8. CO                       1.975443e+05     2.344519e+05     1.000000e+03     3.818909e+00    -2.406973e-03     2.876135e-06    -1.428766e-09     2.776760e-13     2.499921e+00     2.685950e+00     2.124864e-03    -5.227430e-07     8.184629e-11    -5.563775e-15     7.965794e+00
    9. CO2                      2.137007e+05     2.692457e+05     1.620000e+03     2.448928e+00     8.545961e-03    -3.302851e-06     8.425635e-10    -9.502483e-14     9.475577e+00     5.078310e+00     2.053660e-03    -2.971556e-07     1.795584e-11     4.158671e-16    -4.478153e+00
   10. CH2O                     2.185986e+05     2.753646e+05     9.300000e+02     3.134633e+00     1.800375e-03     4.401682e-06    -2.974884e-09     6.590982e-13     7.579206e+00     1.066393e+00     1.069603e-02    -2.772237e-06     4.535123e-10    -3.211064e-14     1.740718e+01
   11. CH4                      1.861038e+05     2.475161e+05     1.070000e+03     2.857653e+00     2.535711e-03     4.839582e-06    -2.899603e-09     5.639994e-13     4.989694e+00    -2.823214e-01     1.427393e-02    -3.388144e-06     5.179365e-10    -3.486846e-14     2.035070e+01
   12. CH3OH                    2.395637e+05     3.175241e+05     7.000000e+02     2.888958e+00     4.856571e-03     7.967441e-06    -6.941598e-09     1.987465e-12     1.036745e+01     9.341930e-01     1.602666e-02    -4.000507e-06     6.570990e-10    -4.789987e-14     1.910085e+01
   13. CH3OOH                   2.825018e+05     3.921698e+05     1.800000e+03     5.934309e+00     1.043567e-02    -1.509873e-06     4.727667e-11     9.581613e-15    -2.808221e+00     5.501465e+00     1.139754e-02    -1.910654e-06     1.462350e-10    -7.265437e-16    -4.655814e-01
   14. C2H2                     2.008934e+05     2.691534e+05     9.700000e+02     1.838122e+00     1.645339e-02    -9.670400e-06     4.135602e-09    -7.865685e-13     9.542393e+00     4.611936e+00     5.014982e-03    -8.262685e-07     8.330751e-11    -3.264216e-15    -3.755171e+00
   15. CH2CO                    2.417888e+05     3.242014e+05     1.410000e+03     2.491971e+00     1.587061e-02    -6.313576e-06     1.779973e-09    -2.278993e-13     1.066944e+01     6.035788e+00     5.817224e-03    -9.660326e-07     9.438002e-11    -3.751290e-15    -7.645051e+00
   16. C2H2O2                   2.737140e+05     3.775627e+05     1.700000e+03     1.899480e+00     2.353640e-02    -9.080801e-06     2.241025e-09    -2.412769e-13     1.583387e+01     9.831166e+00     4.873605e-03    -8.472165e-07     8.845369e-11    -3.860996e-15    -2.664070e+01
   17. C2H4                     2.191151e+05     3.003268e+05     1.800000e+03     2.661617e-01     1.942723e-02    -5.727058e-06     1.165637e-09    -1.098071e-13     1.952643e+01     4.493337e+00     1.003351e-02    -1.813007e-06     1.992045e-10    -9.137032e-15    -3.351920e+00
   18. C2H4O                    2.427479e+05     3.405210e+05     1.440000e+03    -1.766831e+00     3.112480e-02    -1.155841e-05     3.030820e-09    -3.727553e-13     3.093565e+01     4.772175e+00     1.296089e-02    -2.098040e-06     1.109532e-10     7.435713e-15    -2.995683e+00
   19. CH3CHO                   2.636521e+05     3.629858e+05     1.800000e+03     9.917514e-01     2.235003e-02    -6.798758e-06     1.425554e-09    -1.372194e-13     1.996677e+01     6.270181e+00     1.062019e-02    -1.911323e-06     2.187803e-10    -1.151374e-14    -8.601193e+00
   20. C2H4O2                   3.077795e+05     4.278515e+05     7.700000e+02     4.644035e+00     1.383068e-02     1.090422e-06    -2.770360e-09     8.202521e-13     6.408335e+00     3.406140e+00     2.026130e-02    -5.173173e-06     8.449904e-10    -6.010923e-14     1.205692e+01
   21. C2-OQOOH                 3.460356e+05     4.971221e+05     1.800000e+03     5.539413e+00     2.405285e-02    -7.436731e-06     1.540840e-09    -1.448247e-13     3.512997e+00     1.069617e+01     1.259340e-02    -2.661959e-06     3.618835e-10    -2.201678e-14    -2.439643e+01
   22. C2H6                     2.287922e+05     3.313985e+05     1.800000e+03    -2.744613e-01     2.564224e-02    -7.236029e-06     1.435184e-09    -1.326851e-13     2.204528e+01     4.393735e+00     1.526847e-02    -2.913625e-06     3.679236e-10    -2.151216e-14    -3.219975e+00
   23. C2H5OH                   2.821240e+05     4.055778e+05     1.380000e+03     2.489216e-01     3.103253e-02    -1.032149e-05     2.543393e-09    -3.117536e-13     2.411764e+01     4.829595e+00     1.775521e-02    -3.105560e-06     2.194217e-10     4.003417e-15     5.431804e-01
   24. C2H5OOH                  3.084767e+05     4.566346e+05     1.590000e+03     1.462942e+00     3.563618e-02    -1.292114e-05     3.265709e-09    -3.770027e-13     1.921112e+01     1.156522e+01     1.022165e-02    -9.331502e-07    -8.523068e-11     1.815528e-14    -3.421130e+01
   25. C3H2                     2.711894e+05     3.586017e+05     7.000000e+02     4.260553e+00     1.710493e-02    -1.357279e-05     8.017553e-09    -2.111325e-12     4.256338e+00     6.276659e+00     5.584331e-03    -1.229287e-06     1.804077e-10    -1.209020e-14    -4.751111e+00
   26. AC3H4                    2.422815e+05     3.476392e+05     1.800000e+03     1.215629e+00     2.356250e-02    -7.367047e-06     1.561901e-09    -1.498927e-13     1.580666e+01     6.644302e+00     1.149878e-02    -2.340498e-06     3.207781e-10    -2.060900e-14    -1.357445e+01
   27. PC3H4                    2.478839e+05     3.539203e+05     9.200000e+02     1.359432e+00     2.538692e-02    -1.056144e-05     3.644160e-09    -6.434375e-13     1.535000e+01     3.041566e+00     1.807329e-02    -4.599247e-06     7.638719e-10    -5.642236e-14     7.374939e+00
   28. C2H3CHO                  2.819602e+05     4.098968e+05     1.340000e+03     3.409177e-01     3.512004e-02    -1.441959e-05     4.094421e-09    -5.309603e-13     2.268036e+01     6.705178e+00     1.612225e-02    -3.786494e-06     5.676908e-10    -3.748121e-14    -9.886137e+00
   29. C3H6                     2.572343e+05     3.811521e+05     1.800000e+03    -2.618868e-01     3.207046e-02    -1.013618e-05     2.223187e-09    -2.225770e-13     2.371623e+01     9.215492e+00     1.100962e-02    -1.360829e-06     5.643371e-11     3.126471e-15    -2.757732e+01
   30. CH3COCH3                 2.931686e+05     4.344157e+05     7.000000e+02     1.036540e+00     3.067142e-02    -7.103655e-06     5.689898e-10     1.221912e-13     2.082955e+01     8.221574e-01     3.189646e-02    -8.416203e-06     1.402354e-09    -1.010312e-13     2.178735e+01
   31. C3H6O                    2.861795e+05     4.297424e+05     1.720000e+03    -9.997808e-02     3.526215e-02    -9.896638e-06     1.871853e-09    -1.722330e-13     2.531163e+01     6.427549e+00     2.008185e-02    -3.277323e-06     1.614356e-10     1.422234e-14    -9.719950e+00
   32. C2H5CHO                  3.048278e+05     4.535384e+05     1.140000e+03     4.659676e+00     1.416948e-02     7.030743e-06    -5.279587e-09     1.039188e-12     5.400410e+00    -3.197962e+00     4.174013e-02    -1.110785e-05     1.791988e-09    -1.239003e-13     4.433854e+01
   33. C3H8                     2.699788e+05     4.170907e+05     1.800000e+03    -1.255127e+00     4.049835e-02    -1.281700e-05     2.816927e-09    -2.826152e-13     2.861894e+01     1.085964e+01     1.357666e-02    -1.599631e-06     4.720527e-11     5.897464e-15    -3.694869e+01
   34. C4H2                     2.501096e+05     3.633356e+05     1.050000e+03     2.909079e+00     2.828370e-02    -1.648738e-05     6.587137e-09    -1.157824e-12     6.378392e+00     8.502758e+00     6.974450e-03    -1.266486e-06     1.444293e-10    -7.340287e-15    -2.088079e+01
   35. C4H4                     2.785752e+05     4.086618e+05     1.190000e+03     4.031848e-01     3.669378e-02    -1.639680e-05     5.247219e-09    -7.750894e-13     2.159652e+01     6.362936e+00     1.666100e-02    -3.771104e-06     5.317381e-10    -3.210396e-14    -8.192553e+00
   36. C4H6                     2.777432e+05     4.253682e+05     1.550000e+03    -1.045339e+00     4.248949e-02    -1.562788e-05     4.000061e-09    -4.646770e-13     2.798398e+01     9.553953e+00     1.513648e-02    -2.392547e-06     2.049851e-10    -5.595248e-15    -2.779667e+01
   37. IC4H8                    2.927806e+05     4.628103e+05     1.800000e+03     7.173016e-01     4.014347e-02    -1.167546e-05     2.308573e-09    -2.097589e-13     2.014152e+01     7.634340e+00     2.477227e-02    -5.270791e-06     7.271746e-10    -4.502990e-14    -1.729494e+01
   38. NC4H8                    3.077036e+05     4.753697e+05     1.170000e+03    -1.057078e+00     4.635450e-02    -1.617550e-05     4.347207e-09    -5.932839e-13     3.054295e+01     2.987098e+00     3.252825e-02    -7.312524e-06     9.804546e-10    -5.374020e-14     1.039719e+01
   39. CYC5H4O                  2.906960e+05     4.506942e+05     1.260000e+03    -5.143793e+00     6.045523e-02    -2.587275e-05     7.939862e-09    -1.132351e-12     4.834812e+01     6.344596e+00     2.398416e-02    -4.163777e-06     2.823759e-10     7.156237e-15    -9.731816e+00
   40. CYC5H6                   2.747474e+05     4.390583e+05     1.020000e+03    -6.329229e+00     6.939932e-02    -3.413118e-05     1.213230e-08    -2.020687e-12     5.114759e+01     1.701416e+00     3.790660e-02    -1.097476e-05     2.042355e-09    -1.659181e-13     1.224535e+01
   41. C6H6                     2.691254e+05     4.494424e+05     1.550000e+03    -6.333611e+00     6.939975e-02    -2.860025e-05     7.838714e-09    -9.418917e-13     5.011021e+01     1.573658e+01     1.244441e-02    -1.041212e-06    -6.351839e-11     1.402347e-14    -6.603809e+01
   42. MCPTD                    2.969482e+05     4.987001e+05     1.540000e+03    -6.522198e+00     7.367422e-02    -2.836149e-05     7.315682e-09    -8.438140e-13     5.324898e+01     1.141541e+01     2.708303e-02    -5.670975e-06     7.671928e-10    -4.651417e-14    -4.103475e+01
   43. C10H8                    3.363576e+05     6.220616e+05     1.370000e+03    -8.718324e+00     1.085641e-01    -4.701272e-05     1.366716e-08    -1.776436e-12     6.159879e+01     1.511848e+01     3.896756e-02    -8.912433e-06     1.306974e-09    -8.480392e-14    -6.090411e+01
   44. O                        1.609353e+05     1.866811e+05     9.500000e+02     2.952003e+00    -1.684591e-03     1.279489e-06    -5.919149e-10     1.165087e-13     2.941365e+00     2.573184e+00    -8.956100e-05     2.025482e-08    -2.799376e-12     2.359055e-16     4.749520e+00
   45. H                        1.145950e+05     1.397600e+05     1.490000e+03     2.500000e+00    -4.074552e-15     2.992636e-18    -1.143583e-21     1.686939e-25    -4.601176e-01     2.500000e+00     7.403362e-15    -2.784837e-18     5.797496e-22    -4.816843e-26    -4.601176e-01
   46. OH                       1.838135e+05     2.196969e+05     8.800000e+02     3.379951e+00     6.134405e-04    -5.323212e-07     3.816307e-10    -9.405705e-14     2.706894e+00     3.625384e+00    -5.021653e-04     4.184792e-07    -9.857151e-11     8.258762e-15     1.554194e+00
   47. HO2                      2.290566e+05     2.784734e+05     1.540000e+03     2.852414e+00     5.402572e-03    -1.902675e-06     5.042272e-10    -6.008855e-14     9.844838e+00     4.163181e+00     1.997983e-03    -2.445960e-07     2.570511e-11    -1.826930e-15     2.955180e+00
   48. C                        1.580904e+05     1.832785e+05     7.000000e+02     2.550884e+00    -2.970016e-04     3.364953e-07    -2.245496e-10     6.228540e-14     4.545357e+00     2.489897e+00     5.149657e-05    -3.689562e-08     1.252406e-11    -1.216459e-15     4.817833e+00
   49. CH                       1.829686e+05     2.192620e+05     1.720000e+03     3.859013e+00    -1.974400e-03     1.673752e-06    -5.202490e-10     6.099880e-14     4.739362e-01     1.567624e+00     3.354412e-03    -6.498580e-07     8.016697e-11    -4.453529e-15     1.277124e+01
   50. HCO                      2.245153e+05     2.733706e+05     9.200000e+02     3.742189e+00     2.758441e-05     3.081494e-06    -1.963926e-09     4.335778e-13     5.450071e+00     2.447721e+00     5.655706e-03    -1.506648e-06     2.525675e-10    -1.815324e-14     1.158720e+01
   51. CH2                      1.954667e+05     2.419061e+05     9.000000e+02     3.997179e+00    -5.888068e-04     2.401396e-06    -1.348186e-09     2.861128e-13     7.325674e-01     3.245059e+00     2.753951e-03    -3.842357e-07     2.743467e-11    -4.747506e-16     4.281870e+00
   52. CH2S                     1.886951e+05     2.341850e+05     9.000000e+02     4.625727e+00    -5.001731e-03     6.753444e-06    -3.635621e-09     7.740110e-13    -2.677497e+00     2.575183e+00     4.111797e-03    -8.411622e-07     1.148016e-10    -7.327149e-15     6.999145e+00
   53. CH3                      1.940663e+05     2.514599e+05     1.270000e+03     3.533274e+00     3.614880e-03     5.036953e-07    -4.665284e-10     8.350357e-14     2.101139e+00     2.577240e+00     6.626012e-03    -1.274532e-06     1.557734e-10    -8.371692e-15     6.941960e+00
   54. CH3O                     2.283985e+05     2.962883e+05     7.000000e+02     2.139625e+00     6.204531e-03     5.089587e-06    -4.999482e-09     1.463539e-12     1.310021e+01     6.884206e-01     1.449713e-02    -3.795340e-06     6.417413e-10    -4.750278e-14     1.958383e+01
   55. CH2OH                    2.462514e+05     3.222959e+05     1.590000e+03     1.958571e+00     1.561993e-02    -6.180057e-06     1.687277e-09    -2.032812e-13     1.431010e+01     7.610042e+00     1.402390e-03     5.263271e-07    -1.873241e-10     1.778023e-14    -1.557576e+01
   56. CH3OO                    2.784487e+05     3.687014e+05     1.300000e+03     4.301172e+00     9.821689e-03    -1.314134e-06    -9.860745e-11     4.661287e-14     6.177580e+00     3.465220e+00     1.239385e-02    -2.798073e-06     4.087224e-10    -2.655970e-14     1.042989e+01
   57. C2H                      2.133682e+05     2.698168e+05     1.770000e+03     4.711518e+00     9.037525e-04     8.273417e-07    -3.580566e-10     4.578453e-14    -1.513334e+00     2.627061e+00     5.614392e-03    -1.168692e-06     1.431446e-10    -7.308812e-15     9.733152e+00
   58. HCCO                     2.540576e+05     3.281950e+05     1.800000e+03     4.445142e+00     7.687026e-03    -2.629894e-06     6.154508e-10    -6.449148e-14     3.158752e+00     7.449003e+00     1.011778e-03     1.514591e-07    -7.130313e-11     7.045380e-15    -1.309877e+01
   59. C2H3                     2.313747e+05     3.010762e+05     7.000000e+02     2.746067e+00     3.713413e-03     8.036811e-06    -7.096008e-09     2.057488e-12     1.053464e+01     7.050942e-01     1.537611e-02    -4.458941e-06     8.378030e-10    -6.764041e-14     1.965319e+01
   60. CH3CO                    2.665681e+05     3.545255e+05     1.800000e+03     1.831892e+00     1.731197e-02    -5.197420e-06     1.073404e-09    -1.018982e-13     1.689931e+01     5.594490e+00     8.950637e-03    -1.713533e-06     2.131848e-10    -1.229202e-14    -3.464662e+00
   61. CH2CHO                   2.588617e+05     3.544499e+05     1.030000e+03     2.157421e-01     2.787210e-02    -1.337017e-05     4.777378e-09    -8.052473e-13     2.266617e+01     3.665025e+00     1.447682e-02    -3.616332e-06     5.686015e-10    -3.908646e-14     5.923419e+00
   62. C2H5                     2.514380e+05     3.404617e+05     7.000000e+02     4.995018e+00    -1.050545e-02     3.036574e-05    -2.241243e-08     6.247107e-12     2.761828e+00    -1.104894e+00     2.435119e-02    -6.980658e-06     1.299568e-09    -1.043213e-13     3.001469e+01
   63. CH3CHOH                  2.992447e+05     4.061298e+05     7.000000e+02     1.839155e+00     1.824592e-02    -8.495459e-07    -2.255968e-09     7.985478e-13     2.020460e+01     1.003037e+00     2.302374e-02    -5.968637e-06     9.942482e-10    -7.204594e-14     2.394016e+01
   64. C2H4OH                   2.950067e+05     4.063505e+05     1.800000e+03     1.190584e+00     2.469765e-02    -7.373146e-06     1.512159e-09    -1.424484e-13     2.195426e+01     6.430718e+00     1.305290e-02    -2.521170e-06     3.141406e-10    -1.765481e-14    -6.406440e+00
   65. C2H5OO                   3.128736e+05     4.471324e+05     1.260000e+03     1.821200e+00     3.021257e-02    -1.051107e-05     2.726360e-09    -3.457557e-13     1.911515e+01     4.823356e+00     2.068192e-02    -4.838059e-06     7.252984e-10    -4.797871e-14     3.937651e+00
   66. C2-QOOH                  3.312796e+05     4.740870e+05     1.270000e+03     8.242958e-01     3.894092e-02    -1.697870e-05     5.156910e-09    -7.138276e-13     2.492023e+01     7.856858e+00     1.679112e-02    -3.898109e-06     5.792749e-10    -3.799574e-14    -1.068872e+01
   67. C2-OOQOOH                4.013754e+05     5.826453e+05     1.800000e+03     5.819115e+00     3.093191e-02    -9.544643e-06     1.976161e-09    -1.857211e-13     6.701390e+00     1.243232e+01     1.623589e-02    -3.421302e-06     4.642248e-10    -2.822778e-14    -2.909068e+01
   68. C3H3                     2.571255e+05     3.599582e+05     1.720000e+03     3.560397e+00     1.806495e-02    -6.667378e-06     1.682300e-09    -1.880664e-13     5.806873e+00     1.099305e+01     7.797149e-04     8.697869e-07    -2.652883e-10     2.424331e-14    -3.408227e+01
   69. CH2CCH3                  2.872912e+05     4.042157e+05     1.800000e+03     6.105120e-01     2.845133e-02    -9.290971e-06     2.082238e-09    -2.120818e-13     2.336820e+01     1.001244e+01     7.558158e-03    -5.854848e-07    -6.726494e-11     1.182470e-14    -2.751698e+01
   70. CH2CHCH2                 2.706485e+05     3.934523e+05     1.800000e+03     1.457882e-01     3.222529e-02    -1.136571e-05     2.676981e-09    -2.807024e-13     2.305852e+01     1.312701e+01     3.378126e-03     6.539398e-07    -2.908340e-10     2.844496e-14    -4.719857e+01
   71. CHCHCH3                  2.872912e+05     4.042157e+05     1.800000e+03     6.105120e-01     2.845133e-02    -9.290971e-06     2.082238e-09    -2.120818e-13     2.336820e+01     1.001244e+01     7.558158e-03    -5.854848e-07    -6.726494e-11     1.182470e-14    -2.751698e+01
   72. RALD3B                   2.949130e+05     4.330844e+05     1.140000e+03     7.040729e+00    -2.012043e-05     1.720341e-05    -9.590341e-09     1.783325e-12    -5.923817e+00    -6.080138e+00     4.601801e-02    -1.308484e-05     2.217940e-09    -1.588263e-13     5.909598e+01
   73. RALD3G                   3.188098e+05     4.565144e+05     1.160000e+03     6.348265e+00     6.246259e-03     1.033278e-05    -6.246091e-09     1.166394e-12    -4.455372e-01    -2.964122e+00     3.835794e-02    -1.042909e-05     1.708645e-09    -1.193929e-13     4.586349e+01
   74. CH3COCH2                 3.014425e+05     4.376591e+05     1.800000e+03     1.826209e+00     2.997393e-02    -9.484967e-06     2.019646e-09    -1.945996e-13     1.770929e+01     9.241871e+00     1.349468e-02    -2.618613e-06     3.242496e-10    -1.799586e-14    -2.242583e+01
   75. IC3H7                    2.788319e+05     4.195570e+05     1.630000e+03     2.737252e-01     3.548316e-02    -1.165717e-05     2.659605e-09    -2.847252e-13     2.236942e+01     8.487798e+00     1.532593e-02    -2.382372e-06     1.306884e-10     6.177788e-15    -2.127196e+01
   76. NC3H7                    2.890524e+05     4.295558e+05     1.650000e+03     5.401303e-01     3.445610e-02    -1.107470e-05     2.470880e-09    -2.597433e-13     2.234006e+01     8.446930e+00     1.528810e-02    -2.361971e-06     1.240179e-10     6.945635e-15    -1.976521e+01
   77. C4H3                     2.888012e+05     4.119489e+05     1.590000e+03     2.346627e+00     2.838941e-02    -1.176391e-05     3.230592e-09    -3.880126e-13     1.386806e+01     1.302090e+01     1.535904e-03     9.028410e-07    -3.100791e-10     2.951930e-14    -4.257915e+01
   78. C4H5                     3.053589e+05     4.522041e+05     1.800000e+03    -2.017423e-01     4.079541e-02    -1.535316e-05     3.754931e-09    -4.017129e-13     2.698577e+01     1.901927e+01    -1.917944e-03     2.444073e-06    -6.394465e-10     5.603481e-14    -7.704234e+01
   79. SC4H7                    3.041520e+05     4.657441e+05     1.420000e+03    -1.125501e+00     4.648237e-02    -1.725623e-05     4.579397e-09    -5.718782e-13     3.055717e+01     8.330178e+00     1.984665e-02    -3.188070e-06     1.762176e-10     9.527593e-15    -1.837671e+01
   80. IC4H7                    3.066797e+05     4.762276e+05     7.000000e+02     3.861300e+00     2.146531e-02     7.553711e-06    -9.166762e-09     2.716965e-12     8.040597e+00     1.181771e+00     3.677690e-02    -8.851567e-06     1.249288e-09    -7.304782e-14     2.001205e+01
   81. CH2C3H5                  3.133500e+05     4.736598e+05     1.530000e+03    -3.293291e-01     4.237332e-02    -1.425835e-05     3.399125e-09    -3.865990e-13     2.811561e+01     8.459170e+00     1.939685e-02    -2.995378e-06     1.273827e-10     1.434987e-14    -1.802128e+01
   82. CYC5H5                   2.656220e+05     4.205257e+05     7.000000e+02    -2.587374e+00     6.458176e-02    -4.675319e-05     2.659811e-08    -6.935022e-12     3.094481e+01     4.016526e+00     2.684519e-02    -6.321151e-06     9.269744e-10    -5.882486e-14     1.440258e+00
   83. C5H5O                    3.043159e+05     4.791761e+05     1.450000e+03    -4.019794e+00     6.158856e-02    -2.564751e-05     7.083312e-09    -8.705238e-13     4.324557e+01     1.058014e+01     2.131288e-02    -4.815265e-06     6.979493e-10    -4.483030e-14    -3.261547e+01
   84. C6H5                     2.916911e+05     4.671574e+05     1.690000e+03    -4.309721e+00     6.266407e-02    -2.585878e-05     6.851175e-09    -7.824328e-13     4.308259e+01     2.374949e+01    -3.748263e-03     3.614145e-06    -8.997590e-10     7.750817e-14    -1.070103e+02

 -------------------------------------------------------------------------------------------------------------------------------------------------------------------------------------------------------------------------------------------------------------------------------------------


