------------------------------
  Elements     Atomic Weight  
------------------------------
  1.	HE         4.00299978
  2.	AR        39.94800186
  3.	N         14.00699997
  4.	O         15.99899960
  5.	H          1.00800002
  6.	C         12.01099968
------------------------------


------------------------------------------------------------------------------------------------------------------------------
                                                Molecular        Temperature        Elements
  Species                  Phase  Charge         weight         Low      High      HE      AR       N       O       H       C
------------------------------------------------------------------------------------------------------------------------------
    1. HE                    G      0            4.003000    300.00   4000.00       1       0       0       0       0       0
    2. AR                    G      0           39.948002    300.00   4000.00       0       1       0       0       0       0
    3. N2                    G      0           28.014000    300.00   4000.00       0       0       2       0       0       0
    4. O2                    G      0           31.997999    300.00   4000.00       0       0       0       2       0       0
    5. H2                    G      0            2.016000    300.00   4000.00       0       0       0       0       2       0
    6. H2O                   G      0           18.015000    300.00   4000.00       0       0       0       1       2       0
    7. H2O2                  G      0           34.013999    300.00   4000.00       0       0       0       2       2       0
    8. CO                    G      0           28.009999    300.00   4000.00       0       0       0       1       0       1
    9. CO2                   G      0           44.008999    300.00   4000.00       0       0       0       2       0       1
   10. CH2O                  G      0           30.025999    300.00   4000.00       0       0       0       1       2       1
   11. HCOOH                 G      0           46.024999    300.00   4000.00       0       0       0       2       2       1
   12. HCO3H                 G      0           62.023998    300.00   4000.00       0       0       0       3       2       1
   13. CH4                   G      0           16.043000    300.00   4000.00       0       0       0       0       4       1
   14. CH3OH                 G      0           32.041999    300.00   4000.00       0       0       0       1       4       1
   15. CH3OOH                G      0           48.040999    300.00   4000.00       0       0       0       2       4       1
   16. C2H2                  G      0           26.037999    300.00   4000.00       0       0       0       0       2       2
   17. CH2CO                 G      0           42.036999    300.00   4000.00       0       0       0       1       2       2
   18. C2H2O2                G      0           58.035999    300.00   4000.00       0       0       0       2       2       2
   19. C2H4                  G      0           28.053999    300.00   4000.00       0       0       0       0       4       2
   20. CH3CHO                G      0           44.052999    300.00   4000.00       0       0       0       1       4       2
   21. C2H4O                 G      0           44.052999    300.00   4000.00       0       0       0       1       4       2
   22. CH3COOH               G      0           60.051999    300.00   4000.00       0       0       0       2       4       2
   23. C2H4O2                G      0           60.051999    300.00   4000.00       0       0       0       2       4       2
   24. CH3CO3H               G      0           76.050998    300.00   4000.00       0       0       0       3       4       2
   25. C2-OQOOH              G      0           76.050998    300.00   4000.00       0       0       0       3       4       2
   26. C2H6                  G      0           30.069999    300.00   4000.00       0       0       0       0       6       2
   27. C2H5OH                G      0           46.068999    300.00   4000.00       0       0       0       1       6       2
   28. C2H5OOH               G      0           62.067999    300.00   4000.00       0       0       0       2       6       2
   29. C3H2                  G      0           38.048999    300.00   4000.00       0       0       0       0       2       3
   30. PC3H4                 G      0           40.064999    300.00   4000.00       0       0       0       0       4       3
   31. AC3H4                 G      0           40.064999    300.00   4000.00       0       0       0       0       4       3
   32. C2H3CHO               G      0           56.063999    300.00   4000.00       0       0       0       1       4       3
   33. C3H4O2                G      0           72.062998    300.00   4000.00       0       0       0       2       4       3
   34. ETC3H4O2              G      0           72.062998    300.00   4000.00       0       0       0       2       4       3
   35. KEA3B3                G      0          104.060997    300.00   4000.00       0       0       0       4       4       3
   36. KEA3G2                G      0          104.060997    300.00   4000.00       0       0       0       4       4       3
   37. C3H6                  G      0           42.080999    300.00   4000.00       0       0       0       0       6       3
   38. CH3COCH3              G      0           58.079999    300.00   4000.00       0       0       0       1       6       3
   39. C3H6O                 G      0           58.079999    300.00   4000.00       0       0       0       1       6       3
   40. C2H5CHO               G      0           58.079999    300.00   4000.00       0       0       0       1       6       3
   41. ACETOL                G      0           74.078998    300.00   4000.00       0       0       0       2       6       3
   42. C3H6O2                G      0           74.078998    300.00   4000.00       0       0       0       2       6       3
   43. C3H5OOH               G      0           74.078998    300.00   4000.00       0       0       0       2       6       3
   44. C3-OQOOH              G      0           90.077998    300.00   4000.00       0       0       0       3       6       3
   45. C3H8                  G      0           44.096999    300.00   4000.00       0       0       0       0       8       3
   46. NC3H7OH               G      0           60.095999    300.00   4000.00       0       0       0       1       8       3
   47. IC3H7OH               G      0           60.095999    300.00   4000.00       0       0       0       1       8       3
   48. C3H7OOH               G      0           76.094998    300.00   4000.00       0       0       0       2       8       3
   49. C4H2                  G      0           50.059999    300.00   4000.00       0       0       0       0       2       4
   50. C4H4                  G      0           52.075999    300.00   4000.00       0       0       0       0       4       4
   51. C4H6                  G      0           54.091999    300.00   4000.00       0       0       0       0       6       4
   52. C3H5CHO               G      0           70.090998    300.00   4000.00       0       0       0       1       6       4
   53. IC3H5CHO              G      0           70.090998    300.00   4000.00       0       0       0       1       6       4
   54. C4H6O2                G      0           86.089998    300.00   4000.00       0       0       0       2       6       4
   55. NC4H8                 G      0           56.107999    300.00   4000.00       0       0       0       0       8       4
   56. IC4H8                 G      0           56.107999    300.00   4000.00       0       0       0       0       8       4
   57. IC3H7CHO              G      0           72.106998    300.00   4000.00       0       0       0       1       8       4
   58. C3H7CHO               G      0           72.106998    300.00   4000.00       0       0       0       1       8       4
   59. C4H8O                 G      0           72.106998    300.00   4000.00       0       0       0       1       8       4
   60. NC4H10                G      0           58.123999    300.00   4000.00       0       0       0       0      10       4
   61. IC4H10                G      0           58.123999    300.00   4000.00       0       0       0       0      10       4
   62. CYC5H4O               G      0           80.085998    300.00   4000.00       0       0       0       1       4       5
   63. CYC5H6                G      0           66.102998    300.00   4000.00       0       0       0       0       6       5
   64. CYC5H8                G      0           68.118999    300.00   4000.00       0       0       0       0       8       5
   65. C5H8                  G      0           68.118999    300.00   4000.00       0       0       0       0       8       5
   66. NC5H10                G      0           70.134999    300.00   4000.00       0       0       0       0      10       5
   67. C4H9CHO               G      0           86.133998    300.00   4000.00       0       0       0       1      10       5
   68. NEOC5H12              G      0           72.150999    300.00   4000.00       0       0       0       0      12       5
   69. NC5H12                G      0           72.150999    300.00   4000.00       0       0       0       0      12       5
   70. C6H2                  G      0           74.081998    300.00   4000.00       0       0       0       0       2       6
   71. C6H4                  G      0           76.097998    300.00   4000.00       0       0       0       0       4       6
   72. BENZYNE               G      0           76.097998    300.00   4000.00       0       0       0       0       4       6
   73. C6H4O2                G      0          108.095997    300.00   4000.00       0       0       0       2       4       6
   74. C6H6                  G      0           78.113998    300.00   4000.00       0       0       0       0       6       6
   75. LC6H6                 G      0           78.113998    300.00   4000.00       0       0       0       0       6       6
   76. C6H5OH                G      0           94.112998    300.00   4000.00       0       0       0       1       6       6
   77. CYC6H8                G      0           80.129998    300.00   4000.00       0       0       0       0       8       6
   78. MCPTD                 G      0           80.129998    300.00   4000.00       0       0       0       0       8       6
   79. CYC6H10               G      0           82.145998    300.00   4000.00       0       0       0       0      10       6
   80. CYC6H12               G      0           84.161998    300.00   4000.00       0       0       0       0      12       6
   81. NC6H12                G      0           84.161998    300.00   4000.00       0       0       0       0      12       6
   82. C6H5CHO               G      0          106.123997    300.00   4000.00       0       0       0       1       6       7
   83. C7H8                  G      0           92.140998    300.00   4000.00       0       0       0       0       8       7
   84. CRESOL                G      0          108.139997    300.00   4000.00       0       0       0       1       8       7
   85. C6H5CH2OH             G      0          108.139997    300.00   4000.00       0       0       0       1       8       7
   86. C6H5OCH3              G      0          108.139997    300.00   4000.00       0       0       0       1       8       7
   87. CH3CH3-C5H6           G      0           96.172998    300.00   4000.00       0       0       0       0      12       7
   88. NC7H14                G      0           98.188998    300.00   4000.00       0       0       0       0      14       7
   89. NC7H16                G      0          100.204998    300.00   4000.00       0       0       0       0      16       7
   90. C8H2                  G      0           98.103997    300.00   4000.00       0       0       0       0       2       8
   91. C6H5C2H               G      0          102.135998    300.00   4000.00       0       0       0       0       6       8
   92. C6H5C2H3              G      0          104.151998    300.00   4000.00       0       0       0       0       8       8
   93. C6H5C2H5              G      0          106.167998    300.00   4000.00       0       0       0       0      10       8
   94. XYLENE                G      0          106.167998    300.00   4000.00       0       0       0       0      10       8
   95. IC8H16                G      0          112.215998    300.00   4000.00       0       0       0       0      16       8
   96. IC8H18                G      0          114.231998    300.00   4000.00       0       0       0       0      18       8
   97. INDENE                G      0          116.162997    300.00   4000.00       0       0       0       0       8       9
   98. C10H8                 G      0          128.173997    300.00   4000.00       0       0       0       0       8      10
   99. C10H7OH               G      0          144.172997    300.00   4000.00       0       0       0       1       8      10
  100. C10H7CHO              G      0          156.183996    300.00   4000.00       0       0       0       1       8      11
  101. C10H7CH3              G      0          142.200997    300.00   4000.00       0       0       0       0      10      11
  102. CH3C10H6OH            G      0          158.199996    300.00   4000.00       0       0       0       1      10      11
  103. C12H8                 G      0          152.195996    300.00   4000.00       0       0       0       0       8      12
  104. BIPHENYL              G      0          154.211996    300.00   4000.00       0       0       0       0      10      12
  105. DIFENET               G      0          170.210996    300.00   4000.00       0       0       0       1      10      12
  106. FLUORENE              G      0          166.222996    300.00   4000.00       0       0       0       0      10      13
  107. C6H5CH2C6H5           G      0          168.238996    300.00   4000.00       0       0       0       0      12      13
  108. C14H10                G      0          178.233996    300.00   4000.00       0       0       0       0      10      14
  109. C6H5C2H4C6H5          G      0          182.265996    300.00   4000.00       0       0       0       0      14      14
  110. C16H10                G      0          202.255995    300.00   4000.00       0       0       0       0      10      16
  111. BIN1B                 G      0          250.299994    300.00   4000.00       0       0       0       0      10      20
  112. BIN1A                 G      0          256.347994    300.00   4000.00       0       0       0       0      16      20
  113. O                     G      0           15.999000    300.00   4000.00       0       0       0       1       0       0
  114. H                     G      0            1.008000    300.00   4000.00       0       0       0       0       1       0
  115. OH                    G      0           17.007000    300.00   4000.00       0       0       0       1       1       0
  116. HO2                   G      0           33.005999    300.00   4000.00       0       0       0       2       1       0
  117. CSOLID                G      0           12.011000    300.00   4000.00       0       0       0       0       0       1
  118. C                     G      0           12.011000    300.00   4000.00       0       0       0       0       0       1
  119. CH                    G      0           13.019000    300.00   4000.00       0       0       0       0       1       1
  120. HCO                   G      0           29.017999    300.00   4000.00       0       0       0       1       1       1
  121. HCO3                  G      0           61.015998    300.00   4000.00       0       0       0       3       1       1
  122. CH2                   G      0           14.027000    300.00   4000.00       0       0       0       0       2       1
  123. CH2S                  G      0           14.027000    300.00   4000.00       0       0       0       0       2       1
  124. CH3                   G      0           15.035000    300.00   4000.00       0       0       0       0       3       1
  125. CH2OH                 G      0           31.033999    300.00   4000.00       0       0       0       1       3       1
  126. CH3O                  G      0           31.033999    300.00   4000.00       0       0       0       1       3       1
  127. CH3OO                 G      0           47.032999    300.00   4000.00       0       0       0       2       3       1
  128. C2H                   G      0           25.029999    300.00   4000.00       0       0       0       0       1       2
  129. HCCO                  G      0           41.028999    300.00   4000.00       0       0       0       1       1       2
  130. C2H3                  G      0           27.045999    300.00   4000.00       0       0       0       0       3       2
  131. CH3CO                 G      0           43.044999    300.00   4000.00       0       0       0       1       3       2
  132. CH2CHO                G      0           43.044999    300.00   4000.00       0       0       0       1       3       2
  133. CH3CO3                G      0           75.042998    300.00   4000.00       0       0       0       3       3       2
  134. C2H5                  G      0           29.061999    300.00   4000.00       0       0       0       0       5       2
  135. C2H4OH                G      0           45.060999    300.00   4000.00       0       0       0       1       5       2
  136. CH3CHOH               G      0           45.060999    300.00   4000.00       0       0       0       1       5       2
  137. C2-QOOH               G      0           61.059999    300.00   4000.00       0       0       0       2       5       2
  138. C2H5OO                G      0           61.059999    300.00   4000.00       0       0       0       2       5       2
  139. C2-OOQOOH             G      0           93.057998    300.00   4000.00       0       0       0       4       5       2
  140. C3H3                  G      0           39.056999    300.00   4000.00       0       0       0       0       3       3
  141. CH2CHCH2              G      0           41.072999    300.00   4000.00       0       0       0       0       5       3
  142. CHCHCH3               G      0           41.072999    300.00   4000.00       0       0       0       0       5       3
  143. CH2CCH3               G      0           41.072999    300.00   4000.00       0       0       0       0       5       3
  144. RALD3G                G      0           57.071999    300.00   4000.00       0       0       0       1       5       3
  145. C3H5O                 G      0           57.071999    300.00   4000.00       0       0       0       1       5       3
  146. CH3COCH2              G      0           57.071999    300.00   4000.00       0       0       0       1       5       3
  147. RALD3B                G      0           57.071999    300.00   4000.00       0       0       0       1       5       3
  148. C3H5OO                G      0           73.070998    300.00   4000.00       0       0       0       2       5       3
  149. CH3CHOOCHO            G      0           89.069998    300.00   4000.00       0       0       0       3       5       3
  150. CH2OOHCHCHO           G      0           89.069998    300.00   4000.00       0       0       0       3       5       3
  151. CH2CHOOHCHO           G      0           89.069998    300.00   4000.00       0       0       0       3       5       3
  152. CH2OOCH2CHO           G      0           89.069998    300.00   4000.00       0       0       0       3       5       3
  153. CH2OOCHOOHCHO         G      0          121.067997    300.00   4000.00       0       0       0       5       5       3
  154. CH2OOHCHOOCHO         G      0          121.067997    300.00   4000.00       0       0       0       5       5       3
  155. IC3H7                 G      0           43.088999    300.00   4000.00       0       0       0       0       7       3
  156. NC3H7                 G      0           43.088999    300.00   4000.00       0       0       0       0       7       3
  157. NC3H7O                G      0           59.087999    300.00   4000.00       0       0       0       1       7       3
  158. IC3-QOOH              G      0           75.086998    300.00   4000.00       0       0       0       2       7       3
  159. NC3-QOOH              G      0           75.086998    300.00   4000.00       0       0       0       2       7       3
  160. NC3H7OO               G      0           75.086998    300.00   4000.00       0       0       0       2       7       3
  161. IC3H7OO               G      0           75.086998    300.00   4000.00       0       0       0       2       7       3
  162. IC3-OOQOOH            G      0          107.084998    300.00   4000.00       0       0       0       4       7       3
  163. NC3-OOQOOH            G      0          107.084998    300.00   4000.00       0       0       0       4       7       3
  164. C4H3                  G      0           51.067999    300.00   4000.00       0       0       0       0       3       4
  165. C4H5                  G      0           53.083999    300.00   4000.00       0       0       0       0       5       4
  166. IC4H7                 G      0           55.099999    300.00   4000.00       0       0       0       0       7       4
  167. CH2C3H5               G      0           55.099999    300.00   4000.00       0       0       0       0       7       4
  168. SC4H7                 G      0           55.099999    300.00   4000.00       0       0       0       0       7       4
  169. RALD4D                G      0           71.098998    300.00   4000.00       0       0       0       1       7       4
  170. RALD4B                G      0           71.098998    300.00   4000.00       0       0       0       1       7       4
  171. RIBALDB               G      0           71.098998    300.00   4000.00       0       0       0       1       7       4
  172. RALD4G                G      0           71.098998    300.00   4000.00       0       0       0       1       7       4
  173. RIBALDG               G      0           71.098998    300.00   4000.00       0       0       0       1       7       4
  174. NC4H9S                G      0           57.115999    300.00   4000.00       0       0       0       0       9       4
  175. IC4H9P                G      0           57.115999    300.00   4000.00       0       0       0       0       9       4
  176. IC4H9T                G      0           57.115999    300.00   4000.00       0       0       0       0       9       4
  177. NC4H9P                G      0           57.115999    300.00   4000.00       0       0       0       0       9       4
  178. CYC5H5                G      0           65.094998    300.00   4000.00       0       0       0       0       5       5
  179. C5H5O                 G      0           81.093998    300.00   4000.00       0       0       0       1       5       5
  180. C5H7                  G      0           67.110999    300.00   4000.00       0       0       0       0       7       5
  181. NC5H9-3               G      0           69.126999    300.00   4000.00       0       0       0       0       9       5
  182. ERC4H8CHO             G      0           85.125998    300.00   4000.00       0       0       0       1       9       5
  183. NEOC5H11              G      0           71.142999    300.00   4000.00       0       0       0       0      11       5
  184. NC5H11                G      0           71.142999    300.00   4000.00       0       0       0       0      11       5
  185. C6H3                  G      0           75.089998    300.00   4000.00       0       0       0       0       3       6
  186. LC6H5                 G      0           77.105998    300.00   4000.00       0       0       0       0       5       6
  187. C6H5                  G      0           77.105998    300.00   4000.00       0       0       0       0       5       6
  188. C6H5O                 G      0           93.104998    300.00   4000.00       0       0       0       1       5       6
  189. CYC6H9                G      0           81.137998    300.00   4000.00       0       0       0       0       9       6
  190. CYC6H11               G      0           83.153998    300.00   4000.00       0       0       0       0      11       6
  191. C7H7                  G      0           91.132998    300.00   4000.00       0       0       0       0       7       7
  192. C6H4CH3               G      0           91.132998    300.00   4000.00       0       0       0       0       7       7
  193. RCRESOLC              G      0          107.131997    300.00   4000.00       0       0       0       1       7       7
  194. RCRESOLO              G      0          107.131997    300.00   4000.00       0       0       0       1       7       7
  195. NC7H13                G      0           97.180998    300.00   4000.00       0       0       0       0      13       7
  196. NC7H15                G      0           99.196998    300.00   4000.00       0       0       0       0      15       7
  197. C6H4C2H               G      0          101.127998    300.00   4000.00       0       0       0       0       5       8
  198. C6H5C2H2              G      0          103.143998    300.00   4000.00       0       0       0       0       7       8
  199. RXYLENE               G      0          105.159998    300.00   4000.00       0       0       0       0       9       8
  200. C8H9                  G      0          105.159998    300.00   4000.00       0       0       0       0       9       8
  201. IC8H17                G      0          113.223998    300.00   4000.00       0       0       0       0      17       8
  202. INDENYL               G      0          115.154997    300.00   4000.00       0       0       0       0       7       9
  203. C10H7                 G      0          127.165997    300.00   4000.00       0       0       0       0       7      10
  204. C10H7O                G      0          143.164997    300.00   4000.00       0       0       0       1       7      10
  205. C10H7CH2              G      0          141.192997    300.00   4000.00       0       0       0       0       9      11
  206. C10H6CH3              G      0          141.192997    300.00   4000.00       0       0       0       0       9      11
  207. CH3C10H6O             G      0          157.191996    300.00   4000.00       0       0       0       1       9      11
  208. C12H7                 G      0          151.187996    300.00   4000.00       0       0       0       0       7      12
  209. RBIPHENYL             G      0          153.203996    300.00   4000.00       0       0       0       0       9      12
  210. C14H9                 G      0          177.225996    300.00   4000.00       0       0       0       0       9      14
  211. C16H9                 G      0          201.247995    300.00   4000.00       0       0       0       0       9      16
  212. H(S)                  G      0            1.008000    300.00   4000.00       0       0       0       0       1       0
  213. C.(S)                 G      0           12.011000    300.00   4000.00       0       0       0       0       0       1
  214. CHCH.(S)              G      0           26.037999    300.00   4000.00       0       0       0       0       2       2
  215. CH2CH2.(S)            G      0           28.053999    300.00   4000.00       0       0       0       0       4       2
  216. CH2CH2(S)             G      0           28.053999    300.00   4000.00       0       0       0       0       4       2
  217. CH.CH2(S)             G      0           27.045999    300.00   4000.00       0       0       0       0       3       2
  218. P1(S)                 G      0           40.064999    300.00   4000.00       0       0       0       0       4       3
  219. P3(S)                 G      0           42.080999    300.00   4000.00       0       0       0       0       6       3
  220. P4(S)                 G      0           42.080999    300.00   4000.00       0       0       0       0       6       3
  221. P5(S)                 G      0           41.072999    300.00   4000.00       0       0       0       0       5       3
  222. P6(S)                 G      0           40.064999    300.00   4000.00       0       0       0       0       4       3
  223. P7(S)                 G      0           40.064999    300.00   4000.00       0       0       0       0       4       3
  224. C6H6.(S)              G      0           78.113998    300.00   4000.00       0       0       0       0       6       6
  225. C6H6(S)               G      0           78.113998    300.00   4000.00       0       0       0       0       6       6
  226. C6H5#(S)              G      0           77.105998    300.00   4000.00       0       0       0       0       5       6
  227. C6H5.(S)              G      0           77.105998    300.00   4000.00       0       0       0       0       5       6
  228. C10H8.(1)(S)          G      0          128.173997    300.00   4000.00       0       0       0       0       8      10
  229. C10H8(1)(S)           G      0          128.173997    300.00   4000.00       0       0       0       0       8      10
  230. PHENYLAC.1(S)         G      0          102.135998    300.00   4000.00       0       0       0       0       6       8
  231. STYRENE.1(S)          G      0          104.151998    300.00   4000.00       0       0       0       0       8       8
  232. STYRENE1(S)           G      0          104.151998    300.00   4000.00       0       0       0       0       8       8
  233. CCH(S)                G      0           25.029999    300.00   4000.00       0       0       0       0       1       2
  234. CHCH2(S)              G      0           27.045999    300.00   4000.00       0       0       0       0       3       2
  235. CH3(S)                G      0           15.035000    300.00   4000.00       0       0       0       0       3       1
  236. CH2.(S)               G      0           14.027000    300.00   4000.00       0       0       0       0       2       1
  237. CH2C5(S)              G      0           14.027000    300.00   4000.00       0       0       0       0       2       1
  238. CH.C5(S)              G      0           13.019000    300.00   4000.00       0       0       0       0       1       1
  239. CHCH3C5(S)            G      0           28.053999    300.00   4000.00       0       0       0       0       4       2
  240. C.CH3C5(S)            G      0           27.045999    300.00   4000.00       0       0       0       0       3       2
  241. HZ(S)                 G      0            1.008000    300.00   4000.00       0       0       0       0       1       0
  242. C.Z(S)                G      0           12.011000    300.00   4000.00       0       0       0       0       0       1
  243. CHCH.Z(S)             G      0           26.037999    300.00   4000.00       0       0       0       0       2       2
  244. CHCHCH3Z(S)           G      0           41.072999    300.00   4000.00       0       0       0       0       5       3
  245. CHCHCH2.Z(S)          G      0           40.064999    300.00   4000.00       0       0       0       0       4       3
  246. CH2CH2.Z(S)           G      0           28.053999    300.00   4000.00       0       0       0       0       4       2
  247. CH2CH2CH3Z(S)         G      0           43.088999    300.00   4000.00       0       0       0       0       7       3
  248. CH.CH2CH3Z(S)         G      0           42.080999    300.00   4000.00       0       0       0       0       6       3
  249. CH2CH3Z(S)            G      0           29.061999    300.00   4000.00       0       0       0       0       5       2
  250. CH3Z(S)               G      0           15.035000    300.00   4000.00       0       0       0       0       3       1
  251. CH2.Z(S)              G      0           14.027000    300.00   4000.00       0       0       0       0       2       1
  252. CH2CHCH.Z(S)          G      0           40.064999    300.00   4000.00       0       0       0       0       4       3
  253. CH2CH2CH2.Z(S)        G      0           42.080999    300.00   4000.00       0       0       0       0       6       3
  254. CH2BZ(S)              G      0           14.027000    300.00   4000.00       0       0       0       0       2       1
  255. CH2CH2Z(S)            G      0           28.053999    300.00   4000.00       0       0       0       0       4       2
  256. CHCHZ(S)              G      0           26.037999    300.00   4000.00       0       0       0       0       2       2
  257. CH.BZ(S)              G      0           13.019000    300.00   4000.00       0       0       0       0       1       1
  258. CHCH3BZ(S)            G      0           28.053999    300.00   4000.00       0       0       0       0       4       2
  259. C.CH3BZ(S)            G      0           27.045999    300.00   4000.00       0       0       0       0       3       2
  260. CCH2BZ(S)             G      0           26.037999    300.00   4000.00       0       0       0       0       2       2
  261. CCH.BZ(S)             G      0           25.029999    300.00   4000.00       0       0       0       0       1       2
  262. CCHCH3BZ(S)           G      0           40.064999    300.00   4000.00       0       0       0       0       4       3
  263. CCHCH2.BZ(S)          G      0           39.056999    300.00   4000.00       0       0       0       0       3       3
  264. CHC.Z(S)              G      0           25.029999    300.00   4000.00       0       0       0       0       1       2
  265. CHCCH3Z(S)            G      0           40.064999    300.00   4000.00       0       0       0       0       4       3
  266. CHCCH2.Z(S)           G      0           39.056999    300.00   4000.00       0       0       0       0       3       3
  267. CHCCH2C5Z(S)          G      0           39.056999    300.00   4000.00       0       0       0       0       3       3
  268. CHCCH.C5Z(S)          G      0           38.048999    300.00   4000.00       0       0       0       0       2       3
  269. CHCCHCH3C5Z(S)        G      0           53.083999    300.00   4000.00       0       0       0       0       5       4
  270. CHCC.CH3C5Z(S)        G      0           52.075999    300.00   4000.00       0       0       0       0       4       4
  271. CHCCHCH.Z(S)          G      0           51.067999    300.00   4000.00       0       0       0       0       3       4
  272. CHCCH2CH2.Z(S)        G      0           53.083999    300.00   4000.00       0       0       0       0       5       4
  273. CHC.CH3Z(S)           G      0           40.064999    300.00   4000.00       0       0       0       0       4       3
  274. CHCHCH.BZ(S)          G      0           39.056999    300.00   4000.00       0       0       0       0       3       3
  275. CHCH2CH2.BZ(S)        G      0           41.072999    300.00   4000.00       0       0       0       0       5       3
  276. CHCHCHBZ(S)           G      0           39.056999    300.00   4000.00       0       0       0       0       3       3
  277. CHCH2CH2BZ(S)         G      0           41.072999    300.00   4000.00       0       0       0       0       5       3
  278. C(B)                  G      0           12.011000    300.00   4000.00       0       0       0       0       0       1
------------------------------------------------------------------------------------------------------------------------------

---------------------------------------------------------------------------------------
                                SURFACE MECHANISM                                    
---------------------------------------------------------------------------------------

       Number of materials:       1
       Number of site phases:     1
       Number of bulk phases:     1
       Number of surface species: 66
       Number of bulk species:    1

       Materials: 
       SOLID

       ------------------------------------------------------------------------------------------------------------------
       Site phases:        density[mol/cm2]     sites      global-index   local-index   internal-index
       ------------------------------------------------------------------------------------------------------------------
       1. CARBON           6.642300e-10     
             H(S)                             1.000000         212            1              1              
             C.(S)                            1.000000         213            2              2              
             CHCH.(S)                         1.000000         214            3              3              
             CH2CH2.(S)                       1.000000         215            4              4              
             CH2CH2(S)                        1.000000         216            5              5              
             CH.CH2(S)                        1.000000         217            6              6              
             p1(S)                            1.000000         218            7              7              
             p3(S)                            1.000000         219            8              8              
             p4(S)                            1.000000         220            9              9              
             p5(S)                            1.000000         221            10             10             
             p6(S)                            1.000000         222            11             11             
             p7(S)                            1.000000         223            12             12             
             C6H6.(S)                         1.000000         224            13             13             
             C6H6(S)                          1.000000         225            14             14             
             C6H5#(S)                         1.000000         226            15             15             
             C6H5.(S)                         1.000000         227            16             16             
             C10H8.(1)(S)                     1.000000         228            17             17             
             C10H8(1)(S)                      1.000000         229            18             18             
             phenylac.1(S)                     1.000000         230            19             19             
             styrene.1(S)                     1.000000         231            20             20             
             styrene1(S)                      1.000000         232            21             21             
             CCH(S)                           1.000000         233            22             22             
             CHCH2(S)                         1.000000         234            23             23             
             CH3(S)                           1.000000         235            24             24             
             CH2.(S)                          1.000000         236            25             25             
             CH2c5(S)                         1.000000         237            26             26             
             CH.c5(S)                         1.000000         238            27             27             
             CHCH3c5(S)                       1.000000         239            28             28             
             C.CH3c5(S)                       1.000000         240            29             29             
             Hz(S)                            1.000000         241            30             30             
             C.z(S)                           1.000000         242            31             31             
             CHCH.z(S)                        1.000000         243            32             32             
             CHCHCH3z(S)                      1.000000         244            33             33             
             CHCHCH2.z(S)                     1.000000         245            34             34             
             CH2CH2.z(S)                      1.000000         246            35             35             
             CH2CH2CH3z(S)                     1.000000         247            36             36             
             CH.CH2CH3z(S)                     1.000000         248            37             37             
             CH2CH3z(S)                       1.000000         249            38             38             
             CH3z(S)                          1.000000         250            39             39             
             CH2.z(S)                         1.000000         251            40             40             
             CH2CHCH.z(S)                     1.000000         252            41             41             
             CH2CH2CH2.z(S)                     1.000000         253            42             42             
             CH2Bz(S)                         1.000000         254            43             43             
             CH2CH2z(S)                       1.000000         255            44             44             
             CHCHz(S)                         1.000000         256            45             45             
             CH.Bz(S)                         1.000000         257            46             46             
             CHCH3Bz(S)                       1.000000         258            47             47             
             C.CH3Bz(S)                       1.000000         259            48             48             
             CCH2Bz(S)                        1.000000         260            49             49             
             CCH.Bz(S)                        1.000000         261            50             50             
             CCHCH3Bz(S)                      1.000000         262            51             51             
             CCHCH2.Bz(S)                     1.000000         263            52             52             
             CHC.z(S)                         1.000000         264            53             53             
             CHCCH3z(S)                       1.000000         265            54             54             
             CHCCH2.z(S)                      1.000000         266            55             55             
             CHCCH2c5z(S)                     1.000000         267            56             56             
             CHCCH.c5z(S)                     1.000000         268            57             57             
             CHCCHCH3c5z(S)                     1.000000         269            58             58             
             CHCC.CH3c5z(S)                     1.000000         270            59             59             
             CHCCHCH.z(S)                     1.000000         271            60             60             
             CHCCH2CH2.z(S)                     1.000000         272            61             61             
             CHC.CH3z(S)                      1.000000         273            62             62             
             CHCHCH.Bz(S)                     1.000000         274            63             63             
             CHCH2CH2.Bz(S)                     1.000000         275            64             64             
             CHCHCHBz(S)                      1.000000         276            65             65             
             CHCH2CH2Bz(S)                     1.000000         277            66             66             

       ------------------------------------------------------------------------------------------------------------------
       Bulk phases:        density[g/cm3]     global-index   local-index   internal-index
       ------------------------------------------------------------------------------------------------------------------
       1. BULK1            
             C(B)        1.750000         278            1              1              

--------------------------------------------------------------------------------------------------------
                                  CHEMICAL REACTIONS                                                  

                         Units: [kmol, m3, s] and [cal/mol]                                           
--------------------------------------------------------------------------------------------------------


      1. H + H(S) + C(B)  => H2 + C.(S) 
         k:       5.000000e+04	    1.80      16800.00


      2. H2 + C.(S)  => H + H(S) + C(B) 
         k:       1.450000e+04	    1.80       8734.00


      3. CH3 + H(S) + C(B)  => CH4 + C.(S) 
         k:       6.660000e+08	    0.00      15000.00


      4. CH4 + C.(S)  => CH3 + H(S) + C(B) 
         k:       1.470000e+09	    0.00       7370.00


      5. C2H3 + H(S) + C(B)  => C2H4 + C.(S) 
         k:       1.000000e+08	    0.00      13000.00


      6. C2H4 + C.(S)  => C2H3 + H(S) + C(B) 
         k:       4.720000e+08	    0.00       9866.00


      7. C2H5 + H(S) + C(B)  => C2H6 + C.(S) 
         k:       1.000000e+08	    0.00      15000.00


      8. C2H6 + C.(S)  => C2H5 + H(S) + C(B) 
         k:       5.100000e+08	    0.00       2608.00


      9. C4H3 + H(S) + C(B)  => C4H4 + C.(S) 
         k:       1.050000e+08	    0.00      20000.00


     10. C4H4 + C.(S)  => C4H3 + H(S) + C(B) 
         k:       8.010000e+09	    0.00       -620.00


     11. CH2CHCH2 + H(S) + C(B)  => C3H6 + C.(S) 
         k:       1.050000e+08	    0.00      20000.00


     12. C3H6 + C.(S)  => CH2CHCH2 + H(S) + C(B) 
         k:       4.540000e+07	    0.00      -5888.00


     13. C7H7 + H(S) + C(B)  => C7H8 + C.(S) 
         k:       7.630000e+10	    0.00      35866.00


     14. C7H8 + C.(S)  => C7H7 + H(S) + C(B) 
         k:       7.900000e+10	    0.00      12000.00


     15. INDENYL + H(S) + C(B)  => INDENE + C.(S) 
         k:       6.400000e+10	    0.00      42637.00


     16. INDENE + C.(S)  => INDENYL + H(S) + C(B) 
         k:       1.000000e+11	    0.00      12000.00


     17. H(S) + C(B)  => H + C.(S) 
         k:       1.780000e+16	    0.00     112512.00


     18. H + C.(S)  => H(S) + C(B) 
         k:       1.000000e+11	    0.00          0.00


     19. C2H2 + C.(S)  => CHCH.(S) + C(B) 
         k:       4.150000e+19	   -2.70      17464.00


     20. CHCH.(S) + C(B)  => C2H2 + C.(S) 
         k:       3.010000e+46	  -10.50      50746.00


     21. CHCH.(S)  => 2H(S) + 2C(B) 
         k:       2.300000e+11	    0.00        400.00
         Coverage dependent parameters for species H(S): 
                  0.00	1.00	0.00	


     22. H(S)  => H 
         k:       2.300000e+11	    0.00        400.00
         Coverage dependent parameters for species CHCH.(S): 
                  0.00	1.00	0.00	


     23. CHCH.(S)  => 2H(S) + 2C(B) 
         k:       8.130000e+09	    0.10       2090.00
         Coverage dependent parameters for species C.(S): 
                  0.00	1.00	0.00	


     24. C.(S)  => C(B) 
         k:       8.130000e+09	    0.10       2090.00
         Coverage dependent parameters for species CHCH.(S): 
                  0.00	1.00	0.00	


     25. C2H4 + C.(S)  => CH2CH2.(S) + C(B) 
         k:       1.250000e+09	    0.00       6200.00


     26. CH2CH2.(S) + C(B)  => C2H4 + C.(S) 
         k:       3.010000e+46	  -10.50      50746.00


     27. CH2CH2.(S)  => CH2CH2(S) 
         k:       2.300000e+11	    0.00        400.00
         Coverage dependent parameters for species H(S): 
                  0.00	1.00	0.00	


     28. H(S)  => H 
         k:       2.300000e+11	    0.00        400.00
         Coverage dependent parameters for species CH2CH2.(S): 
                  0.00	1.00	0.00	


     29. H + CH2CH2(S)  => H2 + CH.CH2(S) 
         k:       1.100000e+02	    2.50      -1900.00


     30. H2 + CH.CH2(S)  => H + CH2CH2(S) 
         k:       8.990000e+00	    2.50      26362.00


     31. CH3 + CH2CH2(S)  => CH4 + CH.CH2(S) 
         k:       2.000000e+08	    0.00       7300.00


     32. CH4 + CH.CH2(S)  => CH3 + CH2CH2(S) 
         k:       5.000000e+08	    0.00      35992.00


     33. CH2CH2(S)  => H + CH.CH2(S) 
         k:       2.600000e+14	    0.00      77100.00


     34. H + CH.CH2(S)  => CH2CH2(S) 
         k:       4.970000e+09	    0.00        915.50


     35. CH2CH2(S)  => H2 + 2H(S) + 2C(B) 
         k:       2.510000e+13	    0.00      59034.00


     36. CH.CH2(S)  => H + 2H(S) + 2C(B) 
         k:       4.960000e+11	    0.00      20733.00


     37. PC3H4 + C.(S)  => p1(S) + C(B) 
         k:       8.300000e+19	   -2.70      17464.00


     38. p1(S) + C(B)  => PC3H4 + C.(S) 
         k:       3.010000e+46	  -10.50      50746.00


     39. p1(S)  => H(S) + CH3(S) + 2C(B) 
         k:       2.300000e+11	    0.00        400.00
         Coverage dependent parameters for species H(S): 
                  0.00	1.00	0.00	


     40. H(S)  => H 
         k:       2.300000e+11	    0.00        400.00
         Coverage dependent parameters for species p1(S): 
                  0.00	1.00	0.00	


     41. C3H6 + C.(S)  => p3(S) + C(B) 
         k:       2.500000e+09	    0.00       6200.00


     42. p3(S)  => p4(S) 
         k:       2.300000e+11	    0.00        400.00
         Coverage dependent parameters for species H(S): 
                  0.00	1.00	0.00	


     43. H(S)  => H 
         k:       2.300000e+11	    0.00        400.00
         Coverage dependent parameters for species p3(S): 
                  0.00	1.00	0.00	


     44. H + p4(S)  => H2 + p5(S) 
         k:       1.100000e+02	    2.50      -1900.00


     45. H2 + p5(S)  => H + p4(S) 
         k:       8.990000e+00	    2.50      26362.00


     46. CH3 + p4(S)  => CH4 + p5(S) 
         k:       2.000000e+08	    0.00       7300.00


     47. CH4 + p5(S)  => CH3 + p4(S) 
         k:       5.000000e+08	    0.00      35922.00


     48. p4(S)  => H + p5(S) 
         k:       2.600000e+14	    0.00      77100.00


     49. H + p5(S)  => p4(S) 
         k:       4.970000e+09	    0.00        915.00


     50. p5(S)  => H + H(S) + CH3(S) + 2C(B) 
         k:       4.960000e+11	    0.00      20733.00


     51. p5(S)  => CH3 + 2H(S) + 2C(B) 
         k:       1.200000e+13	   -0.10      30200.00


     52. AC3H4 + C.(S)  => p6(S) + C(B) 
         k:       2.500000e+09	    0.00       6200.00


     53. p6(S)  => p7(S) 
         k:       2.300000e+11	    0.00        400.00
         Coverage dependent parameters for species H(S): 
                  0.00	1.00	0.00	


     54. H(S)  => H 
         k:       2.300000e+11	    0.00        400.00
         Coverage dependent parameters for species p6(S): 
                  0.00	1.00	0.00	


     55. H + p7(S)  => H2 + H(S) + CH2.(S) + 2C(B) 
         k:       1.100000e+02	    2.50      -1900.00


     56. CH3 + p7(S)  => CH4 + H(S) + CH2.(S) + 2C(B) 
         k:       2.000000e+08	    0.00       7300.00


     57. p7(S)  => H + H(S) + CH2.(S) + 2C(B) 
         k:       2.600000e+14	    0.00      77100.00


     58. C6H6 + C.(S)  => C6H6.(S) + C(B) 
         k:       3.260000e+09	    0.00       6400.00


     59. C6H6.(S) + C(B)  => C6H6 + C.(S) 
         k:       3.010000e+46	  -10.50      50746.00


     60. C6H6.(S)  => C6H6(S) 
         k:       2.300000e+11	    0.00        400.00
         Coverage dependent parameters for species H(S): 
                  0.00	1.00	0.00	


     61. H(S)  => H 
         k:       2.300000e+11	    0.00        400.00
         Coverage dependent parameters for species C6H6.(S): 
                  0.00	1.00	0.00	


     62. H + C6H6(S)  => H2 + C6H5.(S) 
         k:       1.100000e+02	    2.50      -1900.00


     63. H2 + C6H5.(S)  => H + C6H6(S) 
         k:       8.990000e+00	    2.50      26362.00


     64. CH3 + C6H6(S)  => CH4 + C6H5.(S) 
         k:       2.000000e+08	    0.00       7300.00


     65. CH4 + C6H5.(S)  => CH3 + C6H6(S) 
         k:       5.000000e+08	    0.00      35992.00


     66. C6H6(S)  => H + C6H5.(S) 
         k:       2.600000e+14	    0.00      77100.00


     67. H + C6H5.(S)  => C6H6(S) 
         k:       4.970000e+09	    0.00        915.50


     68. C6H5.(S)  => H + 4H(S) + 6C(B) 
         k:       4.960000e+11	    0.00      20733.00


     69. C6H5 + C.(S)  => C6H5#(S) + C(B) 
         k:       3.000000e+09	    0.00          0.00


     70. C6H5#(S) + C(B)  => C6H5 + C.(S) 
         k:       4.300000e+15	    0.00     112695.00


     71. C6H5#(S)  => C6H5.(S) 
         k:       2.300000e+11	    0.00        400.00
         Coverage dependent parameters for species C.(S): 
                  0.00	1.00	0.00	


     72. C.(S)  => C(B) 
         k:       2.300000e+11	    0.00        400.00
         Coverage dependent parameters for species C6H5#(S): 
                  0.00	1.00	0.00	


     73. C10H8 + C.(S)  => C10H8.(1)(S) + C(B) 
         k:       3.260000e+09	    0.00       6400.00


     74. C10H8.(1)(S)  => C10H8(1)(S) 
         k:       2.300000e+11	    0.00        400.00
         Coverage dependent parameters for species H(S): 
                  0.00	1.00	0.00	


     75. H(S)  => H 
         k:       2.300000e+11	    0.00        400.00
         Coverage dependent parameters for species C10H8.(1)(S): 
                  0.00	1.00	0.00	


     76. C10H8(1)(S)  => H2 + 6H(S) + 10C(B) 
         k:       2.510000e+13	    0.00      59034.00


     77. C6H5C2H3 + C.(S)  => styrene.1(S) + C(B) 
         k:       2.500000e+09	    0.00       6200.00


     78. styrene.1(S)  => styrene1(S) 
         k:       2.300000e+11	    0.00        400.00
         Coverage dependent parameters for species H(S): 
                  0.00	1.00	0.00	


     79. H(S)  => H 
         k:       2.300000e+11	    0.00        400.00
         Coverage dependent parameters for species styrene.1(S): 
                  0.00	1.00	0.00	


     80. styrene1(S)  => H2 + H(S) + C6H5#(S) + 2C(B) 
         k:       2.510000e+13	    0.00      59034.00


     81. C2H + C.(S)  => CCH(S) + C(B) 
         k:       2.810000e+09	    0.00          0.00


     82. CCH(S) + C(B)  => C2H + C.(S) 
         k:       3.780000e+15	    0.00     138500.00


     83. C2H + H(S)  => H + CCH(S) 
         k:       1.320000e+08	    0.00       6400.00


     84. H + CCH(S)  => C2H + H(S) 
         k:       3.590000e+09	    0.00      28580.00


     85. CCH(S)  => H(S) + C.(S) + C(B) 
         k:       2.300000e+11	    0.00        400.00
         Coverage dependent parameters for species C.(S): 
                  0.00	1.00	0.00	


     86. C.(S)  => C(B) 
         k:       2.300000e+11	    0.00        400.00
         Coverage dependent parameters for species CCH(S): 
                  0.00	1.00	0.00	


     87. C2H3 + C.(S)  => CHCH2(S) + C(B) 
         k:       5.000000e+09	    0.00          0.00


     88. CHCH2(S) + C(B)  => C2H3 + C.(S) 
         k:       7.510000e+15	    0.00     111255.00


     89. C2H3 + H(S)  => H + CHCH2(S) 
         k:       1.320000e+08	    0.00       6400.00


     90. H + CHCH2(S)  => C2H3 + H(S) 
         k:       6.680000e+09	    0.00       5143.00


     91. CHCH2(S)  => CH.CH2(S) 
         k:       2.300000e+11	    0.00        400.00
         Coverage dependent parameters for species C.(S): 
                  0.00	1.00	0.00	


     92. C.(S)  => C(B) 
         k:       2.300000e+11	    0.00        400.00
         Coverage dependent parameters for species CHCH2(S): 
                  0.00	1.00	0.00	


     93. H + CHCH2(S)  => H2 + CHCH.(S) 
         k:       2.050000e+04	    1.90      12950.00


     94. H2 + CHCH.(S)  => H + CHCH2(S) 
         k:       1.560000e+03	    1.90       8018.00


     95. CH3 + CHCH2(S)  => CH4 + CHCH.(S) 
         k:       3.150000e+08	    0.00      16000.00


     96. CH4 + CHCH.(S)  => CH3 + CHCH2(S) 
         k:       5.890000e+08	    0.00      11498.00


     97. CH3 + C.(S)  => CH3(S) + C(B) 
         k:       3.000000e+10	    0.00          0.00


     98. CH3(S) + C(B)  => CH3 + C.(S) 
         k:       1.040000e+16	    0.00      99658.00


     99. CH3 + H(S)  => H + CH3(S) 
         k:       7.500000e+09	    0.00      20954.00


    100. H + CH3(S)  => CH3 + H(S) 
         k:       1.740000e+11	    0.00       8100.00


    101. H + CH3(S)  => H2 + CH2.(S) 
         k:       3.400000e-01	    3.40       3100.00


    102. H2 + CH2.(S)  => H + CH3(S) 
         k:       4.750000e-02	    3.40      18901.00


    103. CH3 + CH3(S)  => CH4 + CH2.(S) 
         k:       1.600000e+09	    0.00      11000.00


    104. CH4 + CH2.(S)  => CH3 + CH3(S) 
         k:       6.830000e+09	    0.00      27331.00


    105. CH3(S)  => H + CH2.(S) 
         k:       1.530000e+15	    0.00      88645.00


    106. H + CH2.(S)  => CH3(S) 
         k:       5.000000e+10	    0.00          0.00


    107. CH2.(S)  => CH2c5(S) 
         k:       3.600000e+11	    0.00      14300.00
         Coverage dependent parameters for species H(S): 
                  0.00	1.00	0.00	


    108. H(S)  => H 
         k:       3.600000e+11	    0.00      14300.00
         Coverage dependent parameters for species CH2.(S): 
                  0.00	1.00	0.00	


    109. H + CH2c5(S)  => H2 + CH.c5(S) 
         k:       2.200000e+05	    1.80       3000.00


    110. H2 + CH.c5(S)  => H + CH2c5(S) 
         k:       1.040000e+04	    1.80      24000.00


    111. CH3 + CH2c5(S)  => CH4 + CH.c5(S) 
         k:       3.100000e+08	    0.00       5500.00


    112. CH4 + CH.c5(S)  => CH3 + CH2c5(S) 
         k:       4.500000e+08	    0.00      26984.00


    113. CH2c5(S)  => H + CH.c5(S) 
         k:       9.000000e+15	    0.00      83482.00


    114. H + CH.c5(S)  => CH2c5(S) 
         k:       2.000000e+10	    0.00          0.00


    115. CH3 + CH.c5(S)  => CHCH3c5(S) 
         k:       1.000000e+10	    0.00          0.00


    116. CHCH3c5(S)  => CH3 + CH.c5(S) 
         k:       1.450000e+16	    0.00      70118.00


    117. H + CHCH3c5(S)  => H2 + C.CH3c5(S) 
         k:       2.200000e+05	    1.80       3000.00


    118. H2 + C.CH3c5(S)  => H + CHCH3c5(S) 
         k:       2.360000e+04	    1.80      31305.00


    119. CH3 + CHCH3c5(S)  => CH4 + C.CH3c5(S) 
         k:       3.100000e+08	    0.00       5500.00


    120. CH4 + C.CH3c5(S)  => CH3 + CHCH3c5(S) 
         k:       1.020000e+09	    0.00      34236.00


    121. CHCH3c5(S)  => H + C.CH3c5(S) 
         k:       4.000000e+15	    0.00      76140.00


    122. H + C.CH3c5(S)  => CHCH3c5(S) 
         k:       1.000000e+11	    0.00          0.00


    123. C.CH3c5(S)  => H + 2H(S) + 2C(B) 
         k:       3.000000e+13	    0.00      51500.00


    124. C.CH3c5(S)  => CH.CH2(S) 
         k:       5.540000e+10	    0.00      30474.00


    125. CH3 + CH2c5(S)  => H + CHCH3c5(S) 
         k:       5.730000e+08	    0.00      14563.00


    126. H + CHCH3c5(S)  => CH3 + CH2c5(S) 
         k:       1.000000e+10	    0.00       1200.00


    127. H + Hz(S) + C(B)  => H2 + C.z(S) 
         k:       5.000000e+04	    1.80      16800.00


    128. H2 + C.z(S)  => H + Hz(S) + C(B) 
         k:       1.450000e+04	    1.80       8734.00


    129. CH3 + Hz(S) + C(B)  => CH4 + C.z(S) 
         k:       6.660000e+08	    0.00      15000.00


    130. CH4 + C.z(S)  => CH3 + Hz(S) + C(B) 
         k:       1.470000e+09	    0.00       7370.00


    131. Hz(S) + C(B)  => H + C.z(S) 
         k:       1.780000e+16	    0.00     112512.00


    132. H + C.z(S)  => Hz(S) + C(B) 
         k:       1.000000e+11	    0.00          0.00


    133. C2H2 + C.z(S)  => CHCH.z(S) + C(B) 
         k:       4.150000e+19	   -2.70      17464.00


    134. CHCH.z(S) + C(B)  => C2H2 + C.z(S) 
         k:       3.010000e+46	  -10.50      50746.00


    135. CH3 + CHCH.z(S)  => CHCHCH3z(S) 
         k:       6.260000e+09	    0.00          0.00


    136. CHCHCH3z(S)  => CH3 + CHCH.z(S) 
         k:       9.120000e+14	    0.00      97540.00


    137. H + CHCHCH3z(S)  => H2 + CHCHCH2.z(S) 
         k:       1.700000e+02	    2.50       2490.00


    138. H2 + CHCHCH2.z(S)  => H + CHCHCH3z(S) 
         k:       5.680000e+01	    2.50      20312.00


    139. CH3 + CHCHCH3z(S)  => CH4 + CHCHCH2.z(S) 
         k:       2.200000e-03	    3.50       5675.00


    140. CH4 + CHCHCH2.z(S)  => CH3 + CHCHCH3z(S) 
         k:       2.250000e-02	    3.50      23928.00


    141. CHCHCH3z(S)  => H + CHCHCH2.z(S) 
         k:       2.180000e+15	    0.00      86629.00


    142. H + CHCHCH2.z(S)  => CHCHCH3z(S) 
         k:       1.800000e+10	    0.00          0.00


    143. CHCHCH2.z(S)  => CH2Bz(S) + CHCHz(S) 
         k:       2.300000e+11	    0.00        400.00
         Coverage dependent parameters for species Hz(S): 
                  0.00	1.00	0.00	


    144. Hz(S)  => H 
         k:       2.300000e+11	    0.00        400.00
         Coverage dependent parameters for species CHCHCH2.z(S): 
                  0.00	1.00	0.00	


    145. C2H4 + C.z(S)  => CH2CH2.z(S) + C(B) 
         k:       1.250000e+09	    0.00       6200.00


    146. CH2CH2.z(S) + C(B)  => C2H4 + C.z(S) 
         k:       3.010000e+46	  -10.50      50746.00


    147. CH3 + CH2CH2.z(S)  => CH2CH2CH3z(S) 
         k:       6.450000e+09	    0.00          0.00


    148. CH2CH2CH3z(S)  => CH3 + CH2CH2.z(S) 
         k:       5.540000e+14	    0.00      84480.00


    149. H + CH2CH2CH3z(S)  => H2 + CH.CH2CH3z(S) 
         k:       3.790000e+11	    0.00      12359.00


    150. H2 + CH.CH2CH3z(S)  => H + CH2CH2CH3z(S) 
         k:       5.170000e+10	    0.00      32149.00


    151. CH2CH2CH3z(S)  => H + CH.CH2CH3z(S) 
         k:       3.210000e+15	    0.00      84665.00


    152. H + CH.CH2CH3z(S)  => CH2CH2CH3z(S) 
         k:       1.000000e+11	    0.00          0.00


    153. CH.CH2CH3z(S)  => H + CHCHCH3z(S) 
         k:       1.000000e+14	    0.00      51500.00


    154. H + CHCHCH3z(S)  => CH.CH2CH3z(S) 
         k:       3.120000e+10	    0.00       4347.00


    155. CH3 + CH2.z(S)  => CH2CH3z(S) 
         k:       5.000000e+09	    0.00          0.00


    156. CH2CH3z(S)  => CH3 + CH2.z(S) 
         k:       3.380000e+15	    0.00      73551.00


    157. H + CH2CH3z(S)  => H2 + CH2CH2.z(S) 
         k:       7.000000e+05	    1.50       7400.00


    158. H2 + CH2CH2.z(S)  => H + CH2CH3z(S) 
         k:       9.960000e+04	    1.50      11725.00


    159. CH3 + CH2CH3z(S)  => CH4 + CH2CH2.z(S) 
         k:       7.500000e-11	    6.00       5800.00


    160. CH4 + CH2CH2.z(S)  => CH3 + CH2CH3z(S) 
         k:       1.300000e-10	    6.00      10556.00


    161. CH2CH3z(S)  => H + CH2CH2.z(S) 
         k:       9.900000e+13	    0.00     100140.00


    162. H + CH2CH2.z(S)  => CH2CH3z(S) 
         k:       3.340000e+09	    0.00          0.00


    163. CH3 + C.z(S)  => CH3z(S) + C(B) 
         k:       3.000000e+10	    0.00          0.00


    164. CH3z(S) + C(B)  => CH3 + C.z(S) 
         k:       1.040000e+16	    0.00      99658.00


    165. CH3 + Hz(S)  => H + CH3z(S) 
         k:       7.500000e+09	    0.00      20954.00


    166. H + CH3z(S)  => CH3 + Hz(S) 
         k:       1.740000e+11	    0.00       8100.00


    167. H + CH3z(S)  => H2 + CH2.z(S) 
         k:       3.400000e-01	    3.40       3100.00


    168. H2 + CH2.z(S)  => H + CH3z(S) 
         k:       4.750000e-02	    3.40      18901.00


    169. CH3 + CH3z(S)  => CH4 + CH2.z(S) 
         k:       1.600000e+09	    0.00      11000.00


    170. CH4 + CH2.z(S)  => CH3 + CH3z(S) 
         k:       6.830000e+09	    0.00      27331.00


    171. CH3z(S)  => H + CH2.z(S) 
         k:       1.530000e+15	    0.00      88645.00


    172. H + CH2.z(S)  => CH3z(S) 
         k:       5.000000e+10	    0.00          0.00


    173. C2H2 + CH2.z(S)  => CH2CHCH.z(S) 
         k:       3.200000e+10	    0.00      24480.00


    174. CH2CHCH.z(S)  => CH2Bz(S) + CHCHz(S) 
         k:       2.300000e+11	    0.00        400.00
         Coverage dependent parameters for species Hz(S): 
                  0.00	1.00	0.00	


    175. Hz(S)  => H 
         k:       2.300000e+11	    0.00        400.00
         Coverage dependent parameters for species CH2CHCH.z(S): 
                  0.00	1.00	0.00	


    176. C2H4 + CH2.z(S)  => CH2CH2CH2.z(S) 
         k:       3.200000e+10	    0.00      28480.00


    177. CH2CH2CH2.z(S)  => CH2Bz(S) + CH2CH2z(S) 
         k:       2.300000e+11	    0.00        400.00
         Coverage dependent parameters for species Hz(S): 
                  0.00	1.00	0.00	


    178. Hz(S)  => H 
         k:       2.300000e+11	    0.00        400.00
         Coverage dependent parameters for species CH2CH2CH2.z(S): 
                  0.00	1.00	0.00	


    179. CH2CH2z(S)  => H2 + CHCHz(S) 
         k:       2.510000e+13	    0.00      59034.00


    180. H + CH2Bz(S)  => H2 + CH.Bz(S) 
         k:       2.200000e+05	    1.80       3000.00


    181. H2 + CH.Bz(S)  => H + CH2Bz(S) 
         k:       1.040000e+04	    1.80      24000.00


    182. CH3 + CH2Bz(S)  => CH4 + CH.Bz(S) 
         k:       3.100000e+08	    0.00       5500.00


    183. CH4 + CH.Bz(S)  => CH3 + CH2Bz(S) 
         k:       4.500000e+08	    0.00      26984.00


    184. CH2Bz(S)  => H + CH.Bz(S) 
         k:       9.000000e+15	    0.00      83482.00


    185. H + CH.Bz(S)  => CH2Bz(S) 
         k:       2.000000e+10	    0.00          0.00


    186. CH3 + CH.Bz(S)  => CHCH3Bz(S) 
         k:       1.000000e+10	    0.00          0.00


    187. CHCH3Bz(S)  => CH3 + CH.Bz(S) 
         k:       1.450000e+16	    0.00      70118.00


    188. H + CHCH3Bz(S)  => H2 + C.CH3Bz(S) 
         k:       2.200000e+05	    1.80       3000.00


    189. H2 + C.CH3Bz(S)  => H + CHCH3Bz(S) 
         k:       2.360000e+04	    1.80      31305.00


    190. CH3 + CHCH3Bz(S)  => CH4 + C.CH3Bz(S) 
         k:       3.100000e+08	    0.00       5500.00


    191. CH4 + C.CH3Bz(S)  => CH3 + CHCH3Bz(S) 
         k:       1.020000e+09	    0.00      34236.00


    192. CHCH3Bz(S)  => H + C.CH3Bz(S) 
         k:       4.000000e+15	    0.00      76140.00


    193. H + C.CH3Bz(S)  => CHCH3Bz(S) 
         k:       1.000000e+11	    0.00          0.00


    194. H + CCH2Bz(S)  => H2 + CCH.Bz(S) 
         k:       2.550000e+04	    1.90      12950.00


    195. H2 + CCH.Bz(S)  => H + CCH2Bz(S) 
         k:       1.560000e+03	    1.90       8018.00


    196. CH3 + CCH2Bz(S)  => CH4 + CCH.Bz(S) 
         k:       3.150000e+08	    0.00      16000.00


    197. CH4 + CCH.Bz(S)  => CH3 + CCH2Bz(S) 
         k:       5.890000e+08	    0.00      11498.00


    198. CH3 + CCH2Bz(S)  => H + CCHCH3Bz(S) 
         k:       3.300000e+08	    0.00      15900.00


    199. H + CCHCH3Bz(S)  => CH3 + CCH2Bz(S) 
         k:       7.860000e+09	    0.00       3836.00


    200. CH3 + CCH.Bz(S)  => CCHCH3Bz(S) 
         k:       2.500000e+10	    0.00          0.00


    201. CCHCH3Bz(S)  => CH3 + CCH.Bz(S) 
         k:       4.150000e+16	    0.00      97315.00


    202. H + CCHCH3Bz(S)  => H2 + CCHCH2.Bz(S) 
         k:       1.700000e+02	    2.50       2490.00


    203. H2 + CCHCH2.Bz(S)  => H + CCHCH3Bz(S) 
         k:       5.680000e+01	    2.50      20312.00


    204. CH3 + CCHCH3Bz(S)  => CH4 + CCHCH2.Bz(S) 
         k:       2.200000e-03	    3.50       5675.00


    205. CH4 + CCHCH2.Bz(S)  => CH3 + CCHCH3Bz(S) 
         k:       2.250000e-02	    3.50      23928.00


    206. CCHCH3Bz(S)  => H + CCHCH2.Bz(S) 
         k:       2.180000e+15	    0.00      86630.00


    207. H + CCHCH2.Bz(S)  => CCHCH3Bz(S) 
         k:       1.800000e+10	    0.00          0.00


    208. CCHCH2.Bz(S)  => Hz(S) + CH2Bz(S) + 2C(B) 
         k:       3.600000e+11	    0.00      14300.00
         Coverage dependent parameters for species Hz(S): 
                  0.00	1.00	0.00	


    209. Hz(S)  => H 
         k:       3.600000e+11	    0.00      14300.00
         Coverage dependent parameters for species CCHCH2.Bz(S): 
                  0.00	1.00	0.00	


    210. CCH2Bz(S)  => H + Hz(S) + 2C(B) 
         k:       3.600000e+11	    0.00      14300.00
         Coverage dependent parameters for species CHC.z(S): 
                  0.00	1.00	0.00	


    211. CHC.z(S)  => Hz(S) + 2C(B) 
         k:       3.600000e+11	    0.00      14300.00
         Coverage dependent parameters for species CCH2Bz(S): 
                  0.00	1.00	0.00	


    212. CCH.Bz(S)  => Hz(S) + 2C(B) 
         k:       3.600000e+11	    0.00      14300.00
         Coverage dependent parameters for species CHCHz(S): 
                  0.00	1.00	0.00	


    213. CHCHz(S)  => H + Hz(S) + 2C(B) 
         k:       3.600000e+11	    0.00      14300.00
         Coverage dependent parameters for species CCH.Bz(S): 
                  0.00	1.00	0.00	


    214. H + CHCHz(S)  => H2 + CHC.z(S) 
         k:       5.000000e+04	    1.80      16800.00


    215. H2 + CHC.z(S)  => H + CHCHz(S) 
         k:       1.450000e+04	    1.80       8734.00


    216. CH3 + CHCHz(S)  => CH4 + CHC.z(S) 
         k:       6.660000e+08	    0.00      15000.00


    217. CH4 + CHC.z(S)  => CH3 + CHCHz(S) 
         k:       1.470000e+09	    0.00       7370.00


    218. CH3 + CHCHz(S)  => H + CHCCH3z(S) 
         k:       7.500000e+09	    0.00      20954.00


    219. H + CHCCH3z(S)  => CH3 + CHCHz(S) 
         k:       1.740000e+11	    0.00       8100.00


    220. CHCHz(S)  => H + CHC.z(S) 
         k:       1.780000e+16	    0.00     112512.00


    221. H + CHC.z(S)  => CHCHz(S) 
         k:       1.000000e+11	    0.00          0.00


    222. C2H2 + CHC.z(S)  => CHCCHCH.z(S) 
         k:       4.150000e+19	   -2.70      17464.00


    223. CHCCHCH.z(S)  => C2H2 + CHC.z(S) 
         k:       3.010000e+46	  -10.50      50746.00


    224. CHCCHCH.z(S)  => Hz(S) + CHCHz(S) + 2C(B) 
         k:       3.600000e+11	    0.00      14300.00
         Coverage dependent parameters for species Hz(S): 
                  0.00	1.00	0.00	


    225. Hz(S)  => H 
         k:       3.600000e+11	    0.00      14300.00
         Coverage dependent parameters for species CHCCHCH.z(S): 
                  0.00	1.00	0.00	


    226. C2H4 + CHC.z(S)  => CHCCH2CH2.z(S) 
         k:       1.250000e+09	    0.00       6200.00


    227. CHCCH2CH2.z(S)  => C2H4 + CHC.z(S) 
         k:       3.010000e+46	  -10.50      50746.00


    228. CHCCH2CH2.z(S)  => Hz(S) + CH2CH2z(S) + 2C(B) 
         k:       3.600000e+11	    0.00      14300.00
         Coverage dependent parameters for species Hz(S): 
                  0.00	1.00	0.00	


    229. Hz(S)  => H 
         k:       3.600000e+11	    0.00      14300.00
         Coverage dependent parameters for species CHCCH2CH2.z(S): 
                  0.00	1.00	0.00	


    230. CH3 + CHC.z(S)  => CHCCH3z(S) 
         k:       3.000000e+10	    0.00          0.00


    231. CHCCH3z(S)  => CH3 + CHC.z(S) 
         k:       1.040000e+16	    0.00      99658.00


    232. H + CHCCH3z(S)  => H2 + CHCCH2.z(S) 
         k:       3.400000e-01	    3.40       3100.00


    233. H2 + CHCCH2.z(S)  => H + CHCCH3z(S) 
         k:       4.750000e-02	    3.40      18901.00


    234. CH3 + CHCCH3z(S)  => CH4 + CHCCH2.z(S) 
         k:       1.600000e+09	    0.00      11000.00


    235. CH4 + CHCCH2.z(S)  => CH3 + CHCCH3z(S) 
         k:       6.830000e+09	    0.00      27331.00


    236. CHCCH3z(S)  => H + CHCCH2.z(S) 
         k:       1.530000e+15	    0.00      88645.00


    237. H + CHCCH2.z(S)  => CHCCH3z(S) 
         k:       5.000000e+10	    0.00          0.00


    238. CHCCH2.z(S)  => CHCCH2c5z(S) 
         k:       3.600000e+11	    0.00      14300.00
         Coverage dependent parameters for species Hz(S): 
                  0.00	1.00	0.00	


    239. Hz(S)  => H 
         k:       3.600000e+11	    0.00      14300.00
         Coverage dependent parameters for species CHCCH2.z(S): 
                  0.00	1.00	0.00	


    240. H + CHCCH2c5z(S)  => H2 + CHCCH.c5z(S) 
         k:       2.200000e+05	    1.80       3000.00


    241. H2 + CHCCH.c5z(S)  => H + CHCCH2c5z(S) 
         k:       1.040000e+04	    1.80      24000.00


    242. CH3 + CHCCH2c5z(S)  => CH4 + CHCCH.c5z(S) 
         k:       3.100000e+08	    0.00       5500.00


    243. CH4 + CHCCH.c5z(S)  => CH3 + CHCCH2c5z(S) 
         k:       4.500000e+08	    0.00      26984.00


    244. CHCCH2c5z(S)  => H + CHCCH.c5z(S) 
         k:       9.000000e+15	    0.00      83482.00


    245. H + CHCCH.c5z(S)  => CHCCH2c5z(S) 
         k:       2.000000e+10	    0.00          0.00


    246. CH3 + CHCCH2c5z(S)  => H + CHCCHCH3c5z(S) 
         k:       5.730000e+08	    0.00      14563.00


    247. H + CHCCHCH3c5z(S)  => CH3 + CHCCH2c5z(S) 
         k:       1.000000e+10	    0.00       1200.00


    248. CH3 + CHCCH.c5z(S)  => CHCCHCH3c5z(S) 
         k:       1.000000e+10	    0.00          0.00


    249. CHCCHCH3c5z(S)  => CH3 + CHCCH.c5z(S) 
         k:       1.450000e+16	    0.00      70118.00


    250. H + CHCCHCH3c5z(S)  => H2 + CHCC.CH3c5z(S) 
         k:       2.200000e+05	    1.80       3000.00


    251. H2 + CHCC.CH3c5z(S)  => H + CHCCHCH3c5z(S) 
         k:       2.360000e+04	    1.80      31305.00


    252. CH3 + CHCCHCH3c5z(S)  => CH4 + CHCC.CH3c5z(S) 
         k:       3.100000e+08	    0.00       5500.00


    253. CH4 + CHCC.CH3c5z(S)  => CH3 + CHCCHCH3c5z(S) 
         k:       1.020000e+09	    0.00      34236.00


    254. CHCCHCH3c5z(S)  => H + CHCC.CH3c5z(S) 
         k:       4.000000e+15	    0.00      76140.00


    255. H + CHCC.CH3c5z(S)  => CHCCHCH3c5z(S) 
         k:       1.000000e+11	    0.00          0.00


    256. CHCC.CH3c5z(S)  => H + Hz(S) + CHCHz(S) + 2C(B) 
         k:       3.000000e+13	    0.00      51500.00


    257. CHC.CH3z(S)  => CHCHCH2.z(S) 
         k:       3.000000e+10	    1.00      35700.00


    258. C2H2 + CH.Bz(S)  => CHCHCH.Bz(S) 
         k:       3.200000e+10	    0.00      24480.00


    259. CHCHCH.Bz(S)  => CHCHCHBz(S) 
         k:       2.300000e+11	    0.00        400.00
         Coverage dependent parameters for species Hz(S): 
                  0.00	1.00	0.00	


    260. Hz(S)  => H 
         k:       2.300000e+11	    0.00        400.00
         Coverage dependent parameters for species CHCHCH.Bz(S): 
                  0.00	1.00	0.00	


    261. H + CHCHCHBz(S)  => H2 + Hz(S) + CH.Bz(S) + 2C(B) 
         k:       2.200000e+05	    1.80       3000.00


    262. CH3 + CHCHCHBz(S)  => CH4 + Hz(S) + CH.Bz(S) + 2C(B) 
         k:       3.100000e+08	    0.00       5500.00


    263. CHCHCHBz(S)  => H + Hz(S) + CH.Bz(S) + 2C(B) 
         k:       8.950000e+15	    0.00      83470.00


    264. C2H4 + CH.Bz(S)  => CHCH2CH2.Bz(S) 
         k:       3.200000e+10	    0.00      28480.00


    265. CHCH2CH2.Bz(S)  => CHCH2CH2Bz(S) 
         k:       2.300000e+11	    0.00        400.00
         Coverage dependent parameters for species Hz(S): 
                  0.00	1.00	0.00	


    266. Hz(S)  => H 
         k:       2.300000e+11	    0.00        400.00
         Coverage dependent parameters for species CHCH2CH2.Bz(S): 
                  0.00	1.00	0.00	


    267. CHCH2CH2Bz(S)  => H2 + CHCHCHBz(S) 
         k:       2.510000e+13	    0.00      59034.00


